Log file open, 11/30/18 08:10:43
LogWindows: Failed to load 'aqProf.dll' (GetLastError=126)
LogWindows: File 'aqProf.dll' does not exist
LogWindows: Failed to load 'VSPerf140.dll' (GetLastError=126)
LogWindows: File 'VSPerf140.dll' does not exist
LogWindows: Failed to load 'VtuneApi.dll' (GetLastError=126)
LogWindows: File 'VtuneApi.dll' does not exist
LogWindows: Failed to load 'VtuneApi32e.dll' (GetLastError=126)
LogWindows: File 'VtuneApi32e.dll' does not exist
LogInit: Display: Running engine for game: game
LogPlatformFile: Not using cached read wrapper
LogInit: Display: RandInit(591293897) SRandInit(591293897).
LogInit: Read version file with build ID '3709383'
LogInit: Overriding engine version to CL 3832480, compatible CL 3709383
LogInit: Registered custom module enumerator with build ID '3709383'
LogTaskGraph: Started task graph with 5 named threads and 14 total threads with 3 sets of task threads.
LogStats: Stats thread started at 0.639974
LogD3D11RHI: Aftermath initialized
LogModuleManager: Display: Found up-to-date module file ../../../Engine/Plugins/2D/Paper2D/Binaries/Win64/UE4Editor-Paper2D.dll (API version 3709383).
LogModuleManager: Display: Found up-to-date module file ../../../Engine/Plugins/2D/Paper2D/Binaries/Win64/UE4Editor-Paper2DEditor.dll (API version 3709383).
LogModuleManager: Display: Found up-to-date module file ../../../Engine/Plugins/2D/Paper2D/Binaries/Win64/UE4Editor-PaperSpriteSheetImporter.dll (API version 3709383).
LogModuleManager: Display: Found up-to-date module file ../../../Engine/Plugins/2D/Paper2D/Binaries/Win64/UE4Editor-PaperTiledImporter.dll (API version 3709383).
LogModuleManager: Display: Found up-to-date module file ../../../Engine/Plugins/2D/Paper2D/Binaries/Win64/UE4Editor-SmartSnapping.dll (API version 3709383).
LogModuleManager: Display: Found up-to-date module file ../../../Engine/Plugins/Blendables/LightPropagationVolume/Binaries/Win64/UE4Editor-LightPropagationVolumeRuntime.dll (API version 3709383).
LogModuleManager: Display: Found up-to-date module file ../../../Engine/Plugins/Blendables/LightPropagationVolume/Binaries/Win64/UE4Editor-LightPropagationVolumeEditor.dll (API version 3709383).
LogModuleManager: Display: Found up-to-date module file ../../../Engine/Plugins/Developer/GitSourceControl/Binaries/Win64/UE4Editor-GitSourceControl.dll (API version 3709383).
LogModuleManager: Display: Found up-to-date module file ../../../Engine/Plugins/Developer/PerforceSourceControl/Binaries/Win64/UE4Editor-PerforceSourceControl.dll (API version 3709383).
LogModuleManager: Display: Found up-to-date module file ../../../Engine/Plugins/Developer/SubversionSourceControl/Binaries/Win64/UE4Editor-SubversionSourceControl.dll (API version 3709383).
LogModuleManager: Display: Found up-to-date module file ../../../Engine/Plugins/Developer/UObjectPlugin/Binaries/Win64/UE4Editor-UObjectPlugin.dll (API version 3709383).
LogModuleManager: Display: Found up-to-date module file ../../../Engine/Plugins/Developer/VisualStudioCodeSourceCodeAccess/Binaries/Win64/UE4Editor-VisualStudioCodeSourceCodeAccess.dll (API version 3709383).
LogModuleManager: Display: Found up-to-date module file ../../../Engine/Plugins/Developer/VisualStudioSourceCodeAccess/Binaries/Win64/UE4Editor-VisualStudioSourceCodeAccess.dll (API version 3709383).
LogModuleManager: Display: Found up-to-date module file ../../../Engine/Plugins/Editor/AssetManagerEditor/Binaries/Win64/UE4Editor-AssetManagerEditor.dll (API version 3709383).
LogModuleManager: Display: Found up-to-date module file ../../../Engine/Plugins/Editor/AudioCapture/Binaries/Win64/UE4Editor-AudioCapture.dll (API version 3709383).
LogModuleManager: Display: Found up-to-date module file ../../../Engine/Plugins/Editor/FacialAnimation/Binaries/Win64/UE4Editor-FacialAnimation.dll (API version 3709383).
LogModuleManager: Display: Found up-to-date module file ../../../Engine/Plugins/Editor/FacialAnimation/Binaries/Win64/UE4Editor-FacialAnimationEditor.dll (API version 3709383).
LogModuleManager: Display: Found up-to-date module file ../../../Engine/Plugins/Editor/GameplayTagsEditor/Binaries/Win64/UE4Editor-GameplayTagsEditor.dll (API version 3709383).
LogModuleManager: Display: Found up-to-date module file ../../../Engine/Plugins/Editor/MobileLauncherProfileWizard/Binaries/Win64/UE4Editor-MobileLauncherProfileWizard.dll (API version 3709383).
LogModuleManager: Display: Found up-to-date module file ../../../Engine/Plugins/Editor/PluginBrowser/Binaries/Win64/UE4Editor-PluginBrowser.dll (API version 3709383).
LogModuleManager: Display: Found up-to-date module file ../../../Engine/Plugins/Editor/SpeedTreeImporter/Binaries/Win64/UE4Editor-SpeedTreeImporter.dll (API version 3709383).
LogModuleManager: Display: Found up-to-date module file ../../../Engine/Plugins/Experimental/AlembicImporter/Binaries/Win64/UE4Editor-AlembicImporter.dll (API version 3709383).
LogModuleManager: Display: Found up-to-date module file ../../../Engine/Plugins/Experimental/AlembicImporter/Binaries/Win64/UE4Editor-AlembicLibrary.dll (API version 3709383).
LogModuleManager: Display: Found up-to-date module file ../../../Engine/Plugins/Experimental/CharacterAI/Binaries/Win64/UE4Editor-CharacterAI.dll (API version 3709383).
LogModuleManager: Display: Found up-to-date module file ../../../Engine/Plugins/Experimental/HTML5Networking/Binaries/Win64/UE4Editor-HTML5Networking.dll (API version 3709383).
LogModuleManager: Display: Found up-to-date module file ../../../Engine/Plugins/Media/AndroidMedia/Binaries/Win64/UE4Editor-AndroidMediaEditor.dll (API version 3709383).
LogModuleManager: Display: Found up-to-date module file ../../../Engine/Plugins/Media/AndroidMedia/Binaries/Win64/UE4Editor-AndroidMediaFactory.dll (API version 3709383).
LogModuleManager: Display: Found up-to-date module file ../../../Engine/Plugins/Media/AvfMedia/Binaries/Win64/UE4Editor-AvfMediaEditor.dll (API version 3709383).
LogModuleManager: Display: Found up-to-date module file ../../../Engine/Plugins/Media/AvfMedia/Binaries/Win64/UE4Editor-AvfMediaFactory.dll (API version 3709383).
LogModuleManager: Display: Found up-to-date module file ../../../Engine/Plugins/Media/AvfMedia/Binaries/Win64/UE4Editor-AvfMediaFactory.dll (API version 3709383).
LogModuleManager: Display: Found up-to-date module file ../../../Engine/Plugins/Media/ImgMedia/Binaries/Win64/UE4Editor-ImgMedia.dll (API version 3709383).
LogModuleManager: Display: Found up-to-date module file ../../../Engine/Plugins/Media/ImgMedia/Binaries/Win64/UE4Editor-ImgMediaEditor.dll (API version 3709383).
LogModuleManager: Display: Found up-to-date module file ../../../Engine/Plugins/Media/ImgMedia/Binaries/Win64/UE4Editor-ImgMediaFactory.dll (API version 3709383).
LogModuleManager: Display: Found up-to-date module file ../../../Engine/Plugins/Media/ImgMedia/Binaries/Win64/UE4Editor-ImgMediaFactory.dll (API version 3709383).
LogModuleManager: Display: Found up-to-date module file ../../../Engine/Plugins/Media/ImgMedia/Binaries/Win64/UE4Editor-OpenExrWrapper.dll (API version 3709383).
LogModuleManager: Display: Found up-to-date module file ../../../Engine/Plugins/Media/MediaCompositing/Binaries/Win64/UE4Editor-MediaCompositing.dll (API version 3709383).
LogModuleManager: Display: Found up-to-date module file ../../../Engine/Plugins/Media/MediaCompositing/Binaries/Win64/UE4Editor-MediaCompositingEditor.dll (API version 3709383).
LogModuleManager: Display: Found up-to-date module file ../../../Engine/Plugins/Media/MediaPlayerEditor/Binaries/Win64/UE4Editor-MediaPlayerEditor.dll (API version 3709383).
LogModuleManager: Display: Found up-to-date module file ../../../Engine/Plugins/Media/WmfMedia/Binaries/Win64/UE4Editor-WmfMedia.dll (API version 3709383).
LogModuleManager: Display: Found up-to-date module file ../../../Engine/Plugins/Media/WmfMedia/Binaries/Win64/UE4Editor-WmfMediaEditor.dll (API version 3709383).
LogModuleManager: Display: Found up-to-date module file ../../../Engine/Plugins/Media/WmfMedia/Binaries/Win64/UE4Editor-WmfMediaFactory.dll (API version 3709383).
LogModuleManager: Display: Found up-to-date module file ../../../Engine/Plugins/Media/WmfMedia/Binaries/Win64/UE4Editor-WmfMediaFactory.dll (API version 3709383).
LogModuleManager: Display: Found up-to-date module file ../../../Engine/Plugins/Messaging/TcpMessaging/Binaries/Win64/UE4Editor-TcpMessaging.dll (API version 3709383).
LogModuleManager: Display: Found up-to-date module file ../../../Engine/Plugins/Messaging/UdpMessaging/Binaries/Win64/UE4Editor-UdpMessaging.dll (API version 3709383).
LogModuleManager: Display: Found up-to-date module file ../../../Engine/Plugins/MovieScene/ActorSequence/Binaries/Win64/UE4Editor-ActorSequence.dll (API version 3709383).
LogModuleManager: Display: Found up-to-date module file ../../../Engine/Plugins/MovieScene/LevelSequenceEditor/Binaries/Win64/UE4Editor-LevelSequenceEditor.dll (API version 3709383).
LogModuleManager: Display: Found up-to-date module file ../../../Engine/Plugins/MovieScene/MatineeToLevelSequence/Binaries/Win64/UE4Editor-MatineeToLevelSequence.dll (API version 3709383).
LogModuleManager: Display: Found up-to-date module file ../../../Engine/Plugins/Online/OnlineSubsystem/Binaries/Win64/UE4Editor-OnlineSubsystem.dll (API version 3709383).
LogModuleManager: Display: Found up-to-date module file ../../../Engine/Plugins/Runtime/AndroidPermission/Binaries/Win64/UE4Editor-AndroidPermission.dll (API version 3709383).
LogModuleManager: Display: Found up-to-date module file ../../../Engine/Plugins/Online/OnlineSubsystemNull/Binaries/Win64/UE4Editor-OnlineSubsystemNull.dll (API version 3709383).
LogModuleManager: Display: Found up-to-date module file ../../../Engine/Plugins/Online/OnlineSubsystemUtils/Binaries/Win64/UE4Editor-OnlineSubsystemUtils.dll (API version 3709383).
LogModuleManager: Display: Found up-to-date module file ../../../Engine/Plugins/Online/OnlineSubsystemUtils/Binaries/Win64/UE4Editor-OnlineBlueprintSupport.dll (API version 3709383).
LogModuleManager: Display: Found up-to-date module file ../../../Engine/Plugins/Runtime/AndroidDeviceProfileSelector/Binaries/Win64/UE4Editor-AndroidDeviceProfileSelector.dll (API version 3709383).
LogModuleManager: Display: Found up-to-date module file ../../../Engine/Plugins/Runtime/AppleARKit/Binaries/Win64/UE4Editor-AppleARKit.dll (API version 3709383).
LogModuleManager: Display: Found up-to-date module file ../../../Engine/Plugins/Runtime/ArchVisCharacter/Binaries/Win64/UE4Editor-ArchVisCharacter.dll (API version 3709383).
LogModuleManager: Display: Found up-to-date module file ../../../Engine/Plugins/Runtime/CableComponent/Binaries/Win64/UE4Editor-CableComponent.dll (API version 3709383).
LogModuleManager: Display: Found up-to-date module file ../../../Engine/Plugins/Runtime/CustomMeshComponent/Binaries/Win64/UE4Editor-CustomMeshComponent.dll (API version 3709383).
LogModuleManager: Display: Found up-to-date module file ../../../Engine/Plugins/Runtime/ExampleDeviceProfileSelector/Binaries/Win64/UE4Editor-ExampleDeviceProfileSelector.dll (API version 3709383).
LogModuleManager: Display: Found up-to-date module file ../../../Engine/Plugins/Runtime/ImmediatePhysics/Binaries/Win64/UE4Editor-ImmediatePhysics.dll (API version 3709383).
LogModuleManager: Display: Found up-to-date module file ../../../Engine/Plugins/Runtime/ImmediatePhysics/Binaries/Win64/UE4Editor-ImmediatePhysicsEditor.dll (API version 3709383).
LogModuleManager: Display: Found up-to-date module file ../../../Engine/Plugins/Runtime/LocationServicesBPLibrary/Binaries/Win64/UE4Editor-LocationServicesBPLibrary.dll (API version 3709383).
LogModuleManager: Display: Found up-to-date module file ../../../Engine/Plugins/Runtime/MobilePatchingUtils/Binaries/Win64/UE4Editor-MobilePatchingUtils.dll (API version 3709383).
LogModuleManager: Display: Found up-to-date module file ../../../Engine/Plugins/Runtime/Oculus/OculusVR/Binaries/Win64/UE4Editor-OculusHMD.dll (API version 3709383).
LogModuleManager: Display: Found up-to-date module file ../../../Engine/Plugins/Runtime/Oculus/OculusVR/Binaries/Win64/UE4Editor-OculusInput.dll (API version 3709383).
LogModuleManager: Display: Found up-to-date module file ../../../Engine/Plugins/Runtime/Oculus/OculusVR/Binaries/Win64/UE4Editor-OculusEditor.dll (API version 3709383).
LogModuleManager: Display: Found up-to-date module file ../../../Engine/Plugins/Runtime/PhysXVehicles/Binaries/Win64/UE4Editor-PhysXVehicles.dll (API version 3709383).
LogModuleManager: Display: Found up-to-date module file ../../../Engine/Plugins/Runtime/PhysXVehicles/Binaries/Win64/UE4Editor-PhysXVehiclesEditor.dll (API version 3709383).
LogModuleManager: Display: Found up-to-date module file ../../../Engine/Plugins/Runtime/ProceduralMeshComponent/Binaries/Win64/UE4Editor-ProceduralMeshComponent.dll (API version 3709383).
LogModuleManager: Display: Found up-to-date module file ../../../Engine/Plugins/Runtime/ProceduralMeshComponent/Binaries/Win64/UE4Editor-ProceduralMeshComponentEditor.dll (API version 3709383).
LogModuleManager: Display: Found up-to-date module file ../../../Engine/Plugins/Runtime/RuntimePhysXCooking/Binaries/Win64/UE4Editor-RuntimePhysXCooking.dll (API version 3709383).
LogModuleManager: Display: Found up-to-date module file ../../../Engine/Plugins/Runtime/Steam/SteamVR/Binaries/Win64/UE4Editor-SteamVR.dll (API version 3709383).
LogModuleManager: Display: Found up-to-date module file ../../../Engine/Plugins/Runtime/Steam/SteamVR/Binaries/Win64/UE4Editor-SteamVRController.dll (API version 3709383).
LogModuleManager: Display: Found up-to-date module file ../../../Engine/Plugins/Runtime/WindowsMoviePlayer/Binaries/Win64/UE4Editor-WindowsMoviePlayer.dll (API version 3709383).
LogPluginManager: Mounting plugin Paper2D
LogPluginManager: Mounting plugin LightPropagationVolume
LogPluginManager: Mounting plugin CodeLiteSourceCodeAccess
LogPluginManager: Mounting plugin GitSourceControl
LogPluginManager: Mounting plugin KDevelopSourceCodeAccess
LogPluginManager: Mounting plugin NullSourceCodeAccess
LogPluginManager: Mounting plugin PerforceSourceControl
LogPluginManager: Mounting plugin SubversionSourceControl
LogPluginManager: Mounting plugin UObjectPlugin
LogPluginManager: Mounting plugin VisualStudioCodeSourceCodeAccess
LogPluginManager: Mounting plugin VisualStudioSourceCodeAccess
LogPluginManager: Mounting plugin XCodeSourceCodeAccess
LogPluginManager: Mounting plugin AssetManagerEditor
LogPluginManager: Mounting plugin AudioCapture
LogPluginManager: Mounting plugin FacialAnimation
LogPluginManager: Mounting plugin GameplayTagsEditor
LogPluginManager: Mounting plugin MobileLauncherProfileWizard
LogPluginManager: Mounting plugin PluginBrowser
LogPluginManager: Mounting plugin SpeedTreeImporter
LogPluginManager: Mounting plugin AlembicImporter
LogPluginManager: Mounting plugin CharacterAI
LogPluginManager: Mounting plugin HTML5Networking
LogPluginManager: Mounting plugin AndroidMedia
LogPluginManager: Mounting plugin AvfMedia
LogPluginManager: Mounting plugin ImgMedia
LogPluginManager: Mounting plugin MediaCompositing
LogPluginManager: Mounting plugin MediaPlayerEditor
LogPluginManager: Mounting plugin WmfMedia
LogPluginManager: Mounting plugin TcpMessaging
LogPluginManager: Mounting plugin UdpMessaging
LogPluginManager: Mounting plugin ActorSequence
LogPluginManager: Mounting plugin LevelSequenceEditor
LogPluginManager: Mounting plugin MatineeToLevelSequence
LogPluginManager: Mounting plugin OnlineSubsystemGooglePlay
LogPluginManager: Mounting plugin OnlineSubsystemIOS
LogPluginManager: Mounting plugin OnlineSubsystem
LogPluginManager: Mounting plugin OnlineSubsystemNull
LogPluginManager: Mounting plugin OnlineSubsystemUtils
LogPluginManager: Mounting plugin AndroidDeviceProfileSelector
LogPluginManager: Mounting plugin AndroidMoviePlayer
LogPluginManager: Mounting plugin AndroidPermission
LogPluginManager: Mounting plugin AppleARKit
LogPluginManager: Mounting plugin AppleMoviePlayer
LogPluginManager: Mounting plugin ArchVisCharacter
LogPluginManager: Mounting plugin CableComponent
LogPluginManager: Mounting plugin CustomMeshComponent
LogPluginManager: Mounting plugin ExampleDeviceProfileSelector
LogPluginManager: Mounting plugin GoogleCloudMessaging
LogPluginManager: Mounting plugin ImmediatePhysics
LogPluginManager: Mounting plugin IOSDeviceProfileSelector
LogPluginManager: Mounting plugin LinuxDeviceProfileSelector
LogPluginManager: Mounting plugin LocationServicesBPLibrary
LogPluginManager: Mounting plugin MobilePatchingUtils
LogPluginManager: Mounting plugin OculusVR
LogPluginManager: Plugin shader directory ../../../Engine/Plugins/Runtime/Oculus/OculusVR/Shaders found
LogPluginManager: Mapping shader source directory ../../../Engine/Plugins/Runtime/Oculus/OculusVR/Shaders to virtual directory /Plugin/OculusVR
LogPluginManager: Mounting plugin PhysXVehicles
LogPluginManager: Mounting plugin ProceduralMeshComponent
LogPluginManager: Mounting plugin RuntimePhysXCooking
LogPluginManager: Mounting plugin SteamVR
LogPluginManager: Mounting plugin WindowsMoviePlayer
LogInit: Using libcurl 7.47.1
LogInit:  - built for x86_64-pc-win32
LogInit:  - supports SSL with OpenSSL/1.0.2g
LogInit:  - supports HTTP deflate (compression) using libz 1.2.8
LogInit:  - other features:
LogInit:      CURL_VERSION_SSL
LogInit:      CURL_VERSION_LIBZ
LogInit:      CURL_VERSION_IPV6
LogInit:      CURL_VERSION_ASYNCHDNS
LogInit:      CURL_VERSION_LARGEFILE
LogInit:      CURL_VERSION_IDN
LogInit:  CurlRequestOptions (configurable via config and command line):
LogInit:  - bVerifyPeer = false  - Libcurl will NOT verify peer certificate
LogInit:  - bUseHttpProxy = false  - Libcurl will NOT use HTTP proxy
LogInit:  - bDontReuseConnections = false  - Libcurl will reuse connections
LogInit:  - CertBundlePath = nullptr  - Libcurl will use whatever was configured at build time.
LogHMD: Failed initializing OVRPlugin 1.19.0
LogInit: Build: ++UE4+Release-4.18-CL-3832480
LogInit: Engine Version: 4.18.3-3832480+++UE4+Release-4.18
LogInit: Compatible Engine Version: 4.18.0-3709383+++UE4+Release-4.18
LogInit: Net CL: 3709383
LogDevObjectVersion: Number of dev versions registered: 16
LogDevObjectVersion:   Dev-Blueprints (B0D832E4-1F89-4F0D-ACCF-7EB736FD4AA2): 10
LogDevObjectVersion:   Dev-Build (E1C64328-A22C-4D53-A36C-8E866417BD8C): 0
LogDevObjectVersion:   Dev-Core (375EC13C-06E4-48FB-B500-84F0262A717E): 2
LogDevObjectVersion:   Dev-Editor (E4B068ED-F494-42E9-A231-DA0B2E46BB41): 20
LogDevObjectVersion:   Dev-Framework (CFFC743F-43B0-4480-9391-14DF171D2073): 30
LogDevObjectVersion:   Dev-Mobile (B02B49B5-BB20-44E9-A304-32B752E40360): 0
LogDevObjectVersion:   Dev-Networking (A4E4105C-59A1-49B5-A7C5-40C4547EDFEE): 0
LogDevObjectVersion:   Dev-Online (39C831C9-5AE6-47DC-9A44-9C173E1C8E7C): 0
LogDevObjectVersion:   Dev-Physics (78F01B33-EBEA-4F98-B9B4-84EACCB95AA2): 0
LogDevObjectVersion:   Dev-Platform (6631380F-2D4D-43E0-8009-CF276956A95A): 0
LogDevObjectVersion:   Dev-Rendering (12F88B9F-8875-4AFC-A67C-D90C383ABD29): 20
LogDevObjectVersion:   Dev-Sequencer (7B5AE74C-D270-4C10-A958-57980B212A5A): 4
LogDevObjectVersion:   Dev-VR (D7296918-1DD6-4BDD-9DE2-64A83CC13884): 0
LogDevObjectVersion:   Dev-LoadTimes (C2A15278-BFE7-4AFE-6C17-90FF531DF755): 1
LogDevObjectVersion:   Private-Geometry (6EACA3D4-40EC-4CC1-B786-8BED09428FC5): 1
LogDevObjectVersion:   Dev-AnimPhys (29E575DD-E0A3-4627-9D10-D276232CDCEA): 12
LogInit: Compiled (64-bit): Jan 12 2018 02:04:55
LogInit: Compiled with Visual C++: 19.00.24215.01
LogInit: Build Configuration: Development
LogInit: Branch Name: ++UE4+Release-4.18
LogInit: Command line:  
LogInit: Base directory: C:/Program Files/Epic Games/UE_4.18/Engine/Binaries/Win64/
LogInit: Installed Engine Build: 1
LogInit: Presizing for max 8388607 objects, including 0 objects not considered by GC, pre-allocating 0 bytes for permanent pool.
LogInit: Object subsystem initialized
[2018.11.30-13.10.46:105][  0]LogInit: Selected Device Profile: [Windows]
[2018.11.30-13.10.46:105][  0]LogInit: Applying CVar settings loaded from the selected device profile: [Windows]
[2018.11.30-13.10.46:120][  0]LogInit: Computer: 2010-01-271-21
[2018.11.30-13.10.46:120][  0]LogInit: User: Student
[2018.11.30-13.10.46:120][  0]LogInit: CPU Page size=4096, Cores=4
[2018.11.30-13.10.46:120][  0]LogInit: High frequency timer resolution =3.410107 MHz
[2018.11.30-13.10.46:120][  0]LogMemory: Memory total: Physical=15.9GB (16GB approx)
[2018.11.30-13.10.46:120][  0]LogMemory: Platform Memory Stats for Windows
[2018.11.30-13.10.46:120][  0]LogMemory: Process Physical Memory: 278.13 MB used, 278.13 MB peak
[2018.11.30-13.10.46:120][  0]LogMemory: Process Virtual Memory: 276.73 MB used, 276.73 MB peak
[2018.11.30-13.10.46:120][  0]LogMemory: Physical Memory: 4170.41 MB used,  12129.95 MB free, 16300.36 MB total
[2018.11.30-13.10.46:120][  0]LogMemory: Virtual Memory: 672.91 MB used,  12129.95 MB free, 8388608.00 MB total
[2018.11.30-13.10.46:427][  0]LogInit: Using OS detected language (en-US).
[2018.11.30-13.10.46:427][  0]LogInit: Using OS detected locale (en-US).
[2018.11.30-13.10.46:443][  0]LogTextLocalizationManager: No specific localization for 'en-US' exists, so the 'en' localization will be used.
[2018.11.30-13.10.46:849][  0]LogWindows: Failed to load 'shcore.dll' (GetLastError=126)
[2018.11.30-13.10.46:849][  0]LogWindows: File 'shcore.dll' does not exist
[2018.11.30-13.10.46:849][  0]LogInit: Setting process to DPI aware
[2018.11.30-13.10.46:861][  0]LogWindows: Failed to load 'shcore.dll' (GetLastError=126)
[2018.11.30-13.10.46:861][  0]LogWindows: File 'shcore.dll' does not exist
[2018.11.30-13.10.46:861][  0]LogInit: Setting process to DPI aware
[2018.11.30-13.10.47:329][  0]LogD3D11RHI: D3D11 adapters:
[2018.11.30-13.10.47:366][  0]LogD3D11RHI:    0. 'NVIDIA GeForce GTX 1080' (Feature Level 11_0)
[2018.11.30-13.10.47:366][  0]LogD3D11RHI:       8077/0/7894 MB DedicatedVideo/DedicatedSystem/SharedSystem, Outputs:1, VendorId:0x10de
[2018.11.30-13.10.47:366][  0]LogD3D11RHI: Chosen D3D11 Adapter: 0
[2018.11.30-13.10.47:370][  0]LogD3D11RHI: Creating new Direct3DDevice
[2018.11.30-13.10.47:370][  0]LogD3D11RHI:     GPU DeviceId: 0x1b80 (for the marketing name, search the web for "GPU Device Id")
[2018.11.30-13.10.47:370][  0]LogWindows: EnumDisplayDevices:
[2018.11.30-13.10.47:370][  0]LogWindows:    0. 'NVIDIA GeForce GTX 1080' (P:1 D:1)
[2018.11.30-13.10.47:370][  0]LogWindows:    1. 'NVIDIA GeForce GTX 1080' (P:0 D:0)
[2018.11.30-13.10.47:370][  0]LogWindows:    2. 'NVIDIA GeForce GTX 1080' (P:0 D:0)
[2018.11.30-13.10.47:370][  0]LogWindows:    3. 'NVIDIA GeForce GTX 1080' (P:0 D:0)
[2018.11.30-13.10.47:370][  0]LogWindows:    4. 'RDPDD Chained DD' (P:0 D:0)
[2018.11.30-13.10.47:370][  0]LogWindows:    5. 'RDP Encoder Mirror Driver' (P:0 D:0)
[2018.11.30-13.10.47:370][  0]LogWindows:    6. 'RDP Reflector Display Driver' (P:0 D:0)
[2018.11.30-13.10.47:370][  0]LogWindows: DebugString: GetVideoDriverDetailsInvalid PrimaryIsNotTheChoosenAdapter GetVideoDriverDetailsInvalid PrimaryIsNotTheChoosenAdapter GetVideoDriverDetailsInvalid PrimaryIsNotTheChoosenAdapter FoundDriverCount:4 
[2018.11.30-13.10.47:370][  0]LogD3D11RHI:     Adapter Name: NVIDIA GeForce GTX 1080
[2018.11.30-13.10.47:371][  0]LogD3D11RHI:   Driver Version: 398.36 (internal:24.21.13.9836, unified:398.36)
[2018.11.30-13.10.47:371][  0]LogD3D11RHI:      Driver Date: 6-24-2018
[2018.11.30-13.10.47:371][  0]LogRHI: Texture pool is 5654 MB (70% of 8077 MB)
[2018.11.30-13.10.47:388][  0]LogD3D11RHI: Async texture creation enabled
[2018.11.30-13.10.47:421][  0]LogD3D11RHI: GPU Timing Frequency: 1000.000000 (Debug: 2 2)
[2018.11.30-13.10.47:469][  0]LogShaderCompilers: Guid format shader working directory is -24 characters bigger than the processId version (../../../../../../Users/student.AII/Documents/GitHub/Tower_Defense_Game/game/Intermediate/Shaders/WorkingDirectory/9396/).
[2018.11.30-13.10.47:469][  0]LogShaderCompilers: Cleaned the shader compiler working directory 'C:/Users/student.AII/AppData/Local/Temp/UnrealShaderWorkingDir/FF9EFC4C44840B641FF1D7BF466F8EB6/'.
[2018.11.30-13.10.47:470][  0]LogShaderCompilers: Display: Using Local Shader Compiler.
[2018.11.30-13.10.49:515][  0]LogTemp: Display: Loaded TP AllDesktopTargetPlatform
[2018.11.30-13.10.49:573][  0]LogTemp: Display: Loaded TP MacClientTargetPlatform
[2018.11.30-13.10.49:630][  0]LogTemp: Display: Loaded TP MacNoEditorTargetPlatform
[2018.11.30-13.10.49:687][  0]LogTemp: Display: Loaded TP MacServerTargetPlatform
[2018.11.30-13.10.49:744][  0]LogTemp: Display: Loaded TP MacTargetPlatform
[2018.11.30-13.10.49:801][  0]LogTemp: Display: Loaded TP WindowsClientTargetPlatform
[2018.11.30-13.10.49:864][  0]LogTemp: Display: Loaded TP WindowsNoEditorTargetPlatform
[2018.11.30-13.10.49:930][  0]LogTemp: Display: Loaded TP WindowsServerTargetPlatform
[2018.11.30-13.10.49:986][  0]LogTemp: Display: Loaded TP WindowsTargetPlatform
[2018.11.30-13.10.50:053][  0]LogTemp: Display: Loaded TP Android_ASTCTargetPlatform
[2018.11.30-13.10.50:113][  0]LogTemp: Display: Loaded TP Android_ATCTargetPlatform
[2018.11.30-13.10.50:175][  0]LogTemp: Display: Loaded TP Android_DXTTargetPlatform
[2018.11.30-13.10.50:232][  0]LogTemp: Display: Loaded TP Android_ETC1TargetPlatform
[2018.11.30-13.10.50:290][  0]LogTemp: Display: Loaded TP Android_ETC2TargetPlatform
[2018.11.30-13.10.50:405][  0]LogTemp: Display: Loaded TP Android_MultiTargetPlatform
[2018.11.30-13.10.50:406][  0]LogTemp: Display: Loaded TP Android_PVRTCTargetPlatform
[2018.11.30-13.10.50:464][  0]LogTemp: Display: Loaded TP AndroidTargetPlatform
[2018.11.30-13.10.50:510][  0]LogTemp: Display: Loaded TP HTML5TargetPlatform
[2018.11.30-13.10.50:623][  0]LogTemp: Display: Loaded TP IOSTargetPlatform
[2018.11.30-13.10.50:654][  0]LogTemp: Display: Loaded TP TVOSTargetPlatform
[2018.11.30-13.10.50:710][  0]LogTemp: Display: Loaded TP LinuxClientTargetPlatform
[2018.11.30-13.10.50:766][  0]LogTemp: Display: Loaded TP LinuxNoEditorTargetPlatform
[2018.11.30-13.10.50:822][  0]LogTemp: Display: Loaded TP LinuxServerTargetPlatform
[2018.11.30-13.10.50:881][  0]LogTemp: Display: Loaded TP LinuxTargetPlatform
[2018.11.30-13.10.50:881][  0]LogTargetPlatformManager: Display: Building Assets For Windows
[2018.11.30-13.10.51:574][  0]LogDerivedDataCache: Display: Max Cache Size: 512 MB
[2018.11.30-13.10.51:574][  0]LogDerivedDataCache: Display: Starting with empty Boot cache
[2018.11.30-13.10.51:574][  0]LogDerivedDataCache: FDerivedDataBackendGraph:  Pak pak cache file ../../../../../../Users/student.AII/Documents/GitHub/Tower_Defense_Game/game/DerivedDataCache/DDC.ddp not found, will not use a pak cache.
[2018.11.30-13.10.51:574][  0]LogDerivedDataCache: Unable to find inner node Pak for hierarchical cache Hierarchy.
[2018.11.30-13.10.51:574][  0]LogDerivedDataCache: FDerivedDataBackendGraph:  CompressedPak pak cache file ../../../../../../Users/student.AII/Documents/GitHub/Tower_Defense_Game/game/DerivedDataCache/Compressed.ddp not found, will not use a pak cache.
[2018.11.30-13.10.51:574][  0]LogDerivedDataCache: Unable to find inner node CompressedPak for hierarchical cache Hierarchy.
[2018.11.30-13.10.51:598][  0]LogDerivedDataCache: Display: Pak cache opened for reading ../../../Engine/DerivedDataCache/Compressed.ddp.
[2018.11.30-13.10.51:610][  0]LogDerivedDataCache: Using Local data cache path C:/Users/student.AII/AppData/Local/UnrealEngine/Common/DerivedDataCache: Writable
[2018.11.30-13.10.51:637][  0]LogMaterial: Verifying Global Shaders for PCD3D_SM5
[2018.11.30-13.10.51:644][  0]LogSlate: Using Freetype 2.6.0
[2018.11.30-13.10.51:650][  0]LogSlate: SlateFontCache - WITH_FREETYPE: 1, WITH_HARFBUZZ: 1
[2018.11.30-13.10.51:651][  0]LogSlate: SlateFontCache - WITH_FREETYPE: 1, WITH_HARFBUZZ: 1
[2018.11.30-13.10.52:453][  0]LogInit: Selected Device Profile: [Windows]
[2018.11.30-13.10.52:591][  0]LogMaterial: Missing cached shader map for material WorldGridMaterial, compiling. Is special engine material.
[2018.11.30-13.11.26:543][  0]LogMaterial: Missing cached shader map for material DefaultDeferredDecalMaterial, compiling. 
[2018.11.30-13.11.33:474][  0]LogMaterial: Missing cached shader map for material DefaultLightFunctionMaterial, compiling. 
[2018.11.30-13.11.34:242][  0]LogMaterial: Missing cached shader map for material DefaultPostProcessMaterial, compiling. 
[2018.11.30-13.11.34:792][  0]LogMaterial: Missing cached shader map for material MatineeCam_mat, compiling. 
[2018.11.30-13.11.35:207][  0]LogSimplygon: Simplygon DLL not present - disabling.
[2018.11.30-13.11.35:275][  0]LogMeshReduction: Using SimplygonSwarm for distributed automatic mesh merging
[2018.11.30-13.11.35:275][  0]LogMeshReduction: Using QuadricMeshReduction for automatic static mesh reduction
[2018.11.30-13.11.35:275][  0]LogMeshReduction: No automatic skeletal mesh reduction module available
[2018.11.30-13.11.35:275][  0]LogMeshReduction: No automatic mesh merging module available
[2018.11.30-13.11.35:276][  0]LogMeshMerging: No automatic mesh merging module available
[2018.11.30-13.11.35:353][  0]LogNetVersion: game , NetCL: 3709383, EngineNetVer: 2, GameNetVer: 0 (Checksum: 1359646243)
[2018.11.30-13.11.35:411][  0]LogMaterial: Missing cached shader map for material HelpActorMaterial, compiling. 
[2018.11.30-13.11.35:620][  0]LogMaterial: Missing cached shader map for material DefaultTextMaterialOpaque, compiling. 
[2018.11.30-13.11.35:834][  0]LogAssetRegistry: FAssetRegistry took 0.0307 seconds to start up
[2018.11.30-13.11.35:962][  0]LogMaterial: Missing cached shader map for material Widget3DPassThrough, compiling. 
[2018.11.30-13.11.35:982][  0]LogMaterial: Missing cached shader map for material Widget3DPassThrough, compiling. 
[2018.11.30-13.11.36:014][  0]LogMaterial: Missing cached shader map for material Widget3DPassThrough, compiling. 
[2018.11.30-13.11.36:040][  0]LogMaterial: Missing cached shader map for material Widget3DPassThrough, compiling. 
[2018.11.30-13.11.36:058][  0]LogMaterial: Missing cached shader map for material Widget3DPassThrough, compiling. 
[2018.11.30-13.11.36:091][  0]LogMaterial: Missing cached shader map for material Widget3DPassThrough, compiling. 
[2018.11.30-13.11.36:210][  0]LogMaterial: Missing cached shader map for material CineMat, compiling. 
[2018.11.30-13.11.36:336][  0]LogMaterial: Missing cached shader map for material M_SimpleOpaque, compiling. 
[2018.11.30-13.11.36:392][  0]LogMaterial: Missing cached shader map for material M_SimpleTranslucent, compiling. 
[2018.11.30-13.11.36:582][  0]LogMaterial: Missing cached shader map for material TranslucentTransformGizmoMaterial, compiling. 
[2018.11.30-13.11.36:602][  0]LogMaterial: Missing cached shader map for material TransformGizmoMaterial, compiling. 
[2018.11.30-13.11.36:614][  0]LogMaterial: Missing cached shader map for material SnapGridMaterial, compiling. 
[2018.11.30-13.11.36:756][  0]LogMaterial: Missing cached shader map for material Xray, compiling. 
[2018.11.30-13.11.36:789][  0]LogMaterial: Missing cached shader map for material Main, compiling. 
[2018.11.30-13.11.36:949][  0]LogMaterial: Missing cached shader map for material SkySphereMaterial, compiling. 
[2018.11.30-13.11.36:976][  0]LogMaterial: Missing cached shader map for material FloorPlaneMaterial, compiling. 
[2018.11.30-13.11.37:217][  0]LogMaterial: Missing cached shader map for material LandscapeGizmo_Mat, compiling. 
[2018.11.30-13.11.37:268][  0]LogMaterial: Missing cached shader map for material LandscapeGizmoHeight_Mat, compiling. 
[2018.11.30-13.11.37:371][  0]LogMaterial: Missing cached shader map for material SplineEditorMeshMat, compiling. 
[2018.11.30-13.11.37:425][  0]LogMaterial: Missing cached shader map for material ARKitCameraMaterial, compiling. 
[2018.11.30-13.11.37:465][  0]LogMaterial: Missing cached shader map for material GearVRControllerMaterial, compiling. 
[2018.11.30-13.11.37:622][  0]LogPackageLocalizationCache: Processed 7 localized package path(s) for 2 prioritized culture(s) in 0.085507 seconds
[2018.11.30-13.11.37:651][  0]LogUObjectArray: 35870 objects as part of root set at end of initial load.
[2018.11.30-13.11.37:651][  0]LogUObjectAllocator: 7363696 out of 0 bytes used by permanent object pool.
[2018.11.30-13.11.37:651][  0]LogUObjectArray: CloseDisregardForGC: 0/0 objects in disregard for GC pool
[2018.11.30-13.11.37:765][  0]LogInit: WinSock: version 1.1 (2.2), MaxSocks=32767, MaxUdp=65467
[2018.11.30-13.11.41:291][  0]LogMaterial: Missing cached shader map for material LaserPointerMaterial, compiling. 
[2018.11.30-13.11.41:322][  0]LogMaterial: Missing cached shader map for material LaserPointerMaterial, compiling. 
[2018.11.30-13.11.41:379][  0]LogMaterial: Missing cached shader map for material KeyDiskMaterial, compiling. 
[2018.11.30-13.11.41:398][  0]LogMaterial: Missing cached shader map for material OculusControllerMaterial, compiling. 
[2018.11.30-13.11.41:432][  0]LogMaterial: Missing cached shader map for material GridPostProcess, compiling. 
[2018.11.30-13.11.41:478][  0]LogMaterial: Missing cached shader map for material GenericHMDMaterial, compiling. 
[2018.11.30-13.11.41:523][  0]LogMaterial: Missing cached shader map for material TeleportDirectionMaterial, compiling. 
[2018.11.30-13.11.41:578][  0]LogMaterial: Missing cached shader map for material VivePreControllerMaterial, compiling. 
[2018.11.30-13.11.41:637][  0]LogMaterial: Missing cached shader map for material M_ContentWindow, compiling. 
[2018.11.30-13.11.41:699][  0]LogMaterial: Missing cached shader map for material GridMaterial, compiling. 
[2018.11.30-13.11.41:719][  0]LogMaterial: Missing cached shader map for material VRTextMaterial, compiling. 
[2018.11.30-13.11.41:746][  0]LogMaterial: Missing cached shader map for material FlattenHeightMat, compiling. 
[2018.11.30-13.11.41:769][  0]LogMaterial: Missing cached shader map for material ArrowMaterial, compiling. 
[2018.11.30-13.11.41:825][  0]LogMaterial: Missing cached shader map for material LineMaterial, compiling. 
[2018.11.30-13.11.41:848][  0]LogMaterial: Missing cached shader map for material VRTextMaterial, compiling. 
[2018.11.30-13.11.43:499][  0]LogMaterial: Missing cached shader map for material DefaultSpriteMaterial, compiling. 
[2018.11.30-13.11.43:529][  0]LogMaterial: Missing cached shader map for material DefaultSpriteMaterial, compiling. 
[2018.11.30-13.11.44:346][  0]LogTcpMessaging: Initializing TcpMessaging bridge
[2018.11.30-13.11.44:428][  0]LogUdpMessaging: Initializing bridge on interface 0.0.0.0:0 to multicast group 230.0.0.1:6666.
[2018.11.30-13.11.45:076][  0]LogMaterial: Missing cached shader map for material DefaultMaterial, compiling. 
[2018.11.30-13.11.46:033][  0]LogMaterial: Missing cached shader map for material BaseColor, compiling. 
[2018.11.30-13.11.46:048][  0]LogMaterial: Missing cached shader map for material CustomDepth, compiling. 
[2018.11.30-13.11.46:090][  0]LogMaterial: Uniform references updated for custom material expression Custom.
[2018.11.30-13.11.46:095][  0]LogMaterial: Missing cached shader map for material CustomStencil, compiling. 
[2018.11.30-13.11.46:114][  0]LogMaterial: Missing cached shader map for material FinalImage, compiling. 
[2018.11.30-13.11.46:130][  0]LogMaterial: Missing cached shader map for material LightingModel, compiling. 
[2018.11.30-13.11.46:146][  0]LogMaterial: Missing cached shader map for material MaterialAO, compiling. 
[2018.11.30-13.11.46:161][  0]LogMaterial: Missing cached shader map for material Metallic, compiling. 
[2018.11.30-13.11.46:176][  0]LogMaterial: Missing cached shader map for material Opacity, compiling. 
[2018.11.30-13.11.46:193][  0]LogMaterial: Missing cached shader map for material Roughness, compiling. 
[2018.11.30-13.11.46:210][  0]LogMaterial: Missing cached shader map for material SceneColor, compiling. 
[2018.11.30-13.11.46:227][  0]LogMaterial: Missing cached shader map for material SceneDepth, compiling. 
[2018.11.30-13.11.46:245][  0]LogMaterial: Missing cached shader map for material SeparateTranslucencyRGB, compiling. 
[2018.11.30-13.11.46:261][  0]LogMaterial: Missing cached shader map for material SeparateTranslucencyA, compiling. 
[2018.11.30-13.11.46:278][  0]LogMaterial: Missing cached shader map for material Specular, compiling. 
[2018.11.30-13.11.46:295][  0]LogMaterial: Missing cached shader map for material SubsurfaceColor, compiling. 
[2018.11.30-13.11.46:312][  0]LogMaterial: Missing cached shader map for material WorldNormal, compiling. 
[2018.11.30-13.11.46:332][  0]LogMaterial: Missing cached shader map for material AmbientOcclusion, compiling. 
[2018.11.30-13.11.46:363][  0]LogMaterial: Missing cached shader map for material CustomDepthWorldUnits, compiling. 
[2018.11.30-13.11.46:382][  0]LogMaterial: Missing cached shader map for material SceneDepthWorldUnits, compiling. 
[2018.11.30-13.11.46:399][  0]LogMaterial: Missing cached shader map for material PreTonemapHDRColor, compiling. 
[2018.11.30-13.11.46:415][  0]LogMaterial: Missing cached shader map for material PostTonemapHDRColor, compiling. 
[2018.11.30-13.11.47:161][  0]SourceControl: Source control is disabled
[2018.11.30-13.11.47:162][  0]SourceControl: Source control is disabled
[2018.11.30-13.11.47:269][  0]SourceControl: Source control is disabled
[2018.11.30-13.11.47:370][  0]SourceControl: Source control is disabled
[2018.11.30-13.11.48:487][  0]LogMaterial: Missing cached shader map for material DefaultMediaPlaneMaterial, compiling. 
[2018.11.30-13.11.49:042][  0]LogAndroidPermission: UAndroidPermissionCallbackProxy::GetInstance
[2018.11.30-13.11.49:563][  0]LogOcInput: OculusInput pre-init called
[2018.11.30-13.11.50:036][  0]LogMaterial: Missing cached shader map for material HighResScreenshot, compiling. 
[2018.11.30-13.11.50:063][  0]LogMaterial: Missing cached shader map for material HighResScreenshotMask, compiling. 
[2018.11.30-13.11.50:093][  0]LogMaterial: Missing cached shader map for material HighResScreenshotCaptureRegion, compiling. 
[2018.11.30-13.11.50:177][  0]LogEngine: Initializing Engine...
[2018.11.30-13.11.50:182][  0]LogHMD: Failed to initialize OpenVR with code 110
[2018.11.30-13.11.50:192][  0]LogMaterial: Missing cached shader map for material WireframeMaterial, compiling. Is special engine material.
[2018.11.30-13.11.50:534][  0]LogMaterial: Missing cached shader map for material LevelColorationLitMaterial, compiling. Is special engine material.
[2018.11.30-13.11.51:468][  0]LogMaterial: Missing cached shader map for material LevelColorationUnlitMaterial, compiling. Is special engine material.
[2018.11.30-13.11.51:748][  0]LogMaterial: Missing cached shader map for material MAT_LevelColorationLitLightmapUV, compiling. Is special engine material.
[2018.11.30-13.11.52:832][  0]LogMaterial: Missing cached shader map for material ShadedLevelColorationLitMaterial, compiling. Is special engine material.
[2018.11.30-13.11.53:898][  0]LogMaterial: Missing cached shader map for material ShadedLevelColorationUnlitMateri, compiling. Is special engine material.
[2018.11.30-13.11.54:181][  0]LogMaterial: Missing cached shader map for material VertexColorMaterial, compiling. 
[2018.11.30-13.11.54:325][  0]LogMaterial: Missing cached shader map for material VertexColorViewMode_ColorOnly, compiling. 
[2018.11.30-13.11.54:356][  0]LogMaterial: Missing cached shader map for material VertexColorViewMode_AlphaAsColor, compiling. 
[2018.11.30-13.11.54:385][  0]LogMaterial: Missing cached shader map for material VertexColorViewMode_RedOnly, compiling. 
[2018.11.30-13.11.54:414][  0]LogMaterial: Missing cached shader map for material VertexColorViewMode_GreenOnly, compiling. 
[2018.11.30-13.11.54:446][  0]LogMaterial: Missing cached shader map for material VertexColorViewMode_BlueOnly, compiling. 
[2018.11.30-13.11.54:475][  0]LogMaterial: Missing cached shader map for material RemoveSurfaceMaterial, compiling. 
[2018.11.30-13.11.54:489][  0]LogMaterial: Missing cached shader map for material DebugMeshMaterial, compiling. 
[2018.11.30-13.11.54:518][  0]LogMaterial: Missing cached shader map for material M_InvalidLightmapSettings, compiling. 
[2018.11.30-13.11.54:585][  0]LogMaterial: Missing cached shader map for material GizmoMaterial, compiling. 
[2018.11.30-13.11.54:616][  0]LogMaterial: Missing cached shader map for material PhAT_JointLimitMaterial, compiling. 
[2018.11.30-13.11.54:650][  0]LogMaterial: Missing cached shader map for material GeomMaterial, compiling. 
[2018.11.30-13.11.54:669][  0]LogMaterial: Missing cached shader map for material EditorBrushMaterial, compiling. 
[2018.11.30-13.11.54:693][  0]LogMaterial: Missing cached shader map for material BoneWeightMaterial, compiling. 
[2018.11.30-13.11.54:844][  0]LogMaterial: Missing cached shader map for material ClothMaterial, compiling. 
[2018.11.30-13.11.54:872][  0]LogMaterial: Missing cached shader map for material ClothMaterial_WF, compiling. 
[2018.11.30-13.11.54:910][  0]LogMaterial: Missing cached shader map for material DebugEditorMaterial, compiling. 
[2018.11.30-13.11.54:935][  0]LogMaterial: Missing cached shader map for material PreviewShadowIndicatorMaterial, compiling. 
[2018.11.30-13.11.55:253][  0]LogStats: UGameplayTagsManager::ConstructGameplayTagTree: Construct from data asset -  0.000 s
[2018.11.30-13.11.55:253][  0]LogStats: UGameplayTagsManager::ConstructGameplayTagTree: GameplayTagTreeChangedEvent.Broadcast -  0.000 s
[2018.11.30-13.11.55:552][  0]LogAIModule: Creating AISystem for world Untitled
[2018.11.30-13.11.55:586][  0]LogInit: XAudio2 using 'HP Z24n (NVIDIA High Definition Audio)' : 2 channels at 48 kHz using 16 bits per sample (channel mask 0x3)
[2018.11.30-13.11.55:624][  0]LogInit: FAudioDevice initialized.
[2018.11.30-13.11.55:700][  0]LogDerivedDataCache: Saved boot cache 0.08s 69MB C:/Users/student.AII/AppData/Local/UnrealEngine/4.18/DerivedDataCache/Boot.ddc.
[2018.11.30-13.11.55:714][  0]LogInit: Texture streaming: Enabled
[2018.11.30-13.11.55:980][  0]LogEngineSessionManager: EngineSessionManager initialized
[2018.11.30-13.11.56:227][  0]LogInit: Transaction tracking system initialized
[2018.11.30-13.11.56:858][  0]BlueprintLog: New page: Editor Load
[2018.11.30-13.11.58:666][  0]LocalizationService: Localization service is disabled
[2018.11.30-13.12.00:192][  0]LogConsoleResponse: Display: 
[2018.11.30-13.12.00:260][  0]LogMaterial: Missing cached shader map for material Cross_Mat, compiling. 
[2018.11.30-13.12.00:296][  0]LogMaterial: Missing cached shader map for material PhAT_BoneSelectedMaterial, compiling. 
[2018.11.30-13.12.00:319][  0]LogMaterial: Missing cached shader map for material PhAT_ElemSelectedMaterial, compiling. 
[2018.11.30-13.12.00:345][  0]LogMaterial: Missing cached shader map for material PhAT_NoCollisionMaterial, compiling. 
[2018.11.30-13.12.00:368][  0]LogMaterial: Missing cached shader map for material PhAT_UnselectedMaterial, compiling. 
[2018.11.30-13.12.00:397][  0]LogMaterial: Missing cached shader map for material Tick_Mat, compiling. 
[2018.11.30-13.12.00:434][  0]LogMaterial: Missing cached shader map for material WidgetGridVertexColorMaterial_Ma, compiling. 
[2018.11.30-13.12.00:460][  0]LogMaterial: Missing cached shader map for material WidgetMaterial, compiling. 
[2018.11.30-13.12.00:482][  0]LogMaterial: Missing cached shader map for material WidgetMaterial_Current, compiling. 
[2018.11.30-13.12.00:504][  0]LogMaterial: Missing cached shader map for material WidgetMaterial_X, compiling. 
[2018.11.30-13.12.00:528][  0]LogMaterial: Missing cached shader map for material WidgetMaterial_Y, compiling. 
[2018.11.30-13.12.00:550][  0]LogMaterial: Missing cached shader map for material WidgetMaterial_Z, compiling. 
[2018.11.30-13.12.00:574][  0]LogMaterial: Missing cached shader map for material WidgetVertexColorMaterial, compiling. 
[2018.11.30-13.12.00:647][  0]LogMaterial: Missing cached shader map for material LevelGridMaterial, compiling. 
[2018.11.30-13.12.00:717][  0]LogMaterial: Missing cached shader map for material BlinkingCaret, compiling. 
[2018.11.30-13.12.00:810][  0]LogMaterial: Missing cached shader map for material M_StreamingPause, compiling. 
[2018.11.30-13.12.00:859][  0]LogCook: Display: Max memory allowance for cook 16384mb min free memory 0mb
[2018.11.30-13.12.00:859][  0]LogFileCache: Scanning file cache for directory 'C:/Users/student.AII/Documents/GitHub/Tower_Defense_Game/game/Content/' took 0.01s
[2018.11.30-13.12.00:859][  0]LogCook: Display: Mobile HDR setting 1
[2018.11.30-13.12.00:859][  0]LogGameplayTags: Display: UGameplayTagsManager::DoneAddingNativeTags. DelegateIsBound: 0
[2018.11.30-13.12.03:256][  0]SourceControl: Source control is disabled
[2018.11.30-13.12.03:259][  0]Cmd: MAP LOAD FILE="../../../../../../Users/student.AII/Documents/GitHub/Tower_Defense_Game/game/Content/TopDownBP/Maps/TopDownExampleMap.umap" TEMPLATE=0 SHOWPROGRESS=1 FEATURELEVEL=3
[2018.11.30-13.12.03:263][  0]LightingResults: New page: Lighting Build
[2018.11.30-13.12.03:337][  0]MapCheck: New page: Map Check
[2018.11.30-13.12.03:337][  0]LightingResults: New page: Lighting Build
[2018.11.30-13.12.03:865][  0]LogBlueprint: Warning: [Compiler BUILDER_TOWER_BP] Set : 'TowerStruct' variable not found. Base class was probably changed. /Game/tower/BUILDER_TOWER_BP.BUILDER_TOWER_BP
[2018.11.30-13.12.03:865][  0]LogBlueprint: Warning: [Compiler BUILDER_TOWER_BP] Set TowerStruct : 'TowerStruct' variable not found. Base class was probably changed. /Game/tower/BUILDER_TOWER_BP.BUILDER_TOWER_BP
[2018.11.30-13.12.03:979][  0]LogBlueprint: Warning: [Compiler BUILDER_TOWER_BP] [0082.91] Compile of BUILDER_TOWER_BP successful, but with 2 Warning(s) [in 129 ms] (/Game/tower/BUILDER_TOWER_BP.BUILDER_TOWER_BP)
[2018.11.30-13.12.04:147][  0]LogMaterial: Missing cached shader map for material M_Sky_Panning_Clouds2, compiling. 
[2018.11.30-13.12.04:318][  0]LogStaticMesh: Building static mesh Primordial_Hill_Tower...
[2018.11.30-13.12.04:322][  0]LogStaticMesh: Built static mesh [0.00s] /Game/Geometry/Meshes/Primordial_Hill_Tower.Primordial_Hill_Tower
[2018.11.30-13.12.04:323][  0]LogStaticMesh: Building static mesh Obelisk_Tower...
[2018.11.30-13.12.04:327][  0]LogStaticMesh: Built static mesh [0.00s] /Game/Geometry/Meshes/Obelisk_Tower.Obelisk_Tower
[2018.11.30-13.12.04:375][  0]LogMaterial: Missing cached shader map for material M_UE4Man_Body, compiling. 
[2018.11.30-13.12.04:554][  0]LogMaterial: Missing cached shader map for material M_UE4Man_Body, compiling. 
[2018.11.30-13.12.04:771][  0]LogMaterial: Missing cached shader map for material RED_TRANSLUCENT1, compiling. 
[2018.11.30-13.12.04:817][  0]LogMaterial: Missing cached shader map for material GREEN_TRANSLUCENT, compiling. 
[2018.11.30-13.12.04:864][  0]LogStaticMesh: Building static mesh ankh...
[2018.11.30-13.12.04:870][  0]LogStaticMesh: Built static mesh [0.01s] /Game/Geometry/Meshes/ankh.ankh
[2018.11.30-13.12.04:872][  0]LogStaticMesh: Building static mesh pyramid...
[2018.11.30-13.12.04:877][  0]LogStaticMesh: Built static mesh [0.00s] /Game/Geometry/Meshes/pyramid.pyramid
[2018.11.30-13.12.04:881][  0]LogMaterial: Missing cached shader map for material CubeMaterial, compiling. 
[2018.11.30-13.12.05:030][  0]LogAIModule: Creating AISystem for world TopDownExampleMap
[2018.11.30-13.12.05:366][  0]LogEditorServer: Finished looking for orphan Actors (0.000 secs)
[2018.11.30-13.12.05:396][  0]Cmd: MAP CHECKDEP NOCLEARLOG
[2018.11.30-13.12.05:494][  0]MapCheck: Map check complete: 0 Error(s), 0 Warning(s), took 98.384ms to complete.
[2018.11.30-13.12.05:494][  0]LogFileHelpers: Loading map 'TopDownExampleMap' took 2.241
[2018.11.30-13.12.05:769][  0]LogCollectionManager: Loaded 0 collections in 0.003282 seconds
[2018.11.30-13.12.05:908][  0]LogFileCache: Scanning file cache for directory 'C:/Users/student.AII/Documents/GitHub/Tower_Defense_Game/game/Saved/Collections/' took 0.01s
[2018.11.30-13.12.05:908][  0]LogFileCache: Scanning file cache for directory 'C:/Users/student.AII/Documents/GitHub/Tower_Defense_Game/game/Content/Developers/Student/Collections/' took 0.01s
[2018.11.30-13.12.05:908][  0]LogFileCache: Scanning file cache for directory 'C:/Users/student.AII/Documents/GitHub/Tower_Defense_Game/game/Content/Collections/' took 0.01s
[2018.11.30-13.12.05:908][  0]LogCollectionManager: Rebuilt the GUID cache for 0 collections in 0.000001 seconds
[2018.11.30-13.12.05:926][  0]LogContentBrowser: Native class hierarchy populated in 0.0155 seconds. Added 2363 classes and 519 folders.
[2018.11.30-13.12.06:057][  0]LogContentBrowser: Native class hierarchy updated for 'WidgetCarousel' in 0.0005 seconds. Added 0 classes and 0 folders.
[2018.11.30-13.12.06:257][  0]LogContentBrowser: Native class hierarchy updated for 'AddContentDialog' in 0.0004 seconds. Added 0 classes and 0 folders.
[2018.11.30-13.12.06:360][  0]LogContentBrowser: Native class hierarchy updated for 'SceneOutliner' in 0.0005 seconds. Added 1 classes and 2 folders.
[2018.11.30-13.12.06:445][  0]LogSlate: Took 0.002662 seconds to synchronously load lazily loaded font '../../../Engine/Content/Slate/Fonts/Roboto-Regular.ttf' (155K)
[2018.11.30-13.12.06:451][  0]LogSlate: Took 0.002231 seconds to synchronously load lazily loaded font '../../../Engine/Content/Slate/Fonts/Roboto-Bold.ttf' (160K)
[2018.11.30-13.12.06:462][  0]LogSlate: Took 0.001833 seconds to synchronously load lazily loaded font '../../../Engine/Content/Editor/Slate/Fonts/FontAwesome.ttf' (139K)
[2018.11.30-13.12.06:558][  0]LogMaterial: Missing cached shader map for material LevelGridMaterial2, compiling. 
[2018.11.30-13.12.06:673][  0]LogRenderer: Reallocating scene render targets to support 1208x652 Format 10 NumSamples 1 (Frame:1).
[2018.11.30-13.12.06:873][  0]LogSlate: Took 0.001781 seconds to synchronously load lazily loaded font '../../../Engine/Content/Slate/Fonts/Roboto-Light.ttf' (159K)
[2018.11.30-13.12.07:375][  0]LogContentBrowser: Native class hierarchy updated for 'HierarchicalLODOutliner' in 0.0004 seconds. Added 1 classes and 2 folders.
[2018.11.30-13.12.07:375][  0]LogLoad: (Engine Initialization) Total time: 86.32 seconds
[2018.11.30-13.12.07:375][  0]LogLoad: (Engine Initialization) Total Blueprint compile time: 0.00 seconds
[2018.11.30-13.12.07:375][  0]LogExternalProfiler: No external profilers were discovered.  External profiling features will not be available.
[2018.11.30-13.12.07:751][  0]LogContentStreaming: Texture pool size now 1000 MB
[2018.11.30-13.12.08:083][  1]LogAssetRegistry: Asset discovery search completed in 32.3328 seconds
[2018.11.30-13.12.08:087][  1]LogCollectionManager: Rebuilt the object cache for 0 collections in 0.000001 seconds (found 0 objects)
[2018.11.30-13.12.08:087][  1]LogCollectionManager: Fixed up redirectors for 0 collections in 0.000100 seconds (updated 0 objects)
[2018.11.30-13.12.08:729][  3]LogSlate: Took 0.000332 seconds to synchronously load lazily loaded font '../../../Engine/Content/Slate/Fonts/Roboto-Light.ttf' (159K)
[2018.11.30-13.12.17:522][142]LogSlate: Took 0.000252 seconds to synchronously load lazily loaded font '../../../Engine/Content/Slate/Fonts/Roboto-Light.ttf' (159K)
[2018.11.30-13.12.18:202][142]LogContentBrowser: Native class hierarchy updated for 'BlueprintGraph' in 0.0010 seconds. Added 116 classes and 0 folders.
[2018.11.30-13.12.19:327][142]LogMaterial: Missing cached shader map for material GridMaterial, compiling. 
[2018.11.30-13.12.19:408][142]LogMaterial: Missing cached shader map for material PersonaFloorMat, compiling. 
[2018.11.30-13.12.21:378][240]LogSlate: Took 0.005112 seconds to synchronously load lazily loaded font '../../../Engine/Content/Editor/Slate/Fonts/Roboto-BoldCondensed.ttf' (158K)
[2018.11.30-13.12.21:839][241]LogSlate: Took 0.001753 seconds to synchronously load lazily loaded font '../../../Engine/Content/Editor/Slate/Fonts/Roboto-Italic.ttf' (157K)
[2018.11.30-13.16.56:390][610]Cmd: QUIT_EDITOR
[2018.11.30-13.16.56:421][610]LogExit: Preparing to exit.
[2018.11.30-13.16.57:473][610]LogDirectoryWatcher: A directory notification for 'C:/Users/student.AII/Documents/GitHub/Tower_Defense_Game/game/Content/' was aborted.
[2018.11.30-13.16.57:506][610]LogExit: Editor shut down
[2018.11.30-13.16.57:511][610]LogExit: Transaction tracking system shut down
[2018.11.30-13.16.57:613][610]LogDirectoryWatcher: A directory notification for '../../../Engine/Content/' was aborted.
[2018.11.30-13.16.57:613][610]LogDirectoryWatcher: A directory notification for '../../../../../../Users/student.AII/Documents/GitHub/Tower_Defense_Game/game/Content/' was aborted.
[2018.11.30-13.16.57:613][610]LogDirectoryWatcher: A directory notification for '../../../Engine/Plugins/2D/Paper2D/Content/' was aborted.
[2018.11.30-13.16.57:613][610]LogDirectoryWatcher: A directory notification for '../../../Engine/Plugins/Media/MediaCompositing/Content/' was aborted.
[2018.11.30-13.16.57:613][610]LogDirectoryWatcher: A directory notification for '../../../Engine/Plugins/Runtime/AppleARKit/Content/' was aborted.
[2018.11.30-13.16.57:613][610]LogDirectoryWatcher: A directory notification for '../../../Engine/Plugins/Runtime/Oculus/OculusVR/Content/' was aborted.
[2018.11.30-13.16.57:613][610]LogDirectoryWatcher: A directory notification for '../../../Engine/Plugins/Runtime/Steam/SteamVR/Content/' was aborted.
[2018.11.30-13.16.57:713][610]LogExit: Object subsystem successfully closed.
[2018.11.30-13.16.57:746][610]LogD3D11RHI: Shutdown
[2018.11.30-13.16.57:746][610]LogD3D11RHI: CleanupD3DDevice
[2018.11.30-13.16.57:748][610]LogD3D11RHI: ~FD3D11DynamicRHI
[2018.11.30-13.16.57:769][610]LogModuleManager: Shutting down and abandoning module DataTableEditor (552)
[2018.11.30-13.16.57:769][610]LogModuleManager: Shutting down and abandoning module BlueprintGraph (550)
[2018.11.30-13.16.57:769][610]LogModuleManager: Shutting down and abandoning module HierarchicalLODOutliner (548)
[2018.11.30-13.16.57:769][610]LogModuleManager: Shutting down and abandoning module SceneOutliner (546)
[2018.11.30-13.16.57:769][610]LogModuleManager: Shutting down and abandoning module AddContentDialog (544)
[2018.11.30-13.16.57:769][610]LogDirectoryWatcher: A directory notification for 'C:/Program Files/Epic Games/UE_4.18/FeaturePacks/' was aborted.
[2018.11.30-13.16.57:780][610]LogModuleManager: Shutting down and abandoning module WidgetCarousel (543)
[2018.11.30-13.16.57:780][610]LogModuleManager: Shutting down and abandoning module EditorWidgets (540)
[2018.11.30-13.16.57:780][610]LogModuleManager: Shutting down and abandoning module CollectionManager (538)
[2018.11.30-13.16.57:781][610]LogDirectoryWatcher: A directory notification for 'C:/Users/student.AII/Documents/GitHub/Tower_Defense_Game/game/Content/Collections/' was aborted.
[2018.11.30-13.16.57:781][610]LogDirectoryWatcher: A directory notification for 'C:/Users/student.AII/Documents/GitHub/Tower_Defense_Game/game/Content/Developers/Student/Collections/' was aborted.
[2018.11.30-13.16.57:781][610]LogDirectoryWatcher: A directory notification for 'C:/Users/student.AII/Documents/GitHub/Tower_Defense_Game/game/Saved/Collections/' was aborted.
[2018.11.30-13.16.57:781][610]LogModuleManager: Shutting down and abandoning module StatsViewer (536)
[2018.11.30-13.16.57:781][610]LogModuleManager: Shutting down and abandoning module FoliageEdit (534)
[2018.11.30-13.16.57:781][610]LogModuleManager: Shutting down and abandoning module LandscapeEditor (532)
[2018.11.30-13.16.57:781][610]LogModuleManager: Shutting down and abandoning module MeshPaintMode (530)
[2018.11.30-13.16.57:781][610]LogModuleManager: Shutting down and abandoning module SceneDepthPickerMode (528)
[2018.11.30-13.16.57:781][610]LogModuleManager: Shutting down and abandoning module ActorPickerMode (526)
[2018.11.30-13.16.57:781][610]LogModuleManager: Shutting down and abandoning module GeometryMode (524)
[2018.11.30-13.16.57:781][610]LogModuleManager: Shutting down and abandoning module TextureAlignMode (522)
[2018.11.30-13.16.57:781][610]LogModuleManager: Shutting down and abandoning module BspMode (520)
[2018.11.30-13.16.57:781][610]LogModuleManager: Shutting down and abandoning module PIEPreviewDeviceProfileSelector (518)
[2018.11.30-13.16.57:781][610]LogModuleManager: Shutting down and abandoning module HardwareSurvey (516)
[2018.11.30-13.16.57:781][610]LogModuleManager: Shutting down and abandoning module SequenceRecorderSections (514)
[2018.11.30-13.16.57:781][610]LogModuleManager: Shutting down and abandoning module AutomationWorker (512)
[2018.11.30-13.16.57:781][610]LogModuleManager: Shutting down and abandoning module MatineeToLevelSequence (510)
[2018.11.30-13.16.57:782][610]LogModuleManager: Shutting down and abandoning module LevelSequenceEditor (508)
[2018.11.30-13.16.57:783][610]LogModuleManager: Shutting down and abandoning module PlacementMode (507)
[2018.11.30-13.16.57:783][610]LogModuleManager: Shutting down and abandoning module WmfMediaFactory (504)
[2018.11.30-13.16.57:783][610]LogModuleManager: Shutting down and abandoning module WmfMediaEditor (502)
[2018.11.30-13.16.57:783][610]LogModuleManager: Shutting down and abandoning module OpenExrWrapper (500)
[2018.11.30-13.16.57:783][610]LogModuleManager: Shutting down and abandoning module ImgMediaFactory (498)
[2018.11.30-13.16.57:783][610]LogModuleManager: Shutting down and abandoning module ImgMediaEditor (496)
[2018.11.30-13.16.57:783][610]LogModuleManager: Shutting down and abandoning module AvfMediaFactory (494)
[2018.11.30-13.16.57:783][610]LogModuleManager: Shutting down and abandoning module AvfMediaEditor (492)
[2018.11.30-13.16.57:783][610]LogModuleManager: Shutting down and abandoning module AndroidMediaFactory (490)
[2018.11.30-13.16.57:783][610]LogModuleManager: Shutting down and abandoning module AndroidMediaEditor (488)
[2018.11.30-13.16.57:783][610]LogModuleManager: Shutting down and abandoning module CharacterAI (486)
[2018.11.30-13.16.57:783][610]LogModuleManager: Shutting down and abandoning module AudioCapture (484)
[2018.11.30-13.16.57:783][610]LogModuleManager: Shutting down and abandoning module SequenceRecorder (483)
[2018.11.30-13.16.57:783][610]LogModuleManager: Shutting down and abandoning module SmartSnapping (480)
[2018.11.30-13.16.57:783][610]LogModuleManager: Shutting down and abandoning module SessionServices (478)
[2018.11.30-13.16.57:783][610]LogModuleManager: Shutting down and abandoning module ViewportSnapping (476)
[2018.11.30-13.16.57:783][610]LogModuleManager: Shutting down and abandoning module ViewportInteraction (474)
[2018.11.30-13.16.57:783][610]LogModuleManager: Shutting down and abandoning module ClothPainter (472)
[2018.11.30-13.16.57:784][610]LogModuleManager: Shutting down and abandoning module SkeletalMeshEditor (471)
[2018.11.30-13.16.57:785][610]LogModuleManager: Shutting down and abandoning module LogVisualizer (468)
[2018.11.30-13.16.57:785][610]LogModuleManager: Shutting down and abandoning module IntroTutorials (466)
[2018.11.30-13.16.57:785][610]LogModuleManager: Shutting down and abandoning module GameProjectGeneration (465)
[2018.11.30-13.16.57:786][610]LogModuleManager: Shutting down and abandoning module IOSPlatformEditor (462)
[2018.11.30-13.16.57:786][610]LogModuleManager: Shutting down and abandoning module HTML5PlatformEditor (460)
[2018.11.30-13.16.57:786][610]LogModuleManager: Shutting down and abandoning module AndroidPlatformEditor (458)
[2018.11.30-13.16.57:786][610]LogModuleManager: Shutting down and abandoning module AndroidDeviceDetection (457)
[2018.11.30-13.16.58:213][610]LogModuleManager: Shutting down and abandoning module WindowsPlatformEditor (454)
[2018.11.30-13.16.58:213][610]LogModuleManager: Shutting down and abandoning module IOSRuntimeSettings (452)
[2018.11.30-13.16.58:213][610]LogModuleManager: Shutting down and abandoning module AndroidRuntimeSettings (450)
[2018.11.30-13.16.58:213][610]LogModuleManager: Shutting down and abandoning module InputBindingEditor (448)
[2018.11.30-13.16.58:213][610]LogModuleManager: Shutting down and abandoning module MergeActors (446)
[2018.11.30-13.16.58:214][610]LogModuleManager: Shutting down and abandoning module SizeMap (444)
[2018.11.30-13.16.58:214][610]LogModuleManager: Shutting down and abandoning module TreeMap (442)
[2018.11.30-13.16.58:214][610]LogModuleManager: Shutting down and abandoning module ReferenceViewer (440)
[2018.11.30-13.16.58:214][610]LogModuleManager: Shutting down and abandoning module LocalizationDashboard (438)
[2018.11.30-13.16.58:215][610]LogModuleManager: Shutting down and abandoning module LocalizationService (437)
[2018.11.30-13.16.58:215][610]LogModuleManager: Shutting down and abandoning module HardwareTargeting (434)
[2018.11.30-13.16.58:215][610]LogModuleManager: Shutting down and abandoning module DeviceProfileEditor (432)
[2018.11.30-13.16.58:215][610]LogModuleManager: Shutting down and abandoning module UndoHistory (430)
[2018.11.30-13.16.58:215][610]LogModuleManager: Shutting down and abandoning module XmlParser (428)
[2018.11.30-13.16.58:215][610]LogModuleManager: Shutting down and abandoning module Blutility (426)
[2018.11.30-13.16.58:215][610]LogModuleManager: Shutting down and abandoning module ProjectSettingsViewer (424)
[2018.11.30-13.16.58:215][610]LogModuleManager: Shutting down and abandoning module ProjectTargetPlatformEditor (423)
[2018.11.30-13.16.58:215][610]LogModuleManager: Shutting down and abandoning module EditorSettingsViewer (420)
[2018.11.30-13.16.58:215][610]LogModuleManager: Shutting down and abandoning module SettingsEditor (418)
[2018.11.30-13.16.58:215][610]LogModuleManager: Shutting down and abandoning module ProjectLauncher (416)
[2018.11.30-13.16.58:216][610]LogModuleManager: Shutting down and abandoning module SessionFrontend (414)
[2018.11.30-13.16.58:216][610]LogModuleManager: Shutting down and abandoning module ProfilerClient (412)
[2018.11.30-13.16.58:216][610]LogModuleManager: Shutting down and abandoning module DeviceManager (410)
[2018.11.30-13.16.58:217][610]LogModuleManager: Shutting down and abandoning module TargetDeviceServices (409)
[2018.11.30-13.16.58:267][610]LogModuleManager: Shutting down and abandoning module AutomationController (406)
[2018.11.30-13.16.58:267][610]LogModuleManager: Shutting down and abandoning module AutomationWindow (404)
[2018.11.30-13.16.58:268][610]LogModuleManager: Shutting down and abandoning module Layers (402)
[2018.11.30-13.16.58:270][610]LogModuleManager: Shutting down and abandoning module ComponentVisualizers (400)
[2018.11.30-13.16.58:270][610]LogModuleManager: Shutting down and abandoning module DetailCustomizations (398)
[2018.11.30-13.16.58:270][610]LogModuleManager: Shutting down and abandoning module PackagesDialog (396)
[2018.11.30-13.16.58:271][610]LogModuleManager: Shutting down and abandoning module Persona (394)
[2018.11.30-13.16.58:272][610]LogModuleManager: Shutting down and abandoning module AdvancedPreviewScene (393)
[2018.11.30-13.16.58:272][610]LogModuleManager: Shutting down and abandoning module AnimGraph (391)
[2018.11.30-13.16.58:272][610]LogModuleManager: Shutting down and abandoning module Kismet (388)
[2018.11.30-13.16.58:279][610]LogModuleManager: Shutting down and abandoning module ClassViewer (386)
[2018.11.30-13.16.58:279][610]LogModuleManager: Shutting down and abandoning module Toolbox (384)
[2018.11.30-13.16.58:279][610]LogModuleManager: Shutting down and abandoning module ModuleUI (382)
[2018.11.30-13.16.58:280][610]LogModuleManager: Shutting down and abandoning module MovieSceneTools (380)
[2018.11.30-13.16.58:281][610]LogModuleManager: Shutting down and abandoning module OutputLog (378)
[2018.11.30-13.16.58:281][610]LogModuleManager: Shutting down and abandoning module GammaUI (376)
[2018.11.30-13.16.58:282][610]LogModuleManager: Shutting down and abandoning module Documentation (374)
[2018.11.30-13.16.58:282][610]LogModuleManager: Shutting down and abandoning module MovieSceneTracks (372)
[2018.11.30-13.16.58:282][610]LogModuleManager: Shutting down and abandoning module MovieScene (370)
[2018.11.30-13.16.58:283][610]LogModuleManager: Shutting down and abandoning module StreamingPauseRendering (368)
[2018.11.30-13.16.58:283][610]LogModuleManager: Shutting down and abandoning module LauncherPlatform (366)
[2018.11.30-13.16.58:283][610]LogModuleManager: Shutting down and abandoning module AnalyticsET (364)
[2018.11.30-13.16.58:283][610]LogModuleManager: Shutting down and abandoning module PortalServices (362)
[2018.11.30-13.16.58:283][610]LogModuleManager: Shutting down and abandoning module PortalRpc (360)
[2018.11.30-13.16.58:283][610]LogModuleManager: Shutting down and abandoning module MessagingRpc (358)
[2018.11.30-13.16.58:283][610]LogModuleManager: Shutting down and abandoning module AIModule (356)
[2018.11.30-13.16.58:283][610]LogModuleManager: Shutting down and abandoning module GameplayDebugger (355)
[2018.11.30-13.16.58:283][610]LogModuleManager: Shutting down and abandoning module AITestSuite (353)
[2018.11.30-13.16.58:283][610]LogModuleManager: Shutting down and abandoning module DesktopPlatform (350)
[2018.11.30-13.16.58:283][610]LogModuleManager: Shutting down and abandoning module ProfilerService (348)
[2018.11.30-13.16.58:471][610]LogModuleManager: Shutting down and abandoning module TaskGraph (346)
[2018.11.30-13.16.58:471][610]LogModuleManager: Shutting down and abandoning module SteamVRController (344)
[2018.11.30-13.16.58:471][610]LogModuleManager: Shutting down and abandoning module ProceduralMeshComponentEditor (342)
[2018.11.30-13.16.58:471][610]LogModuleManager: Shutting down and abandoning module ProceduralMeshComponent (340)
[2018.11.30-13.16.58:471][610]LogModuleManager: Shutting down and abandoning module OculusInput (338)
[2018.11.30-13.16.58:471][610]LogModuleManager: Shutting down and abandoning module MobilePatchingUtils (336)
[2018.11.30-13.16.58:471][610]LogModuleManager: Shutting down and abandoning module CustomMeshComponent (334)
[2018.11.30-13.16.58:471][610]LogModuleManager: Shutting down and abandoning module CableComponent (332)
[2018.11.30-13.16.58:471][610]LogModuleManager: Shutting down and abandoning module ArchVisCharacter (330)
[2018.11.30-13.16.58:471][610]LogModuleManager: Shutting down and abandoning module AndroidPermission (328)
[2018.11.30-13.16.58:471][610]LogModuleManager: Shutting down and abandoning module ActorSequence (324)
[2018.11.30-13.16.58:471][610]LogModuleManager: Shutting down and abandoning module MediaPlayerEditor (322)
[2018.11.30-13.16.58:472][610]LogModuleManager: Shutting down and abandoning module MediaCompositingEditor (320)
[2018.11.30-13.16.58:472][610]LogModuleManager: Shutting down and abandoning module MediaCompositing (318)
[2018.11.30-13.16.58:472][610]LogModuleManager: Shutting down and abandoning module HTML5Networking (316)
[2018.11.30-13.16.58:472][610]LogModuleManager: Shutting down and abandoning module AlembicImporter (314)
[2018.11.30-13.16.58:472][610]LogModuleManager: Shutting down and abandoning module AlembicLibrary (313)
[2018.11.30-13.16.58:473][610]LogModuleManager: Shutting down and abandoning module GeometryCache (312)
[2018.11.30-13.16.58:473][610]LogModuleManager: Shutting down and abandoning module GeometryCacheEd (311)
[2018.11.30-13.16.58:473][610]LogModuleManager: Shutting down and abandoning module SpeedTreeImporter (306)
[2018.11.30-13.16.58:473][610]LogModuleManager: Shutting down and abandoning module PluginBrowser (304)
[2018.11.30-13.16.58:473][610]LogModuleManager: Shutting down and abandoning module MobileLauncherProfileWizard (302)
[2018.11.30-13.16.58:474][610]LogModuleManager: Shutting down and abandoning module VisualStudioSourceCodeAccess (300)
[2018.11.30-13.16.58:474][610]LogModuleManager: Shutting down and abandoning module VisualStudioCodeSourceCodeAccess (298)
[2018.11.30-13.16.58:474][610]LogModuleManager: Shutting down and abandoning module UObjectPlugin (296)
[2018.11.30-13.16.58:474][610]LogModuleManager: Shutting down and abandoning module SubversionSourceControl (294)
[2018.11.30-13.16.58:474][610]LogModuleManager: Shutting down and abandoning module PerforceSourceControl (292)
[2018.11.30-13.16.58:474][610]LogModuleManager: Shutting down and abandoning module GitSourceControl (290)
[2018.11.30-13.16.58:474][610]LogModuleManager: Shutting down and abandoning module SourceControl (289)
[2018.11.30-13.16.58:474][610]LogModuleManager: Shutting down and abandoning module LightPropagationVolumeEditor (286)
[2018.11.30-13.16.58:474][610]LogModuleManager: Shutting down and abandoning module PaperTiledImporter (284)
[2018.11.30-13.16.58:474][610]LogModuleManager: Shutting down and abandoning module PaperSpriteSheetImporter (282)
[2018.11.30-13.16.58:474][610]LogModuleManager: Shutting down and abandoning module Paper2DEditor (280)
[2018.11.30-13.16.58:474][610]LogModuleManager: Shutting down and abandoning module MeshPaint (279)
[2018.11.30-13.16.58:475][610]LogModuleManager: Shutting down and abandoning module LevelEditor (277)
[2018.11.30-13.16.58:476][610]LogModuleManager: Shutting down and abandoning module PixelInspectorModule (276)
[2018.11.30-13.16.58:476][610]LogModuleManager: Shutting down and abandoning module MainFrame (274)
[2018.11.30-13.16.58:476][610]LogModuleManager: Shutting down and abandoning module HotReload (273)
[2018.11.30-13.16.58:476][610]LogModuleManager: Shutting down and abandoning module RuntimePhysXCooking (268)
[2018.11.30-13.16.58:476][610]LogModuleManager: Shutting down and abandoning module PhysXVehiclesEditor (266)
[2018.11.30-13.16.58:476][610]LogModuleManager: Shutting down and abandoning module PhysXVehicles (264)
[2018.11.30-13.16.58:476][610]LogModuleManager: Shutting down and abandoning module OculusEditor (262)
[2018.11.30-13.16.58:476][610]LogModuleManager: Shutting down and abandoning module LocationServicesBPLibrary (260)
[2018.11.30-13.16.58:476][610]LogModuleManager: Shutting down and abandoning module ImmediatePhysicsEditor (258)
[2018.11.30-13.16.58:476][610]LogModuleManager: Shutting down and abandoning module ImmediatePhysics (256)
[2018.11.30-13.16.58:476][610]LogModuleManager: Shutting down and abandoning module UdpMessaging (254)
[2018.11.30-13.16.58:576][610]LogModuleManager: Shutting down and abandoning module TcpMessaging (252)
[2018.11.30-13.16.58:676][610]LogModuleManager: Shutting down and abandoning module GameplayTagsEditor (250)
[2018.11.30-13.16.58:676][610]LogModuleManager: Shutting down and abandoning module FacialAnimationEditor (248)
[2018.11.30-13.16.58:676][610]LogModuleManager: Shutting down and abandoning module FacialAnimation (246)
[2018.11.30-13.16.58:676][610]LogModuleManager: Shutting down and abandoning module AssetManagerEditor (244)
[2018.11.30-13.16.58:676][610]LogModuleManager: Shutting down and abandoning module GraphEditor (243)
[2018.11.30-13.16.58:676][610]LogModuleManager: Shutting down and abandoning module ContentBrowser (241)
[2018.11.30-13.16.58:677][610]LogModuleManager: Shutting down and abandoning module LightPropagationVolumeRuntime (238)
[2018.11.30-13.16.58:677][610]LogModuleManager: Shutting down and abandoning module Paper2D (236)
[2018.11.30-13.16.58:677][610]LogModuleManager: Shutting down and abandoning module WindowsMoviePlayer (234)
[2018.11.30-13.16.58:677][610]LogModuleManager: Shutting down and abandoning module WmfMedia (232)
[2018.11.30-13.16.58:678][610]LogModuleManager: Shutting down and abandoning module ImgMedia (230)
[2018.11.30-13.16.58:678][610]LogModuleManager: Shutting down and abandoning module PacketHandler (228)
[2018.11.30-13.16.58:678][610]LogModuleManager: Shutting down and abandoning module ClothingSystemEditor (226)
[2018.11.30-13.16.58:678][610]LogModuleManager: Shutting down and abandoning module ClothingSystemRuntime (224)
[2018.11.30-13.16.58:679][610]LogModuleManager: Shutting down and abandoning module MediaAssets (222)
[2018.11.30-13.16.58:679][610]LogModuleManager: Shutting down and abandoning module Media (221)
[2018.11.30-13.16.58:684][610]LogModuleManager: Shutting down and abandoning module Overlay (218)
[2018.11.30-13.16.58:684][610]LogModuleManager: Shutting down and abandoning module OverlayEditor (217)
[2018.11.30-13.16.58:684][610]LogModuleManager: Shutting down and abandoning module VREditor (214)
[2018.11.30-13.16.58:684][610]LogModuleManager: Shutting down and abandoning module StringTableEditor (212)
[2018.11.30-13.16.58:684][610]LogModuleManager: Shutting down and abandoning module GameplayTasksEditor (210)
[2018.11.30-13.16.58:684][610]LogModuleManager: Shutting down and abandoning module BehaviorTreeEditor (208)
[2018.11.30-13.16.58:685][610]LogModuleManager: Shutting down and abandoning module FunctionalTesting (206)
[2018.11.30-13.16.58:685][610]LogModuleManager: Shutting down and abandoning module CollisionAnalyzer (204)
[2018.11.30-13.16.58:685][610]LogModuleManager: Shutting down and abandoning module WorkspaceMenuStructure (203)
[2018.11.30-13.16.58:685][610]LogModuleManager: Shutting down and abandoning module UMG (200)
[2018.11.30-13.16.58:685][610]LogModuleManager: Shutting down and abandoning module UMGEditor (199)
[2018.11.30-13.16.58:686][610]LogModuleManager: Shutting down and abandoning module Sequencer (198)
[2018.11.30-13.16.58:687][610]LogModuleManager: Shutting down and abandoning module MessageLog (195)
[2018.11.30-13.16.58:687][610]LogModuleManager: Shutting down and abandoning module SlateReflector (190)
[2018.11.30-13.16.58:688][610]LogModuleManager: Shutting down and abandoning module Slate (188)
[2018.11.30-13.16.58:688][610]LogModuleManager: Shutting down and abandoning module EditorStyle (186)
[2018.11.30-13.16.58:691][610]LogModuleManager: Shutting down and abandoning module MRMesh (184)
[2018.11.30-13.16.58:691][610]LogModuleManager: Shutting down and abandoning module SourceCodeAccess (182)
[2018.11.30-13.16.58:691][610]LogModuleManager: Shutting down and abandoning module HeadMountedDisplay (180)
[2018.11.30-13.16.58:691][610]LogModuleManager: Shutting down and abandoning module XAudio2 (178)
[2018.11.30-13.16.58:691][610]LogModuleManager: Shutting down and abandoning module Networking (176)
[2018.11.30-13.16.58:691][610]LogModuleManager: Shutting down and abandoning module Core (172)
[2018.11.30-13.16.58:691][610]LogModuleManager: Shutting down and abandoning module LevelSequence (168)
[2018.11.30-13.16.58:691][610]LogModuleManager: Shutting down and abandoning module DirectoryWatcher (166)
[2018.11.30-13.16.58:691][610]LogModuleManager: Shutting down and abandoning module KismetCompiler (164)
[2018.11.30-13.16.58:691][610]LogModuleManager: Shutting down and abandoning module MeshUtilities (162)
[2018.11.30-13.16.58:692][610]LogModuleManager: Shutting down and abandoning module MeshMergeUtilities (161)
[2018.11.30-13.16.58:692][610]LogModuleManager: Shutting down and abandoning module MeshReductionInterface (160)
[2018.11.30-13.16.58:692][610]LogModuleManager: Shutting down and abandoning module SimplygonSwarm (159)
[2018.11.30-13.16.58:692][610]LogModuleManager: Shutting down and abandoning module SimplygonMeshReduction (157)
[2018.11.30-13.16.58:692][610]LogModuleManager: Shutting down and abandoning module QuadricMeshReduction (155)
[2018.11.30-13.16.58:692][610]LogModuleManager: Shutting down and abandoning module MaterialBaking (151)
[2018.11.30-13.16.58:692][610]LogModuleManager: Shutting down and abandoning module DerivedDataCache (148)
[2018.11.30-13.16.58:759][610]LogDerivedDataCache: Shutdown
[2018.11.30-13.16.58:759][610]LogModuleManager: Shutting down and abandoning module TargetPlatform (146)
[2018.11.30-13.16.58:759][610]LogModuleManager: Shutting down and abandoning module VulkanShaderFormat (145)
[2018.11.30-13.16.58:759][610]LogModuleManager: Shutting down and abandoning module ShaderFormatVectorVM (143)
[2018.11.30-13.16.58:759][610]LogModuleManager: Shutting down and abandoning module ShaderFormatOpenGL (141)
[2018.11.30-13.16.58:760][610]LogModuleManager: Shutting down and abandoning module ShaderFormatD3D (139)
[2018.11.30-13.16.58:760][610]LogModuleManager: Shutting down and abandoning module MetalShaderFormat (137)
[2018.11.30-13.16.58:760][610]LogModuleManager: Shutting down and abandoning module TextureFormatUncompressed (135)
[2018.11.30-13.16.58:760][610]LogModuleManager: Shutting down and abandoning module TextureFormatPVR (133)
[2018.11.30-13.16.58:760][610]LogModuleManager: Shutting down and abandoning module TextureFormatDXT (131)
[2018.11.30-13.16.58:760][610]LogModuleManager: Shutting down and abandoning module TextureFormatIntelISPCTexComp (129)
[2018.11.30-13.16.58:760][610]LogModuleManager: Shutting down and abandoning module TextureFormatASTC (127)
[2018.11.30-13.16.58:760][610]LogModuleManager: Shutting down and abandoning module ImageWrapper (126)
[2018.11.30-13.16.58:760][610]LogModuleManager: Shutting down and abandoning module TextureFormatAndroid (123)
[2018.11.30-13.16.58:760][610]LogModuleManager: Shutting down and abandoning module AudioFormatOpus (121)
[2018.11.30-13.16.58:760][610]LogModuleManager: Shutting down and abandoning module AudioFormatOgg (119)
[2018.11.30-13.16.58:760][610]LogModuleManager: Shutting down and abandoning module AudioFormatADPCM (117)
[2018.11.30-13.16.58:760][610]LogModuleManager: Shutting down and abandoning module LinuxTargetPlatform (115)
[2018.11.30-13.16.58:760][610]LogModuleManager: Shutting down and abandoning module LinuxServerTargetPlatform (113)
[2018.11.30-13.16.58:760][610]LogModuleManager: Shutting down and abandoning module LinuxNoEditorTargetPlatform (111)
[2018.11.30-13.16.58:760][610]LogModuleManager: Shutting down and abandoning module LinuxClientTargetPlatform (109)
[2018.11.30-13.16.58:760][610]LogModuleManager: Shutting down and abandoning module TVOSTargetPlatform (107)
[2018.11.30-13.16.58:760][610]LogModuleManager: Shutting down and abandoning module Messaging (105)
[2018.11.30-13.16.58:760][610]LogModuleManager: Shutting down and abandoning module IOSTargetPlatform (103)
[2018.11.30-13.16.58:760][610]LogModuleManager: Shutting down and abandoning module HTML5TargetPlatform (101)
[2018.11.30-13.16.58:760][610]LogModuleManager: Shutting down and abandoning module AndroidTargetPlatform (99)
[2018.11.30-13.16.58:760][610]LogModuleManager: Shutting down and abandoning module Android_PVRTCTargetPlatform (97)
[2018.11.30-13.16.58:760][610]LogModuleManager: Shutting down and abandoning module Android_MultiTargetPlatform (95)
[2018.11.30-13.16.58:760][610]LogModuleManager: Shutting down and abandoning module Android_ETC2TargetPlatform (93)
[2018.11.30-13.16.58:760][610]LogModuleManager: Shutting down and abandoning module Android_ETC1TargetPlatform (91)
[2018.11.30-13.16.58:760][610]LogModuleManager: Shutting down and abandoning module Android_DXTTargetPlatform (89)
[2018.11.30-13.16.58:760][610]LogModuleManager: Shutting down and abandoning module Android_ATCTargetPlatform (87)
[2018.11.30-13.16.58:760][610]LogModuleManager: Shutting down and abandoning module Android_ASTCTargetPlatform (85)
[2018.11.30-13.16.58:760][610]LogModuleManager: Shutting down and abandoning module WindowsTargetPlatform (83)
[2018.11.30-13.16.58:760][610]LogModuleManager: Shutting down and abandoning module WindowsServerTargetPlatform (81)
[2018.11.30-13.16.58:761][610]LogModuleManager: Shutting down and abandoning module WindowsNoEditorTargetPlatform (79)
[2018.11.30-13.16.58:761][610]LogModuleManager: Shutting down and abandoning module WindowsClientTargetPlatform (77)
[2018.11.30-13.16.58:761][610]LogModuleManager: Shutting down and abandoning module MacTargetPlatform (75)
[2018.11.30-13.16.58:761][610]LogModuleManager: Shutting down and abandoning module MacServerTargetPlatform (73)
[2018.11.30-13.16.58:761][610]LogModuleManager: Shutting down and abandoning module MacNoEditorTargetPlatform (71)
[2018.11.30-13.16.58:761][610]LogModuleManager: Shutting down and abandoning module MacClientTargetPlatform (69)
[2018.11.30-13.16.58:761][610]LogModuleManager: Shutting down and abandoning module AllDesktopTargetPlatform (67)
[2018.11.30-13.16.58:761][610]LogModuleManager: Shutting down and abandoning module InputCore (64)
[2018.11.30-13.16.58:761][610]LogModuleManager: Shutting down and abandoning module Settings (62)
[2018.11.30-13.16.58:761][610]LogModuleManager: Shutting down and abandoning module PhysXCooking (60)
[2018.11.30-13.16.58:761][610]LogModuleManager: Shutting down and abandoning module SteamVR (58)
[2018.11.30-13.16.58:761][610]LogModuleManager: Shutting down and abandoning module OculusHMD (56)
[2018.11.30-13.16.58:761][610]LogModuleManager: Shutting down and abandoning module ExampleDeviceProfileSelector (54)
[2018.11.30-13.16.58:761][610]LogModuleManager: Shutting down and abandoning module AppleARKit (52)
[2018.11.30-13.16.58:761][610]LogModuleManager: Shutting down and abandoning module AugmentedReality (51)
[2018.11.30-13.16.58:761][610]LogModuleManager: Shutting down and abandoning module OnlineBlueprintSupport (48)
[2018.11.30-13.16.58:761][610]LogModuleManager: Shutting down and abandoning module OnlineSubsystem (44)
[2018.11.30-13.16.58:761][610]LogModuleManager: Shutting down and abandoning module XMPP (43)
[2018.11.30-13.16.58:762][610]LogModuleManager: Shutting down and abandoning module HTTP (41)
[2018.11.30-13.16.58:762][610]LogHttp: Display: Http module shutting down, but needs to wait on 1 outstanding Http requests:
[2018.11.30-13.16.58:762][610]LogHttp: Display: 	verb=[POST] url=[https://datarouter.ol.epicgames.com/datarouter/api/v1/public/data?SessionID=%7B51A0D7FC-4E5A-5F3C-EFEB-F2AD1E5F9A75%7D&AppID=UEEditor.Rocket.Release&AppVersion=4.18.3-3832480%2B%2B%2BUE4%2BRelease-4.18&UserID=762e575845e013b0886e6bb0a782edbd%7C%7Ccfba9cf8-1d2d-49df-a605-373394b8c8c7&AppEnvironment=datacollector-binary&UploadType=eteventstream] status=Processing
[2018.11.30-13.16.58:776][610]LogModuleManager: Shutting down and abandoning module SSL (40)
[2018.11.30-13.16.58:777][610]LogModuleManager: Shutting down and abandoning module AnimationModifiers (36)
[2018.11.30-13.16.58:777][610]LogModuleManager: Shutting down and abandoning module PropertyEditor (35)
[2018.11.30-13.16.58:777][610]LogModuleManager: Shutting down and abandoning module AudioEditor (32)
[2018.11.30-13.16.58:777][610]LogModuleManager: Shutting down and abandoning module TextureCompressor (30)
[2018.11.30-13.16.58:777][610]LogModuleManager: Shutting down and abandoning module ShaderCore (28)
[2018.11.30-13.16.58:778][610]LogModuleManager: Shutting down and abandoning module Landscape (26)
[2018.11.30-13.16.58:778][610]LogModuleManager: Shutting down and abandoning module SlateRHIRenderer (24)
[2018.11.30-13.16.58:779][610]LogModuleManager: Shutting down and abandoning module OpenGLDrv (22)
[2018.11.30-13.16.58:779][610]LogModuleManager: Shutting down and abandoning module D3D11RHI (20)
[2018.11.30-13.16.58:779][610]LogModuleManager: Shutting down and abandoning module AnimGraphRuntime (18)
[2018.11.30-13.16.58:779][610]LogModuleManager: Shutting down and abandoning module Renderer (16)
[2018.11.30-13.16.58:779][610]LogModuleManager: Shutting down and abandoning module Engine (14)
[2018.11.30-13.16.58:779][610]LogModuleManager: Shutting down and abandoning module CoreUObject (12)
[2018.11.30-13.16.58:779][610]LogModuleManager: Shutting down and abandoning module NetworkFile (10)
[2018.11.30-13.16.58:779][610]LogModuleManager: Shutting down and abandoning module CookedIterativeFile (8)
[2018.11.30-13.16.58:779][610]LogModuleManager: Shutting down and abandoning module StreamingFile (6)
[2018.11.30-13.16.58:779][610]LogModuleManager: Shutting down and abandoning module SandboxFile (4)
[2018.11.30-13.16.58:779][610]LogModuleManager: Shutting down and abandoning module PakFile (2)
[2018.11.30-13.16.58:781][610]LogExit: Exiting.
[2018.11.30-13.16.58:794][610]Log file closed, 11/30/18 08:16:58
