Log file open, 01/06/19 13:31:50
LogWindows: Failed to load 'aqProf.dll' (GetLastError=126)
LogWindows: File 'aqProf.dll' does not exist
LogWindows: Failed to load 'VSPerf140.dll' (GetLastError=126)
LogWindows: File 'VSPerf140.dll' does not exist
LogWindows: Failed to load 'VtuneApi.dll' (GetLastError=126)
LogWindows: File 'VtuneApi.dll' does not exist
LogWindows: Failed to load 'VtuneApi32e.dll' (GetLastError=126)
LogWindows: File 'VtuneApi32e.dll' does not exist
LogInit: Display: Running engine for game: game
LogPlatformFile: Not using cached read wrapper
LogInit: Display: RandInit(1190913024) SRandInit(1190913024).
LogInit: Read version file with build ID '3709383'
LogInit: Overriding engine version to CL 3832480, compatible CL 3709383
LogInit: Registered custom module enumerator with build ID '3709383'
LogTaskGraph: Started task graph with 5 named threads and 20 total threads with 3 sets of task threads.
LogStats: Stats thread started at 1.332606
LogD3D11RHI: Aftermath initialized
LogModuleManager: Display: Found up-to-date module file ../../../Engine/Plugins/2D/Paper2D/Binaries/Win64/UE4Editor-Paper2D.dll (API version 3709383).
LogModuleManager: Display: Found up-to-date module file ../../../Engine/Plugins/2D/Paper2D/Binaries/Win64/UE4Editor-Paper2DEditor.dll (API version 3709383).
LogModuleManager: Display: Found up-to-date module file ../../../Engine/Plugins/2D/Paper2D/Binaries/Win64/UE4Editor-PaperSpriteSheetImporter.dll (API version 3709383).
LogModuleManager: Display: Found up-to-date module file ../../../Engine/Plugins/2D/Paper2D/Binaries/Win64/UE4Editor-PaperTiledImporter.dll (API version 3709383).
LogModuleManager: Display: Found up-to-date module file ../../../Engine/Plugins/2D/Paper2D/Binaries/Win64/UE4Editor-SmartSnapping.dll (API version 3709383).
LogModuleManager: Display: Found up-to-date module file ../../../Engine/Plugins/Blendables/LightPropagationVolume/Binaries/Win64/UE4Editor-LightPropagationVolumeRuntime.dll (API version 3709383).
LogModuleManager: Display: Found up-to-date module file ../../../Engine/Plugins/Blendables/LightPropagationVolume/Binaries/Win64/UE4Editor-LightPropagationVolumeEditor.dll (API version 3709383).
LogModuleManager: Display: Found up-to-date module file ../../../Engine/Plugins/Developer/GitSourceControl/Binaries/Win64/UE4Editor-GitSourceControl.dll (API version 3709383).
LogModuleManager: Display: Found up-to-date module file ../../../Engine/Plugins/Developer/PerforceSourceControl/Binaries/Win64/UE4Editor-PerforceSourceControl.dll (API version 3709383).
LogModuleManager: Display: Found up-to-date module file ../../../Engine/Plugins/Developer/SubversionSourceControl/Binaries/Win64/UE4Editor-SubversionSourceControl.dll (API version 3709383).
LogModuleManager: Display: Found up-to-date module file ../../../Engine/Plugins/Developer/UObjectPlugin/Binaries/Win64/UE4Editor-UObjectPlugin.dll (API version 3709383).
LogModuleManager: Display: Found up-to-date module file ../../../Engine/Plugins/Developer/VisualStudioCodeSourceCodeAccess/Binaries/Win64/UE4Editor-VisualStudioCodeSourceCodeAccess.dll (API version 3709383).
LogModuleManager: Display: Found up-to-date module file ../../../Engine/Plugins/Developer/VisualStudioSourceCodeAccess/Binaries/Win64/UE4Editor-VisualStudioSourceCodeAccess.dll (API version 3709383).
LogModuleManager: Display: Found up-to-date module file ../../../Engine/Plugins/Editor/AssetManagerEditor/Binaries/Win64/UE4Editor-AssetManagerEditor.dll (API version 3709383).
LogModuleManager: Display: Found up-to-date module file ../../../Engine/Plugins/Editor/AudioCapture/Binaries/Win64/UE4Editor-AudioCapture.dll (API version 3709383).
LogModuleManager: Display: Found up-to-date module file ../../../Engine/Plugins/Editor/FacialAnimation/Binaries/Win64/UE4Editor-FacialAnimation.dll (API version 3709383).
LogModuleManager: Display: Found up-to-date module file ../../../Engine/Plugins/Editor/FacialAnimation/Binaries/Win64/UE4Editor-FacialAnimationEditor.dll (API version 3709383).
LogModuleManager: Display: Found up-to-date module file ../../../Engine/Plugins/Editor/GameplayTagsEditor/Binaries/Win64/UE4Editor-GameplayTagsEditor.dll (API version 3709383).
LogModuleManager: Display: Found up-to-date module file ../../../Engine/Plugins/Editor/MobileLauncherProfileWizard/Binaries/Win64/UE4Editor-MobileLauncherProfileWizard.dll (API version 3709383).
LogModuleManager: Display: Found up-to-date module file ../../../Engine/Plugins/Editor/PluginBrowser/Binaries/Win64/UE4Editor-PluginBrowser.dll (API version 3709383).
LogModuleManager: Display: Found up-to-date module file ../../../Engine/Plugins/Editor/SpeedTreeImporter/Binaries/Win64/UE4Editor-SpeedTreeImporter.dll (API version 3709383).
LogModuleManager: Display: Found up-to-date module file ../../../Engine/Plugins/Experimental/AlembicImporter/Binaries/Win64/UE4Editor-AlembicImporter.dll (API version 3709383).
LogModuleManager: Display: Found up-to-date module file ../../../Engine/Plugins/Experimental/AlembicImporter/Binaries/Win64/UE4Editor-AlembicLibrary.dll (API version 3709383).
LogModuleManager: Display: Found up-to-date module file ../../../Engine/Plugins/Experimental/CharacterAI/Binaries/Win64/UE4Editor-CharacterAI.dll (API version 3709383).
LogModuleManager: Display: Found up-to-date module file ../../../Engine/Plugins/Experimental/HTML5Networking/Binaries/Win64/UE4Editor-HTML5Networking.dll (API version 3709383).
LogModuleManager: Display: Found up-to-date module file ../../../Engine/Plugins/Media/AndroidMedia/Binaries/Win64/UE4Editor-AndroidMediaEditor.dll (API version 3709383).
LogModuleManager: Display: Found up-to-date module file ../../../Engine/Plugins/Media/AndroidMedia/Binaries/Win64/UE4Editor-AndroidMediaFactory.dll (API version 3709383).
LogModuleManager: Display: Found up-to-date module file ../../../Engine/Plugins/Media/AvfMedia/Binaries/Win64/UE4Editor-AvfMediaEditor.dll (API version 3709383).
LogModuleManager: Display: Found up-to-date module file ../../../Engine/Plugins/Media/AvfMedia/Binaries/Win64/UE4Editor-AvfMediaFactory.dll (API version 3709383).
LogModuleManager: Display: Found up-to-date module file ../../../Engine/Plugins/Media/AvfMedia/Binaries/Win64/UE4Editor-AvfMediaFactory.dll (API version 3709383).
LogModuleManager: Display: Found up-to-date module file ../../../Engine/Plugins/Media/ImgMedia/Binaries/Win64/UE4Editor-ImgMedia.dll (API version 3709383).
LogModuleManager: Display: Found up-to-date module file ../../../Engine/Plugins/Media/ImgMedia/Binaries/Win64/UE4Editor-ImgMediaEditor.dll (API version 3709383).
LogModuleManager: Display: Found up-to-date module file ../../../Engine/Plugins/Media/ImgMedia/Binaries/Win64/UE4Editor-ImgMediaFactory.dll (API version 3709383).
LogModuleManager: Display: Found up-to-date module file ../../../Engine/Plugins/Media/ImgMedia/Binaries/Win64/UE4Editor-ImgMediaFactory.dll (API version 3709383).
LogModuleManager: Display: Found up-to-date module file ../../../Engine/Plugins/Media/ImgMedia/Binaries/Win64/UE4Editor-OpenExrWrapper.dll (API version 3709383).
LogModuleManager: Display: Found up-to-date module file ../../../Engine/Plugins/Media/MediaCompositing/Binaries/Win64/UE4Editor-MediaCompositing.dll (API version 3709383).
LogModuleManager: Display: Found up-to-date module file ../../../Engine/Plugins/Media/MediaCompositing/Binaries/Win64/UE4Editor-MediaCompositingEditor.dll (API version 3709383).
LogModuleManager: Display: Found up-to-date module file ../../../Engine/Plugins/Media/MediaPlayerEditor/Binaries/Win64/UE4Editor-MediaPlayerEditor.dll (API version 3709383).
LogModuleManager: Display: Found up-to-date module file ../../../Engine/Plugins/Media/WmfMedia/Binaries/Win64/UE4Editor-WmfMedia.dll (API version 3709383).
LogModuleManager: Display: Found up-to-date module file ../../../Engine/Plugins/Media/WmfMedia/Binaries/Win64/UE4Editor-WmfMediaEditor.dll (API version 3709383).
LogModuleManager: Display: Found up-to-date module file ../../../Engine/Plugins/Media/WmfMedia/Binaries/Win64/UE4Editor-WmfMediaFactory.dll (API version 3709383).
LogModuleManager: Display: Found up-to-date module file ../../../Engine/Plugins/Media/WmfMedia/Binaries/Win64/UE4Editor-WmfMediaFactory.dll (API version 3709383).
LogModuleManager: Display: Found up-to-date module file ../../../Engine/Plugins/Messaging/TcpMessaging/Binaries/Win64/UE4Editor-TcpMessaging.dll (API version 3709383).
LogModuleManager: Display: Found up-to-date module file ../../../Engine/Plugins/Messaging/UdpMessaging/Binaries/Win64/UE4Editor-UdpMessaging.dll (API version 3709383).
LogModuleManager: Display: Found up-to-date module file ../../../Engine/Plugins/MovieScene/ActorSequence/Binaries/Win64/UE4Editor-ActorSequence.dll (API version 3709383).
LogModuleManager: Display: Found up-to-date module file ../../../Engine/Plugins/MovieScene/LevelSequenceEditor/Binaries/Win64/UE4Editor-LevelSequenceEditor.dll (API version 3709383).
LogModuleManager: Display: Found up-to-date module file ../../../Engine/Plugins/MovieScene/MatineeToLevelSequence/Binaries/Win64/UE4Editor-MatineeToLevelSequence.dll (API version 3709383).
LogModuleManager: Display: Found up-to-date module file ../../../Engine/Plugins/Online/OnlineSubsystem/Binaries/Win64/UE4Editor-OnlineSubsystem.dll (API version 3709383).
LogModuleManager: Display: Found up-to-date module file ../../../Engine/Plugins/Runtime/AndroidPermission/Binaries/Win64/UE4Editor-AndroidPermission.dll (API version 3709383).
LogModuleManager: Display: Found up-to-date module file ../../../Engine/Plugins/Online/OnlineSubsystemNull/Binaries/Win64/UE4Editor-OnlineSubsystemNull.dll (API version 3709383).
LogModuleManager: Display: Found up-to-date module file ../../../Engine/Plugins/Online/OnlineSubsystemUtils/Binaries/Win64/UE4Editor-OnlineSubsystemUtils.dll (API version 3709383).
LogModuleManager: Display: Found up-to-date module file ../../../Engine/Plugins/Online/OnlineSubsystemUtils/Binaries/Win64/UE4Editor-OnlineBlueprintSupport.dll (API version 3709383).
LogModuleManager: Display: Found up-to-date module file ../../../Engine/Plugins/Runtime/AndroidDeviceProfileSelector/Binaries/Win64/UE4Editor-AndroidDeviceProfileSelector.dll (API version 3709383).
LogModuleManager: Display: Found up-to-date module file ../../../Engine/Plugins/Runtime/AppleARKit/Binaries/Win64/UE4Editor-AppleARKit.dll (API version 3709383).
LogModuleManager: Display: Found up-to-date module file ../../../Engine/Plugins/Runtime/ArchVisCharacter/Binaries/Win64/UE4Editor-ArchVisCharacter.dll (API version 3709383).
LogModuleManager: Display: Found up-to-date module file ../../../Engine/Plugins/Runtime/CableComponent/Binaries/Win64/UE4Editor-CableComponent.dll (API version 3709383).
LogModuleManager: Display: Found up-to-date module file ../../../Engine/Plugins/Runtime/CustomMeshComponent/Binaries/Win64/UE4Editor-CustomMeshComponent.dll (API version 3709383).
LogModuleManager: Display: Found up-to-date module file ../../../Engine/Plugins/Runtime/ExampleDeviceProfileSelector/Binaries/Win64/UE4Editor-ExampleDeviceProfileSelector.dll (API version 3709383).
LogModuleManager: Display: Found up-to-date module file ../../../Engine/Plugins/Runtime/ImmediatePhysics/Binaries/Win64/UE4Editor-ImmediatePhysics.dll (API version 3709383).
LogModuleManager: Display: Found up-to-date module file ../../../Engine/Plugins/Runtime/ImmediatePhysics/Binaries/Win64/UE4Editor-ImmediatePhysicsEditor.dll (API version 3709383).
LogModuleManager: Display: Found up-to-date module file ../../../Engine/Plugins/Runtime/LocationServicesBPLibrary/Binaries/Win64/UE4Editor-LocationServicesBPLibrary.dll (API version 3709383).
LogModuleManager: Display: Found up-to-date module file ../../../Engine/Plugins/Runtime/MobilePatchingUtils/Binaries/Win64/UE4Editor-MobilePatchingUtils.dll (API version 3709383).
LogModuleManager: Display: Found up-to-date module file ../../../Engine/Plugins/Runtime/Oculus/OculusVR/Binaries/Win64/UE4Editor-OculusHMD.dll (API version 3709383).
LogModuleManager: Display: Found up-to-date module file ../../../Engine/Plugins/Runtime/Oculus/OculusVR/Binaries/Win64/UE4Editor-OculusInput.dll (API version 3709383).
LogModuleManager: Display: Found up-to-date module file ../../../Engine/Plugins/Runtime/Oculus/OculusVR/Binaries/Win64/UE4Editor-OculusEditor.dll (API version 3709383).
LogModuleManager: Display: Found up-to-date module file ../../../Engine/Plugins/Runtime/PhysXVehicles/Binaries/Win64/UE4Editor-PhysXVehicles.dll (API version 3709383).
LogModuleManager: Display: Found up-to-date module file ../../../Engine/Plugins/Runtime/PhysXVehicles/Binaries/Win64/UE4Editor-PhysXVehiclesEditor.dll (API version 3709383).
LogModuleManager: Display: Found up-to-date module file ../../../Engine/Plugins/Runtime/ProceduralMeshComponent/Binaries/Win64/UE4Editor-ProceduralMeshComponent.dll (API version 3709383).
LogModuleManager: Display: Found up-to-date module file ../../../Engine/Plugins/Runtime/ProceduralMeshComponent/Binaries/Win64/UE4Editor-ProceduralMeshComponentEditor.dll (API version 3709383).
LogModuleManager: Display: Found up-to-date module file ../../../Engine/Plugins/Runtime/RuntimePhysXCooking/Binaries/Win64/UE4Editor-RuntimePhysXCooking.dll (API version 3709383).
LogModuleManager: Display: Found up-to-date module file ../../../Engine/Plugins/Runtime/Steam/SteamVR/Binaries/Win64/UE4Editor-SteamVR.dll (API version 3709383).
LogModuleManager: Display: Found up-to-date module file ../../../Engine/Plugins/Runtime/Steam/SteamVR/Binaries/Win64/UE4Editor-SteamVRController.dll (API version 3709383).
LogModuleManager: Display: Found up-to-date module file ../../../Engine/Plugins/Runtime/WindowsMoviePlayer/Binaries/Win64/UE4Editor-WindowsMoviePlayer.dll (API version 3709383).
LogPluginManager: Mounting plugin Paper2D
LogPluginManager: Mounting plugin LightPropagationVolume
LogPluginManager: Mounting plugin CodeLiteSourceCodeAccess
LogPluginManager: Mounting plugin GitSourceControl
LogPluginManager: Mounting plugin KDevelopSourceCodeAccess
LogPluginManager: Mounting plugin NullSourceCodeAccess
LogPluginManager: Mounting plugin PerforceSourceControl
LogPluginManager: Mounting plugin SubversionSourceControl
LogPluginManager: Mounting plugin UObjectPlugin
LogPluginManager: Mounting plugin VisualStudioCodeSourceCodeAccess
LogPluginManager: Mounting plugin VisualStudioSourceCodeAccess
LogPluginManager: Mounting plugin XCodeSourceCodeAccess
LogPluginManager: Mounting plugin AssetManagerEditor
LogPluginManager: Mounting plugin AudioCapture
LogPluginManager: Mounting plugin FacialAnimation
LogPluginManager: Mounting plugin GameplayTagsEditor
LogPluginManager: Mounting plugin MobileLauncherProfileWizard
LogPluginManager: Mounting plugin PluginBrowser
LogPluginManager: Mounting plugin SpeedTreeImporter
LogPluginManager: Mounting plugin AlembicImporter
LogPluginManager: Mounting plugin CharacterAI
LogPluginManager: Mounting plugin HTML5Networking
LogPluginManager: Mounting plugin AndroidMedia
LogPluginManager: Mounting plugin AvfMedia
LogPluginManager: Mounting plugin ImgMedia
LogPluginManager: Mounting plugin MediaCompositing
LogPluginManager: Mounting plugin MediaPlayerEditor
LogPluginManager: Mounting plugin WmfMedia
LogPluginManager: Mounting plugin TcpMessaging
LogPluginManager: Mounting plugin UdpMessaging
LogPluginManager: Mounting plugin ActorSequence
LogPluginManager: Mounting plugin LevelSequenceEditor
LogPluginManager: Mounting plugin MatineeToLevelSequence
LogPluginManager: Mounting plugin OnlineSubsystemGooglePlay
LogPluginManager: Mounting plugin OnlineSubsystemIOS
LogPluginManager: Mounting plugin OnlineSubsystem
LogPluginManager: Mounting plugin OnlineSubsystemNull
LogPluginManager: Mounting plugin OnlineSubsystemUtils
LogPluginManager: Mounting plugin AndroidDeviceProfileSelector
LogPluginManager: Mounting plugin AndroidMoviePlayer
LogPluginManager: Mounting plugin AndroidPermission
LogPluginManager: Mounting plugin AppleARKit
LogPluginManager: Mounting plugin AppleMoviePlayer
LogPluginManager: Mounting plugin ArchVisCharacter
LogPluginManager: Mounting plugin CableComponent
LogPluginManager: Mounting plugin CustomMeshComponent
LogPluginManager: Mounting plugin ExampleDeviceProfileSelector
LogPluginManager: Mounting plugin GoogleCloudMessaging
LogPluginManager: Mounting plugin ImmediatePhysics
LogPluginManager: Mounting plugin IOSDeviceProfileSelector
LogPluginManager: Mounting plugin LinuxDeviceProfileSelector
LogPluginManager: Mounting plugin LocationServicesBPLibrary
LogPluginManager: Mounting plugin MobilePatchingUtils
LogPluginManager: Mounting plugin OculusVR
LogPluginManager: Plugin shader directory ../../../Engine/Plugins/Runtime/Oculus/OculusVR/Shaders found
LogPluginManager: Mapping shader source directory ../../../Engine/Plugins/Runtime/Oculus/OculusVR/Shaders to virtual directory /Plugin/OculusVR
LogPluginManager: Mounting plugin PhysXVehicles
LogPluginManager: Mounting plugin ProceduralMeshComponent
LogPluginManager: Mounting plugin RuntimePhysXCooking
LogPluginManager: Mounting plugin SteamVR
LogPluginManager: Mounting plugin WindowsMoviePlayer
LogInit: Using libcurl 7.47.1
LogInit:  - built for x86_64-pc-win32
LogInit:  - supports SSL with OpenSSL/1.0.2g
LogInit:  - supports HTTP deflate (compression) using libz 1.2.8
LogInit:  - other features:
LogInit:      CURL_VERSION_SSL
LogInit:      CURL_VERSION_LIBZ
LogInit:      CURL_VERSION_IPV6
LogInit:      CURL_VERSION_ASYNCHDNS
LogInit:      CURL_VERSION_LARGEFILE
LogInit:      CURL_VERSION_IDN
LogInit:  CurlRequestOptions (configurable via config and command line):
LogInit:  - bVerifyPeer = false  - Libcurl will NOT verify peer certificate
LogInit:  - bUseHttpProxy = false  - Libcurl will NOT use HTTP proxy
LogInit:  - bDontReuseConnections = false  - Libcurl will reuse connections
LogInit:  - CertBundlePath = nullptr  - Libcurl will use whatever was configured at build time.
LogInit: Build: ++UE4+Release-4.18-CL-3832480
LogInit: Engine Version: 4.18.3-3832480+++UE4+Release-4.18
LogInit: Compatible Engine Version: 4.18.0-3709383+++UE4+Release-4.18
LogInit: Net CL: 3709383
LogDevObjectVersion: Number of dev versions registered: 16
LogDevObjectVersion:   Dev-Blueprints (B0D832E4-1F89-4F0D-ACCF-7EB736FD4AA2): 10
LogDevObjectVersion:   Dev-Build (E1C64328-A22C-4D53-A36C-8E866417BD8C): 0
LogDevObjectVersion:   Dev-Core (375EC13C-06E4-48FB-B500-84F0262A717E): 2
LogDevObjectVersion:   Dev-Editor (E4B068ED-F494-42E9-A231-DA0B2E46BB41): 20
LogDevObjectVersion:   Dev-Framework (CFFC743F-43B0-4480-9391-14DF171D2073): 30
LogDevObjectVersion:   Dev-Mobile (B02B49B5-BB20-44E9-A304-32B752E40360): 0
LogDevObjectVersion:   Dev-Networking (A4E4105C-59A1-49B5-A7C5-40C4547EDFEE): 0
LogDevObjectVersion:   Dev-Online (39C831C9-5AE6-47DC-9A44-9C173E1C8E7C): 0
LogDevObjectVersion:   Dev-Physics (78F01B33-EBEA-4F98-B9B4-84EACCB95AA2): 0
LogDevObjectVersion:   Dev-Platform (6631380F-2D4D-43E0-8009-CF276956A95A): 0
LogDevObjectVersion:   Dev-Rendering (12F88B9F-8875-4AFC-A67C-D90C383ABD29): 20
LogDevObjectVersion:   Dev-Sequencer (7B5AE74C-D270-4C10-A958-57980B212A5A): 4
LogDevObjectVersion:   Dev-VR (D7296918-1DD6-4BDD-9DE2-64A83CC13884): 0
LogDevObjectVersion:   Dev-LoadTimes (C2A15278-BFE7-4AFE-6C17-90FF531DF755): 1
LogDevObjectVersion:   Private-Geometry (6EACA3D4-40EC-4CC1-B786-8BED09428FC5): 1
LogDevObjectVersion:   Dev-AnimPhys (29E575DD-E0A3-4627-9D10-D276232CDCEA): 12
LogInit: Compiled (64-bit): Jan 12 2018 02:04:55
LogInit: Compiled with Visual C++: 19.00.24215.01
LogInit: Build Configuration: Development
LogInit: Branch Name: ++UE4+Release-4.18
LogInit: Command line:  
LogInit: Base directory: C:/Program Files/Epic Games/UE_4.18/Engine/Binaries/Win64/
LogInit: Installed Engine Build: 1
LogInit: Presizing for max 8388607 objects, including 0 objects not considered by GC, pre-allocating 0 bytes for permanent pool.
LogInit: Object subsystem initialized
[2019.01.06-18.31.52:262][  0]LogInit: Selected Device Profile: [Windows]
[2019.01.06-18.31.52:262][  0]LogInit: Applying CVar settings loaded from the selected device profile: [Windows]
[2019.01.06-18.31.52:285][  0]LogInit: Computer: CLOCKWERK
[2019.01.06-18.31.52:285][  0]LogInit: User: katsa
[2019.01.06-18.31.52:285][  0]LogInit: CPU Page size=4096, Cores=6
[2019.01.06-18.31.52:285][  0]LogInit: High frequency timer resolution =3.117188 MHz
[2019.01.06-18.31.52:286][  0]LogMemory: Memory total: Physical=15.9GB (16GB approx)
[2019.01.06-18.31.52:286][  0]LogMemory: Platform Memory Stats for Windows
[2019.01.06-18.31.52:286][  0]LogMemory: Process Physical Memory: 276.20 MB used, 276.20 MB peak
[2019.01.06-18.31.52:286][  0]LogMemory: Process Virtual Memory: 270.32 MB used, 270.32 MB peak
[2019.01.06-18.31.52:286][  0]LogMemory: Physical Memory: 4488.91 MB used,  11807.41 MB free, 16296.33 MB total
[2019.01.06-18.31.52:286][  0]LogMemory: Virtual Memory: 4786.18 MB used,  11807.41 MB free, 134217728.00 MB total
[2019.01.06-18.31.52:691][  0]LogInit: Using OS detected language (en-US).
[2019.01.06-18.31.52:691][  0]LogInit: Using OS detected locale (en-US).
[2019.01.06-18.31.52:740][  0]LogTextLocalizationManager: No specific localization for 'en-US' exists, so the 'en' localization will be used.
[2019.01.06-18.31.53:120][  0]LogInit: Setting process to per monitor DPI aware
[2019.01.06-18.31.54:946][  0]LogD3D11RHI: D3D11 adapters:
[2019.01.06-18.31.55:003][  0]LogD3D11RHI:    0. 'NVIDIA GeForce GTX 1060 6GB' (Feature Level 11_0)
[2019.01.06-18.31.55:003][  0]LogD3D11RHI:       6052/0/8148 MB DedicatedVideo/DedicatedSystem/SharedSystem, Outputs:1, VendorId:0x10de
[2019.01.06-18.31.55:005][  0]LogD3D11RHI:    1. 'Microsoft Basic Render Driver' (Feature Level 11_0)
[2019.01.06-18.31.55:005][  0]LogD3D11RHI:       0/0/8148 MB DedicatedVideo/DedicatedSystem/SharedSystem, Outputs:0, VendorId:0x1414
[2019.01.06-18.31.55:005][  0]LogD3D11RHI: Chosen D3D11 Adapter: 0
[2019.01.06-18.31.55:010][  0]LogD3D11RHI: Creating new Direct3DDevice
[2019.01.06-18.31.55:011][  0]LogD3D11RHI:     GPU DeviceId: 0x1c03 (for the marketing name, search the web for "GPU Device Id")
[2019.01.06-18.31.55:011][  0]LogWindows: EnumDisplayDevices:
[2019.01.06-18.31.55:011][  0]LogWindows:    0. 'NVIDIA GeForce GTX 1060 6GB' (P:1 D:1)
[2019.01.06-18.31.55:011][  0]LogWindows:    1. 'NVIDIA GeForce GTX 1060 6GB' (P:0 D:0)
[2019.01.06-18.31.55:011][  0]LogWindows:    2. 'NVIDIA GeForce GTX 1060 6GB' (P:0 D:0)
[2019.01.06-18.31.55:011][  0]LogWindows:    3. 'NVIDIA GeForce GTX 1060 6GB' (P:0 D:0)
[2019.01.06-18.31.55:011][  0]LogWindows: DebugString: GetVideoDriverDetailsInvalid PrimaryIsNotTheChoosenAdapter GetVideoDriverDetailsInvalid PrimaryIsNotTheChoosenAdapter GetVideoDriverDetailsInvalid PrimaryIsNotTheChoosenAdapter GetVideoDriverDetailsInvalid PrimaryIsNotTheChoosenAdapter FoundDriverCount:0 
[2019.01.06-18.31.55:011][  0]LogD3D11RHI:     Adapter Name: NVIDIA GeForce GTX 1060 6GB
[2019.01.06-18.31.55:011][  0]LogD3D11RHI:   Driver Version: Unknown (internal:Unknown, unified:Unknown)
[2019.01.06-18.31.55:011][  0]LogD3D11RHI:      Driver Date: Unknown
[2019.01.06-18.31.55:011][  0]LogRHI: Texture pool is 4236 MB (70% of 6052 MB)
[2019.01.06-18.31.55:042][  0]LogD3D11RHI: Async texture creation enabled
[2019.01.06-18.31.55:088][  0]LogD3D11RHI: GPU Timing Frequency: 1000.000000 (Debug: 2 2)
[2019.01.06-18.31.55:147][  0]LogShaderCompilers: Guid format shader working directory is -34 characters bigger than the processId version (../../../../../../Users/katsa/OneDrive/Documents/GitHub/Tower_Defense_Game/game/Intermediate/Shaders/WorkingDirectory/10288/).
[2019.01.06-18.31.55:147][  0]LogShaderCompilers: Cleaned the shader compiler working directory 'C:/Users/katsa/AppData/Local/Temp/UnrealShaderWorkingDir/381BD3F2434ED348DA48CF813C80EC00/'.
[2019.01.06-18.31.55:148][  0]LogShaderCompilers: Display: Using Local Shader Compiler.
[2019.01.06-18.31.57:023][  0]LogTemp: Display: Loaded TP AllDesktopTargetPlatform
[2019.01.06-18.31.57:076][  0]LogTemp: Display: Loaded TP MacClientTargetPlatform
[2019.01.06-18.31.57:128][  0]LogTemp: Display: Loaded TP MacNoEditorTargetPlatform
[2019.01.06-18.31.57:181][  0]LogTemp: Display: Loaded TP MacServerTargetPlatform
[2019.01.06-18.31.57:237][  0]LogTemp: Display: Loaded TP MacTargetPlatform
[2019.01.06-18.31.57:291][  0]LogTemp: Display: Loaded TP WindowsClientTargetPlatform
[2019.01.06-18.31.57:345][  0]LogTemp: Display: Loaded TP WindowsNoEditorTargetPlatform
[2019.01.06-18.31.57:398][  0]LogTemp: Display: Loaded TP WindowsServerTargetPlatform
[2019.01.06-18.31.57:448][  0]LogTemp: Display: Loaded TP WindowsTargetPlatform
[2019.01.06-18.31.57:503][  0]LogTemp: Display: Loaded TP Android_ASTCTargetPlatform
[2019.01.06-18.31.57:556][  0]LogTemp: Display: Loaded TP Android_ATCTargetPlatform
[2019.01.06-18.31.57:608][  0]LogTemp: Display: Loaded TP Android_DXTTargetPlatform
[2019.01.06-18.31.57:662][  0]LogTemp: Display: Loaded TP Android_ETC1TargetPlatform
[2019.01.06-18.31.57:714][  0]LogTemp: Display: Loaded TP Android_ETC2TargetPlatform
[2019.01.06-18.31.57:824][  0]LogTemp: Display: Loaded TP Android_MultiTargetPlatform
[2019.01.06-18.31.57:824][  0]LogTemp: Display: Loaded TP Android_PVRTCTargetPlatform
[2019.01.06-18.31.57:880][  0]LogTemp: Display: Loaded TP AndroidTargetPlatform
[2019.01.06-18.31.57:926][  0]LogTemp: Display: Loaded TP HTML5TargetPlatform
[2019.01.06-18.31.58:035][  0]LogTemp: Display: Loaded TP IOSTargetPlatform
[2019.01.06-18.31.58:062][  0]LogTemp: Display: Loaded TP TVOSTargetPlatform
[2019.01.06-18.31.58:114][  0]LogTemp: Display: Loaded TP LinuxClientTargetPlatform
[2019.01.06-18.31.58:167][  0]LogTemp: Display: Loaded TP LinuxNoEditorTargetPlatform
[2019.01.06-18.31.58:219][  0]LogTemp: Display: Loaded TP LinuxServerTargetPlatform
[2019.01.06-18.31.58:276][  0]LogTemp: Display: Loaded TP LinuxTargetPlatform
[2019.01.06-18.31.58:276][  0]LogTargetPlatformManager: Display: Building Assets For Windows
[2019.01.06-18.31.58:942][  0]LogDerivedDataCache: Display: Max Cache Size: 512 MB
[2019.01.06-18.31.58:942][  0]LogDerivedDataCache: Display: Starting with empty Boot cache
[2019.01.06-18.31.58:943][  0]LogDerivedDataCache: FDerivedDataBackendGraph:  Pak pak cache file ../../../../../../Users/katsa/OneDrive/Documents/GitHub/Tower_Defense_Game/game/DerivedDataCache/DDC.ddp not found, will not use a pak cache.
[2019.01.06-18.31.58:943][  0]LogDerivedDataCache: Unable to find inner node Pak for hierarchical cache Hierarchy.
[2019.01.06-18.31.58:943][  0]LogDerivedDataCache: FDerivedDataBackendGraph:  CompressedPak pak cache file ../../../../../../Users/katsa/OneDrive/Documents/GitHub/Tower_Defense_Game/game/DerivedDataCache/Compressed.ddp not found, will not use a pak cache.
[2019.01.06-18.31.58:943][  0]LogDerivedDataCache: Unable to find inner node CompressedPak for hierarchical cache Hierarchy.
[2019.01.06-18.31.58:966][  0]LogDerivedDataCache: Display: Pak cache opened for reading ../../../Engine/DerivedDataCache/Compressed.ddp.
[2019.01.06-18.31.58:978][  0]LogDerivedDataCache: Using Local data cache path C:/Users/katsa/AppData/Local/UnrealEngine/Common/DerivedDataCache: Writable
[2019.01.06-18.31.59:005][  0]LogMaterial: Verifying Global Shaders for PCD3D_SM5
[2019.01.06-18.31.59:015][  0]LogSlate: Using Freetype 2.6.0
[2019.01.06-18.31.59:028][  0]LogSlate: SlateFontCache - WITH_FREETYPE: 1, WITH_HARFBUZZ: 1
[2019.01.06-18.31.59:028][  0]LogSlate: SlateFontCache - WITH_FREETYPE: 1, WITH_HARFBUZZ: 1
[2019.01.06-18.32.00:018][  0]LogInit: Selected Device Profile: [Windows]
[2019.01.06-18.32.00:239][  0]LogMaterial: Missing cached shader map for material WorldGridMaterial, compiling. Is special engine material.
[2019.01.06-18.32.21:729][  0]LogMaterial: Missing cached shader map for material DefaultDeferredDecalMaterial, compiling. 
[2019.01.06-18.32.26:011][  0]LogMaterial: Missing cached shader map for material DefaultLightFunctionMaterial, compiling. 
[2019.01.06-18.32.26:483][  0]LogMaterial: Missing cached shader map for material DefaultPostProcessMaterial, compiling. 
[2019.01.06-18.32.26:860][  0]LogMaterial: Missing cached shader map for material MatineeCam_mat, compiling. 
[2019.01.06-18.32.27:246][  0]LogSimplygon: Simplygon DLL not present - disabling.
[2019.01.06-18.32.27:305][  0]LogMeshReduction: Using SimplygonSwarm for distributed automatic mesh merging
[2019.01.06-18.32.27:306][  0]LogMeshReduction: Using QuadricMeshReduction for automatic static mesh reduction
[2019.01.06-18.32.27:306][  0]LogMeshReduction: No automatic skeletal mesh reduction module available
[2019.01.06-18.32.27:306][  0]LogMeshReduction: No automatic mesh merging module available
[2019.01.06-18.32.27:306][  0]LogMeshMerging: No automatic mesh merging module available
[2019.01.06-18.32.27:404][  0]LogNetVersion: game , NetCL: 3709383, EngineNetVer: 2, GameNetVer: 0 (Checksum: 1359646243)
[2019.01.06-18.32.27:498][  0]LogMaterial: Missing cached shader map for material HelpActorMaterial, compiling. 
[2019.01.06-18.32.27:883][  0]LogMaterial: Missing cached shader map for material DefaultTextMaterialOpaque, compiling. 
[2019.01.06-18.32.28:175][  0]LogAssetRegistry: FAssetRegistry took 0.0341 seconds to start up
[2019.01.06-18.32.28:281][  0]LogMaterial: Missing cached shader map for material Main, compiling. 
[2019.01.06-18.32.28:299][  0]LogMaterial: Missing cached shader map for material Xray, compiling. 
[2019.01.06-18.32.28:804][  0]LogMaterial: Missing cached shader map for material TransformGizmoMaterial, compiling. 
[2019.01.06-18.32.28:817][  0]LogMaterial: Missing cached shader map for material SnapGridMaterial, compiling. 
[2019.01.06-18.32.28:859][  0]LogMaterial: Missing cached shader map for material TranslucentTransformGizmoMaterial, compiling. 
[2019.01.06-18.32.29:075][  0]LogMaterial: Missing cached shader map for material CineMat, compiling. 
[2019.01.06-18.32.29:267][  0]LogMaterial: Missing cached shader map for material M_SimpleOpaque, compiling. 
[2019.01.06-18.32.29:334][  0]LogMaterial: Missing cached shader map for material M_SimpleTranslucent, compiling. 
[2019.01.06-18.32.29:574][  0]LogMaterial: Missing cached shader map for material Widget3DPassThrough, compiling. 
[2019.01.06-18.32.29:597][  0]LogMaterial: Missing cached shader map for material Widget3DPassThrough, compiling. 
[2019.01.06-18.32.29:645][  0]LogMaterial: Missing cached shader map for material Widget3DPassThrough, compiling. 
[2019.01.06-18.32.29:674][  0]LogMaterial: Missing cached shader map for material Widget3DPassThrough, compiling. 
[2019.01.06-18.32.29:695][  0]LogMaterial: Missing cached shader map for material Widget3DPassThrough, compiling. 
[2019.01.06-18.32.29:735][  0]LogMaterial: Missing cached shader map for material Widget3DPassThrough, compiling. 
[2019.01.06-18.32.30:031][  0]LogMaterial: Missing cached shader map for material SkySphereMaterial, compiling. 
[2019.01.06-18.32.30:072][  0]LogMaterial: Missing cached shader map for material FloorPlaneMaterial, compiling. 
[2019.01.06-18.32.30:509][  0]LogMaterial: Missing cached shader map for material LandscapeGizmo_Mat, compiling. 
[2019.01.06-18.32.30:550][  0]LogMaterial: Missing cached shader map for material LandscapeGizmoHeight_Mat, compiling. 
[2019.01.06-18.32.30:651][  0]LogMaterial: Missing cached shader map for material SplineEditorMeshMat, compiling. 
[2019.01.06-18.32.30:728][  0]LogMaterial: Missing cached shader map for material ARKitCameraMaterial, compiling. 
[2019.01.06-18.32.30:812][  0]LogMaterial: Missing cached shader map for material GearVRControllerMaterial, compiling. 
[2019.01.06-18.32.31:026][  0]LogPackageLocalizationCache: Processed 7 localized package path(s) for 2 prioritized culture(s) in 0.137522 seconds
[2019.01.06-18.32.31:040][  0]LogUObjectArray: 35870 objects as part of root set at end of initial load.
[2019.01.06-18.32.31:040][  0]LogUObjectAllocator: 7363704 out of 0 bytes used by permanent object pool.
[2019.01.06-18.32.31:040][  0]LogUObjectArray: CloseDisregardForGC: 0/0 objects in disregard for GC pool
[2019.01.06-18.32.31:170][  0]LogInit: WinSock: version 1.1 (2.2), MaxSocks=32767, MaxUdp=65467
[2019.01.06-18.32.37:965][  0]LogMaterial: Missing cached shader map for material GenericHMDMaterial, compiling. 
[2019.01.06-18.32.38:011][  0]LogMaterial: Missing cached shader map for material TeleportDirectionMaterial, compiling. 
[2019.01.06-18.32.38:058][  0]LogMaterial: Missing cached shader map for material LaserPointerMaterial, compiling. 
[2019.01.06-18.32.38:092][  0]LogMaterial: Missing cached shader map for material LaserPointerMaterial, compiling. 
[2019.01.06-18.32.38:158][  0]LogMaterial: Missing cached shader map for material VivePreControllerMaterial, compiling. 
[2019.01.06-18.32.38:196][  0]LogMaterial: Missing cached shader map for material ArrowMaterial, compiling. 
[2019.01.06-18.32.38:244][  0]LogMaterial: Missing cached shader map for material KeyDiskMaterial, compiling. 
[2019.01.06-18.32.38:283][  0]LogMaterial: Missing cached shader map for material GridMaterial, compiling. 
[2019.01.06-18.32.38:303][  0]LogMaterial: Missing cached shader map for material VRTextMaterial, compiling. 
[2019.01.06-18.32.38:332][  0]LogMaterial: Missing cached shader map for material GridPostProcess, compiling. 
[2019.01.06-18.32.38:390][  0]LogMaterial: Missing cached shader map for material OculusControllerMaterial, compiling. 
[2019.01.06-18.32.38:433][  0]LogMaterial: Missing cached shader map for material M_ContentWindow, compiling. 
[2019.01.06-18.32.38:500][  0]LogMaterial: Missing cached shader map for material FlattenHeightMat, compiling. 
[2019.01.06-18.32.38:549][  0]LogMaterial: Missing cached shader map for material LineMaterial, compiling. 
[2019.01.06-18.32.38:590][  0]LogMaterial: Missing cached shader map for material VRTextMaterial, compiling. 
[2019.01.06-18.32.40:596][  0]LogMaterial: Missing cached shader map for material DefaultSpriteMaterial, compiling. 
[2019.01.06-18.32.40:634][  0]LogMaterial: Missing cached shader map for material DefaultSpriteMaterial, compiling. 
[2019.01.06-18.32.41:645][  0]LogTcpMessaging: Initializing TcpMessaging bridge
[2019.01.06-18.32.41:735][  0]LogUdpMessaging: Initializing bridge on interface 0.0.0.0:0 to multicast group 230.0.0.1:6666.
[2019.01.06-18.32.42:460][  0]LogMaterial: Missing cached shader map for material DefaultMaterial, compiling. 
[2019.01.06-18.32.43:481][  0]LogMaterial: Missing cached shader map for material BaseColor, compiling. 
[2019.01.06-18.32.43:500][  0]LogMaterial: Missing cached shader map for material CustomDepth, compiling. 
[2019.01.06-18.32.43:540][  0]LogMaterial: Uniform references updated for custom material expression Custom.
[2019.01.06-18.32.43:544][  0]LogMaterial: Missing cached shader map for material CustomStencil, compiling. 
[2019.01.06-18.32.43:559][  0]LogMaterial: Missing cached shader map for material FinalImage, compiling. 
[2019.01.06-18.32.43:575][  0]LogMaterial: Missing cached shader map for material LightingModel, compiling. 
[2019.01.06-18.32.43:591][  0]LogMaterial: Missing cached shader map for material MaterialAO, compiling. 
[2019.01.06-18.32.43:606][  0]LogMaterial: Missing cached shader map for material Metallic, compiling. 
[2019.01.06-18.32.43:620][  0]LogMaterial: Missing cached shader map for material Opacity, compiling. 
[2019.01.06-18.32.43:635][  0]LogMaterial: Missing cached shader map for material Roughness, compiling. 
[2019.01.06-18.32.43:650][  0]LogMaterial: Missing cached shader map for material SceneColor, compiling. 
[2019.01.06-18.32.43:665][  0]LogMaterial: Missing cached shader map for material SceneDepth, compiling. 
[2019.01.06-18.32.43:683][  0]LogMaterial: Missing cached shader map for material SeparateTranslucencyRGB, compiling. 
[2019.01.06-18.32.43:701][  0]LogMaterial: Missing cached shader map for material SeparateTranslucencyA, compiling. 
[2019.01.06-18.32.43:721][  0]LogMaterial: Missing cached shader map for material Specular, compiling. 
[2019.01.06-18.32.43:739][  0]LogMaterial: Missing cached shader map for material SubsurfaceColor, compiling. 
[2019.01.06-18.32.43:754][  0]LogMaterial: Missing cached shader map for material WorldNormal, compiling. 
[2019.01.06-18.32.43:773][  0]LogMaterial: Missing cached shader map for material AmbientOcclusion, compiling. 
[2019.01.06-18.32.43:798][  0]LogMaterial: Missing cached shader map for material CustomDepthWorldUnits, compiling. 
[2019.01.06-18.32.43:813][  0]LogMaterial: Missing cached shader map for material SceneDepthWorldUnits, compiling. 
[2019.01.06-18.32.43:827][  0]LogMaterial: Missing cached shader map for material PreTonemapHDRColor, compiling. 
[2019.01.06-18.32.43:840][  0]LogMaterial: Missing cached shader map for material PostTonemapHDRColor, compiling. 
[2019.01.06-18.32.44:692][  0]SourceControl: Source control is disabled
[2019.01.06-18.32.44:692][  0]SourceControl: Source control is disabled
[2019.01.06-18.32.44:831][  0]SourceControl: Source control is disabled
[2019.01.06-18.32.44:957][  0]SourceControl: Source control is disabled
[2019.01.06-18.32.46:298][  0]LogMaterial: Missing cached shader map for material DefaultMediaPlaneMaterial, compiling. 
[2019.01.06-18.32.47:001][  0]LogAndroidPermission: UAndroidPermissionCallbackProxy::GetInstance
[2019.01.06-18.32.47:630][  0]LogOcInput: OculusInput pre-init called
[2019.01.06-18.32.48:205][  0]LogMaterial: Missing cached shader map for material HighResScreenshot, compiling. 
[2019.01.06-18.32.48:231][  0]LogMaterial: Missing cached shader map for material HighResScreenshotMask, compiling. 
[2019.01.06-18.32.48:257][  0]LogMaterial: Missing cached shader map for material HighResScreenshotCaptureRegion, compiling. 
[2019.01.06-18.32.48:368][  0]LogEngine: Initializing Engine...
[2019.01.06-18.32.48:377][  0]LogHMD: Failed to initialize OpenVR with code 110
[2019.01.06-18.32.48:384][  0]LogMaterial: Missing cached shader map for material WireframeMaterial, compiling. Is special engine material.
[2019.01.06-18.32.48:733][  0]LogMaterial: Missing cached shader map for material LevelColorationLitMaterial, compiling. Is special engine material.
[2019.01.06-18.32.49:652][  0]LogMaterial: Missing cached shader map for material LevelColorationUnlitMaterial, compiling. Is special engine material.
[2019.01.06-18.32.49:922][  0]LogMaterial: Missing cached shader map for material MAT_LevelColorationLitLightmapUV, compiling. Is special engine material.
[2019.01.06-18.32.50:823][  0]LogMaterial: Missing cached shader map for material ShadedLevelColorationLitMaterial, compiling. Is special engine material.
[2019.01.06-18.32.51:853][  0]LogMaterial: Missing cached shader map for material ShadedLevelColorationUnlitMateri, compiling. Is special engine material.
[2019.01.06-18.32.52:138][  0]LogMaterial: Missing cached shader map for material VertexColorMaterial, compiling. 
[2019.01.06-18.32.52:268][  0]LogMaterial: Missing cached shader map for material VertexColorViewMode_ColorOnly, compiling. 
[2019.01.06-18.32.52:299][  0]LogMaterial: Missing cached shader map for material VertexColorViewMode_AlphaAsColor, compiling. 
[2019.01.06-18.32.52:325][  0]LogMaterial: Missing cached shader map for material VertexColorViewMode_RedOnly, compiling. 
[2019.01.06-18.32.52:351][  0]LogMaterial: Missing cached shader map for material VertexColorViewMode_GreenOnly, compiling. 
[2019.01.06-18.32.52:378][  0]LogMaterial: Missing cached shader map for material VertexColorViewMode_BlueOnly, compiling. 
[2019.01.06-18.32.52:408][  0]LogMaterial: Missing cached shader map for material RemoveSurfaceMaterial, compiling. 
[2019.01.06-18.32.52:420][  0]LogMaterial: Missing cached shader map for material DebugMeshMaterial, compiling. 
[2019.01.06-18.32.52:445][  0]LogMaterial: Missing cached shader map for material M_InvalidLightmapSettings, compiling. 
[2019.01.06-18.32.52:506][  0]LogMaterial: Missing cached shader map for material GizmoMaterial, compiling. 
[2019.01.06-18.32.52:531][  0]LogMaterial: Missing cached shader map for material PhAT_JointLimitMaterial, compiling. 
[2019.01.06-18.32.52:563][  0]LogMaterial: Missing cached shader map for material GeomMaterial, compiling. 
[2019.01.06-18.32.52:583][  0]LogMaterial: Missing cached shader map for material EditorBrushMaterial, compiling. 
[2019.01.06-18.32.52:609][  0]LogMaterial: Missing cached shader map for material BoneWeightMaterial, compiling. 
[2019.01.06-18.32.52:770][  0]LogMaterial: Missing cached shader map for material ClothMaterial, compiling. 
[2019.01.06-18.32.52:798][  0]LogMaterial: Missing cached shader map for material ClothMaterial_WF, compiling. 
[2019.01.06-18.32.52:830][  0]LogMaterial: Missing cached shader map for material DebugEditorMaterial, compiling. 
[2019.01.06-18.32.52:851][  0]LogMaterial: Missing cached shader map for material PreviewShadowIndicatorMaterial, compiling. 
[2019.01.06-18.32.53:159][  0]LogStats: UGameplayTagsManager::ConstructGameplayTagTree: Construct from data asset -  0.000 s
[2019.01.06-18.32.53:160][  0]LogStats: UGameplayTagsManager::ConstructGameplayTagTree: GameplayTagTreeChangedEvent.Broadcast -  0.000 s
[2019.01.06-18.32.53:464][  0]LogAIModule: Creating AISystem for world Untitled
[2019.01.06-18.32.53:502][  0]LogInit: XAudio2 using 'Speakers (Realtek High Definition Audio)' : 2 channels at 48 kHz using 32 bits per sample (channel mask 0x3)
[2019.01.06-18.32.53:568][  0]LogInit: FAudioDevice initialized.
[2019.01.06-18.32.53:664][  0]LogDerivedDataCache: Saved boot cache 0.10s 69MB C:/Users/katsa/AppData/Local/UnrealEngine/4.18/DerivedDataCache/Boot.ddc.
[2019.01.06-18.32.53:704][  0]LogInit: Texture streaming: Enabled
[2019.01.06-18.32.53:948][  0]LogEngineSessionManager: EngineSessionManager initialized
[2019.01.06-18.32.54:285][  0]LogInit: Transaction tracking system initialized
[2019.01.06-18.32.55:057][  0]BlueprintLog: New page: Editor Load
[2019.01.06-18.32.57:379][  0]LocalizationService: Localization service is disabled
[2019.01.06-18.32.59:150][  0]LogConsoleResponse: Display: 
[2019.01.06-18.32.59:237][  0]LogMaterial: Missing cached shader map for material Cross_Mat, compiling. 
[2019.01.06-18.32.59:271][  0]LogMaterial: Missing cached shader map for material PhAT_BoneSelectedMaterial, compiling. 
[2019.01.06-18.32.59:300][  0]LogMaterial: Missing cached shader map for material PhAT_ElemSelectedMaterial, compiling. 
[2019.01.06-18.32.59:326][  0]LogMaterial: Missing cached shader map for material PhAT_NoCollisionMaterial, compiling. 
[2019.01.06-18.32.59:351][  0]LogMaterial: Missing cached shader map for material PhAT_UnselectedMaterial, compiling. 
[2019.01.06-18.32.59:384][  0]LogMaterial: Missing cached shader map for material Tick_Mat, compiling. 
[2019.01.06-18.32.59:425][  0]LogMaterial: Missing cached shader map for material WidgetGridVertexColorMaterial_Ma, compiling. 
[2019.01.06-18.32.59:451][  0]LogMaterial: Missing cached shader map for material WidgetMaterial, compiling. 
[2019.01.06-18.32.59:472][  0]LogMaterial: Missing cached shader map for material WidgetMaterial_Current, compiling. 
[2019.01.06-18.32.59:495][  0]LogMaterial: Missing cached shader map for material WidgetMaterial_X, compiling. 
[2019.01.06-18.32.59:520][  0]LogMaterial: Missing cached shader map for material WidgetMaterial_Y, compiling. 
[2019.01.06-18.32.59:541][  0]LogMaterial: Missing cached shader map for material WidgetMaterial_Z, compiling. 
[2019.01.06-18.32.59:564][  0]LogMaterial: Missing cached shader map for material WidgetVertexColorMaterial, compiling. 
[2019.01.06-18.32.59:636][  0]LogMaterial: Missing cached shader map for material LevelGridMaterial, compiling. 
[2019.01.06-18.32.59:709][  0]LogMaterial: Missing cached shader map for material BlinkingCaret, compiling. 
[2019.01.06-18.32.59:772][  0]LogMaterial: Missing cached shader map for material M_StreamingPause, compiling. 
[2019.01.06-18.32.59:827][  0]LogCook: Display: Max memory allowance for cook 16384mb min free memory 0mb
[2019.01.06-18.32.59:828][  0]LogFileCache: Scanning file cache for directory 'C:/Users/katsa/OneDrive/Documents/GitHub/Tower_Defense_Game/game/Content/' took 0.02s
[2019.01.06-18.32.59:828][  0]LogCook: Display: Mobile HDR setting 1
[2019.01.06-18.32.59:828][  0]LogGameplayTags: Display: UGameplayTagsManager::DoneAddingNativeTags. DelegateIsBound: 0
[2019.01.06-18.33.02:699][  0]SourceControl: Source control is disabled
[2019.01.06-18.33.02:816][  0]LogSlate: Took 0.008982 seconds to synchronously load lazily loaded font '../../../Engine/Content/Slate/Fonts/Roboto-Regular.ttf' (155K)
[2019.01.06-18.33.13:290][  0]LogWindowsTextInputMethodSystem: Display: IME system now deactivated.
[2019.01.06-18.33.13:302][  0]LogWindowsTextInputMethodSystem: Display: IME system now deactivated.
[2019.01.06-18.33.15:552][  0]LogWindowsTextInputMethodSystem: Display: IME system now deactivated.
[2019.01.06-18.33.15:803][  0]LogWindowsTextInputMethodSystem: Display: IME system now deactivated.
[2019.01.06-18.33.15:807][  0]Cmd: MAP LOAD FILE="../../../../../../Users/katsa/OneDrive/Documents/GitHub/Tower_Defense_Game/game/Content/TopDownBP/Maps/TopDownExampleMap.umap" TEMPLATE=0 SHOWPROGRESS=1 FEATURELEVEL=3
[2019.01.06-18.33.15:809][  0]LightingResults: New page: Lighting Build
[2019.01.06-18.33.15:933][  0]MapCheck: New page: Map Check
[2019.01.06-18.33.15:933][  0]LightingResults: New page: Lighting Build
[2019.01.06-18.33.16:500][  0]LogBlueprint: Warning: [Compiler BUILDER_TOWER_BP] Set : 'TowerStruct' variable not found. Base class was probably changed. /Game/tower/BUILDER_TOWER_BP.BUILDER_TOWER_BP
[2019.01.06-18.33.16:500][  0]LogBlueprint: Warning: [Compiler BUILDER_TOWER_BP] Set TowerStruct : 'TowerStruct' variable not found. Base class was probably changed. /Game/tower/BUILDER_TOWER_BP.BUILDER_TOWER_BP
[2019.01.06-18.33.16:620][  0]LogBlueprint: Warning: [Compiler BUILDER_TOWER_BP] [0089.41] Compile of BUILDER_TOWER_BP successful, but with 2 Warning(s) [in 135 ms] (/Game/tower/BUILDER_TOWER_BP.BUILDER_TOWER_BP)
[2019.01.06-18.33.16:747][  0]LogTexture: Display: Building textures: HQ_Lightmap1_3 (AutoDXT, 64X64)
[2019.01.06-18.33.16:747][  0]LogTexture: Display: Building textures: LQ_Lightmap_1_3 (DXT1, 64X64)
[2019.01.06-18.33.16:747][  0]LogTexture: Display: Building textures: SkyOcclusion1_2 (AutoDXT, 256X128)
[2019.01.06-18.33.16:747][  0]LogTexture: Display: Building textures: HQ_Lightmap1_2 (AutoDXT, 256X256)
[2019.01.06-18.33.16:747][  0]LogTexture: Display: Building textures: SkyOcclusion1_3 (AutoDXT, 64X32)
[2019.01.06-18.33.16:747][  0]LogTexture: Display: Building textures: LQ_Lightmap_1_2 (DXT1, 256X256)
[2019.01.06-18.33.16:747][  0]LogTexture: Display: Building textures: moaZR (BGRA8, 825X825)
[2019.01.06-18.33.16:747][  0]LogTexture: Display: Building textures: ShadowMapTexture2D_3 (G8, 32X32)
[2019.01.06-18.33.16:747][  0]LogTexture: Display: Building textures: SkyOcclusion1_1 (AutoDXT, 1024X512)
[2019.01.06-18.33.16:747][  0]LogTexture: Display: Building textures: ShadowMapTexture2D_2 (G8, 1024X1024)
[2019.01.06-18.33.16:747][  0]LogTexture: Display: Building textures: HQ_Lightmap1_1 (AutoDXT, 1024X1024)
[2019.01.06-18.33.16:747][  0]LogTexture: Display: Building textures: LQ_Lightmap_1_1 (DXT1, 1024X1024)
[2019.01.06-18.33.16:747][  0]LogMaterial: Missing cached shader map for material GREEN_TRANSLUCENT, compiling. 
[2019.01.06-18.33.16:849][  0]LogStaticMesh: Building static mesh Primordial_Hill_Tower...
[2019.01.06-18.33.16:855][  0]LogStaticMesh: Built static mesh [0.01s] /Game/Geometry/Meshes/Primordial_Hill_Tower.Primordial_Hill_Tower
[2019.01.06-18.33.16:860][  0]LogMaterial: Missing cached shader map for material M_UE4Man_Body, compiling. 
[2019.01.06-18.33.17:056][  0]LogMaterial: Missing cached shader map for material M_UE4Man_Body, compiling. 
[2019.01.06-18.33.17:252][  0]LogMaterial: Missing cached shader map for material grid, compiling. 
[2019.01.06-18.33.17:330][  0]LogMaterial: Missing cached shader map for material RED_TRANSLUCENT1, compiling. 
[2019.01.06-18.33.17:376][  0]LogStaticMesh: Building static mesh pyramid...
[2019.01.06-18.33.17:381][  0]LogStaticMesh: Built static mesh [0.01s] /Game/Geometry/Meshes/pyramid.pyramid
[2019.01.06-18.33.17:386][  0]LogMaterial: Missing cached shader map for material CubeMaterial, compiling. 
[2019.01.06-18.33.17:608][  0]LogMaterial: Missing cached shader map for material M_Sky_Panning_Clouds2, compiling. 
[2019.01.06-18.33.17:674][  0]LogStaticMesh: Building static mesh Obelisk_Tower...
[2019.01.06-18.33.17:676][  0]LogStaticMesh: Built static mesh [0.00s] /Game/Geometry/Meshes/Obelisk_Tower.Obelisk_Tower
[2019.01.06-18.33.17:677][  0]LogStaticMesh: Building static mesh ankh...
[2019.01.06-18.33.17:682][  0]LogStaticMesh: Built static mesh [0.01s] /Game/Geometry/Meshes/ankh.ankh
[2019.01.06-18.33.17:865][  0]LogAIModule: Creating AISystem for world TopDownExampleMap
[2019.01.06-18.33.18:371][  0]LogEditorServer: Finished looking for orphan Actors (0.000 secs)
[2019.01.06-18.33.18:405][  0]Cmd: MAP CHECKDEP NOCLEARLOG
[2019.01.06-18.33.18:503][  0]MapCheck: Map check complete: 0 Error(s), 0 Warning(s), took 96.804ms to complete.
[2019.01.06-18.33.18:503][  0]LogFileHelpers: Loading map 'TopDownExampleMap' took 2.698
[2019.01.06-18.33.18:756][  0]LogStats: Warning: MetaData mismatch. Did you assign a stat to two groups? New //STATGROUP_Threads//SplashScreenThread///Thread_34a0_0///####STATCAT_Advanced#### old //STATGROUP_Threads//SplashScreenThread///Thread_1e08_0///####STATCAT_Advanced####
[2019.01.06-18.33.18:757][  0]LogCollectionManager: Loaded 0 collections in 0.003364 seconds
[2019.01.06-18.33.18:922][  0]LogFileCache: Scanning file cache for directory 'C:/Users/katsa/OneDrive/Documents/GitHub/Tower_Defense_Game/game/Saved/Collections/' took 0.01s
[2019.01.06-18.33.18:922][  0]LogFileCache: Scanning file cache for directory 'C:/Users/katsa/OneDrive/Documents/GitHub/Tower_Defense_Game/game/Content/Developers/katsa/Collections/' took 0.01s
[2019.01.06-18.33.18:922][  0]LogFileCache: Scanning file cache for directory 'C:/Users/katsa/OneDrive/Documents/GitHub/Tower_Defense_Game/game/Content/Collections/' took 0.01s
[2019.01.06-18.33.18:922][  0]LogCollectionManager: Rebuilt the GUID cache for 0 collections in 0.000001 seconds
[2019.01.06-18.33.18:938][  0]LogContentBrowser: Native class hierarchy populated in 0.0136 seconds. Added 2363 classes and 519 folders.
[2019.01.06-18.33.19:093][  0]LogContentBrowser: Native class hierarchy updated for 'WidgetCarousel' in 0.0004 seconds. Added 0 classes and 0 folders.
[2019.01.06-18.33.19:677][  0]LogContentBrowser: Native class hierarchy updated for 'AddContentDialog' in 0.0004 seconds. Added 0 classes and 0 folders.
[2019.01.06-18.33.19:786][  0]LogContentBrowser: Native class hierarchy updated for 'SceneOutliner' in 0.0004 seconds. Added 1 classes and 2 folders.
[2019.01.06-18.33.19:897][  0]LogSlate: Took 0.009734 seconds to synchronously load lazily loaded font '../../../Engine/Content/Slate/Fonts/Roboto-Bold.ttf' (160K)
[2019.01.06-18.33.19:914][  0]LogSlate: Took 0.009161 seconds to synchronously load lazily loaded font '../../../Engine/Content/Editor/Slate/Fonts/FontAwesome.ttf' (139K)
[2019.01.06-18.33.20:048][  0]LogMaterial: Missing cached shader map for material LevelGridMaterial2, compiling. 
[2019.01.06-18.33.20:156][  0]LogRenderer: Reallocating scene render targets to support 1208x576 Format 10 NumSamples 1 (Frame:1).
[2019.01.06-18.33.20:260][  0]LogSlate: Took 0.006520 seconds to synchronously load lazily loaded font '../../../Engine/Content/Slate/Fonts/Roboto-Light.ttf' (159K)
[2019.01.06-18.33.20:629][  0]LogContentBrowser: Native class hierarchy updated for 'HierarchicalLODOutliner' in 0.0004 seconds. Added 1 classes and 2 folders.
[2019.01.06-18.33.20:629][  0]LogLoad: (Engine Initialization) Total time: 93.41 seconds
[2019.01.06-18.33.20:629][  0]LogLoad: (Engine Initialization) Total Blueprint compile time: 0.00 seconds
[2019.01.06-18.33.20:629][  0]LogExternalProfiler: No external profilers were discovered.  External profiling features will not be available.
[2019.01.06-18.33.20:662][  0]LogContentStreaming: Texture pool size now 1000 MB
[2019.01.06-18.33.20:720][  1]LogAssetRegistry: Asset discovery search completed in 52.5676 seconds
[2019.01.06-18.33.20:723][  1]LogCollectionManager: Rebuilt the object cache for 0 collections in 0.000001 seconds (found 0 objects)
[2019.01.06-18.33.20:723][  1]LogCollectionManager: Fixed up redirectors for 0 collections in 0.000094 seconds (updated 0 objects)
[2019.01.06-18.33.21:670][ 80]LogSlate: Took 0.000198 seconds to synchronously load lazily loaded font '../../../Engine/Content/Slate/Fonts/Roboto-Light.ttf' (159K)
[2019.01.06-18.33.35:045][344]LogSlate: Took 0.000268 seconds to synchronously load lazily loaded font '../../../Engine/Content/Slate/Fonts/Roboto-Light.ttf' (159K)
[2019.01.06-18.33.35:527][344]LogContentBrowser: Native class hierarchy updated for 'BlueprintGraph' in 0.0006 seconds. Added 116 classes and 0 folders.
[2019.01.06-18.33.36:459][344]LogMaterial: Missing cached shader map for material GridMaterial, compiling. 
[2019.01.06-18.33.36:508][344]LogMaterial: Missing cached shader map for material PersonaFloorMat, compiling. 
[2019.01.06-18.33.36:730][344]LogContentBrowser: Native class hierarchy updated for 'MaterialEditor' in 0.0003 seconds. Added 1 classes and 0 folders.
[2019.01.06-18.33.36:737][344]LogMaterial: Missing cached shader map for material grid, compiling. 
[2019.01.06-18.33.37:085][344]LogMaterial: Missing cached shader map for material M_SkyBox, compiling. 
[2019.01.06-18.33.37:220][344]LogMaterial: Missing cached shader map for material grid, compiling. 
[2019.01.06-18.33.37:258][344]LogMaterial: Missing cached shader map for material grid, compiling. 
[2019.01.06-18.33.37:321][344]LogMaterial: Missing cached shader map for material FMatExpressionPreview MaterialExpressionTextureSample_1, compiling. 
[2019.01.06-18.33.37:687][344]LogSlate: Took 0.008980 seconds to synchronously load lazily loaded font '../../../Engine/Content/Editor/Slate/Fonts/Roboto-BoldCondensed.ttf' (158K)
[2019.01.06-18.33.38:131][345]LogSlate: Took 0.008377 seconds to synchronously load lazily loaded font '../../../Engine/Content/Editor/Slate/Fonts/Roboto-Italic.ttf' (157K)
[2019.01.06-18.33.39:937][442]MaterialEditorStats: Base pass shader: 48 instructions
[2019.01.06-18.33.39:937][442]MaterialEditorStats: Base pass shader with Volumetric Lightmap: 75 instructions
[2019.01.06-18.33.39:937][442]MaterialEditorStats: Vertex shader: 124 instructions
[2019.01.06-18.33.39:937][442]MaterialEditorStats: Texture samplers: 3/16
[2019.01.06-18.33.39:937][442]MaterialEditorStats: User interpolators: 2/4 Scalars (1/4 Vectors) (TexCoords: 2, Custom: 0)
[2019.01.06-18.33.40:291][461]BlueprintLog: New page: Compile BUILDER_TOWER_BP
[2019.01.06-18.33.49:400][913]LogActorComponent: UnregisterComponent: (/Engine/Transient.EditorFloorComp) Not registered. Aborting.
[2019.01.06-18.43.25:834][657]Cmd: QUIT_EDITOR
[2019.01.06-18.43.25:859][657]LogWindowsTextInputMethodSystem: Display: IME system now deactivated.
[2019.01.06-18.43.25:870][657]LogExit: Preparing to exit.
[2019.01.06-18.43.26:102][657]LogDirectoryWatcher: A directory notification for 'C:/Users/katsa/OneDrive/Documents/GitHub/Tower_Defense_Game/game/Content/' was aborted.
[2019.01.06-18.43.26:126][657]LogExit: Editor shut down
[2019.01.06-18.43.26:129][657]LogExit: Transaction tracking system shut down
[2019.01.06-18.43.26:315][657]LogDirectoryWatcher: A directory notification for '../../../Engine/Content/' was aborted.
[2019.01.06-18.43.26:315][657]LogDirectoryWatcher: A directory notification for '../../../../../../Users/katsa/OneDrive/Documents/GitHub/Tower_Defense_Game/game/Content/' was aborted.
[2019.01.06-18.43.26:315][657]LogDirectoryWatcher: A directory notification for '../../../Engine/Plugins/2D/Paper2D/Content/' was aborted.
[2019.01.06-18.43.26:315][657]LogDirectoryWatcher: A directory notification for '../../../Engine/Plugins/Media/MediaCompositing/Content/' was aborted.
[2019.01.06-18.43.26:315][657]LogDirectoryWatcher: A directory notification for '../../../Engine/Plugins/Runtime/AppleARKit/Content/' was aborted.
[2019.01.06-18.43.26:315][657]LogDirectoryWatcher: A directory notification for '../../../Engine/Plugins/Runtime/Oculus/OculusVR/Content/' was aborted.
[2019.01.06-18.43.26:315][657]LogDirectoryWatcher: A directory notification for '../../../Engine/Plugins/Runtime/Steam/SteamVR/Content/' was aborted.
[2019.01.06-18.43.26:384][657]LogExit: Object subsystem successfully closed.
[2019.01.06-18.43.26:404][657]LogD3D11RHI: Shutdown
[2019.01.06-18.43.26:404][657]LogD3D11RHI: CleanupD3DDevice
[2019.01.06-18.43.26:409][657]LogD3D11RHI: ~FD3D11DynamicRHI
[2019.01.06-18.43.26:449][657]LogModuleManager: Shutting down and abandoning module MaterialEditor (552)
[2019.01.06-18.43.26:449][657]LogModuleManager: Shutting down and abandoning module BlueprintGraph (550)
[2019.01.06-18.43.26:449][657]LogModuleManager: Shutting down and abandoning module HierarchicalLODOutliner (548)
[2019.01.06-18.43.26:449][657]LogModuleManager: Shutting down and abandoning module SceneOutliner (546)
[2019.01.06-18.43.26:450][657]LogModuleManager: Shutting down and abandoning module AddContentDialog (544)
[2019.01.06-18.43.26:450][657]LogDirectoryWatcher: A directory notification for 'C:/Program Files/Epic Games/UE_4.18/FeaturePacks/' was aborted.
[2019.01.06-18.43.26:450][657]LogModuleManager: Shutting down and abandoning module WidgetCarousel (543)
[2019.01.06-18.43.26:450][657]LogModuleManager: Shutting down and abandoning module EditorWidgets (540)
[2019.01.06-18.43.26:450][657]LogModuleManager: Shutting down and abandoning module CollectionManager (538)
[2019.01.06-18.43.26:450][657]LogDirectoryWatcher: A directory notification for 'C:/Users/katsa/OneDrive/Documents/GitHub/Tower_Defense_Game/game/Content/Collections/' was aborted.
[2019.01.06-18.43.26:450][657]LogDirectoryWatcher: A directory notification for 'C:/Users/katsa/OneDrive/Documents/GitHub/Tower_Defense_Game/game/Content/Developers/katsa/Collections/' was aborted.
[2019.01.06-18.43.26:450][657]LogDirectoryWatcher: A directory notification for 'C:/Users/katsa/OneDrive/Documents/GitHub/Tower_Defense_Game/game/Saved/Collections/' was aborted.
[2019.01.06-18.43.26:450][657]LogModuleManager: Shutting down and abandoning module StatsViewer (536)
[2019.01.06-18.43.26:450][657]LogModuleManager: Shutting down and abandoning module FoliageEdit (534)
[2019.01.06-18.43.26:450][657]LogModuleManager: Shutting down and abandoning module LandscapeEditor (532)
[2019.01.06-18.43.26:451][657]LogModuleManager: Shutting down and abandoning module MeshPaintMode (530)
[2019.01.06-18.43.26:451][657]LogModuleManager: Shutting down and abandoning module SceneDepthPickerMode (528)
[2019.01.06-18.43.26:451][657]LogModuleManager: Shutting down and abandoning module ActorPickerMode (526)
[2019.01.06-18.43.26:451][657]LogModuleManager: Shutting down and abandoning module GeometryMode (524)
[2019.01.06-18.43.26:451][657]LogModuleManager: Shutting down and abandoning module TextureAlignMode (522)
[2019.01.06-18.43.26:451][657]LogModuleManager: Shutting down and abandoning module BspMode (520)
[2019.01.06-18.43.26:451][657]LogModuleManager: Shutting down and abandoning module PIEPreviewDeviceProfileSelector (518)
[2019.01.06-18.43.26:451][657]LogModuleManager: Shutting down and abandoning module HardwareSurvey (516)
[2019.01.06-18.43.26:451][657]LogModuleManager: Shutting down and abandoning module SequenceRecorderSections (514)
[2019.01.06-18.43.26:451][657]LogModuleManager: Shutting down and abandoning module AutomationWorker (512)
[2019.01.06-18.43.26:451][657]LogModuleManager: Shutting down and abandoning module MatineeToLevelSequence (510)
[2019.01.06-18.43.26:451][657]LogModuleManager: Shutting down and abandoning module LevelSequenceEditor (508)
[2019.01.06-18.43.26:452][657]LogModuleManager: Shutting down and abandoning module PlacementMode (507)
[2019.01.06-18.43.26:452][657]LogModuleManager: Shutting down and abandoning module WmfMediaFactory (504)
[2019.01.06-18.43.26:452][657]LogModuleManager: Shutting down and abandoning module WmfMediaEditor (502)
[2019.01.06-18.43.26:452][657]LogModuleManager: Shutting down and abandoning module OpenExrWrapper (500)
[2019.01.06-18.43.26:452][657]LogModuleManager: Shutting down and abandoning module ImgMediaFactory (498)
[2019.01.06-18.43.26:453][657]LogModuleManager: Shutting down and abandoning module ImgMediaEditor (496)
[2019.01.06-18.43.26:453][657]LogModuleManager: Shutting down and abandoning module AvfMediaFactory (494)
[2019.01.06-18.43.26:453][657]LogModuleManager: Shutting down and abandoning module AvfMediaEditor (492)
[2019.01.06-18.43.26:453][657]LogModuleManager: Shutting down and abandoning module AndroidMediaFactory (490)
[2019.01.06-18.43.26:453][657]LogModuleManager: Shutting down and abandoning module AndroidMediaEditor (488)
[2019.01.06-18.43.26:453][657]LogModuleManager: Shutting down and abandoning module CharacterAI (486)
[2019.01.06-18.43.26:453][657]LogModuleManager: Shutting down and abandoning module AudioCapture (484)
[2019.01.06-18.43.26:453][657]LogModuleManager: Shutting down and abandoning module SequenceRecorder (483)
[2019.01.06-18.43.26:453][657]LogModuleManager: Shutting down and abandoning module SmartSnapping (480)
[2019.01.06-18.43.26:453][657]LogModuleManager: Shutting down and abandoning module SessionServices (478)
[2019.01.06-18.43.26:453][657]LogModuleManager: Shutting down and abandoning module ViewportSnapping (476)
[2019.01.06-18.43.26:453][657]LogModuleManager: Shutting down and abandoning module ViewportInteraction (474)
[2019.01.06-18.43.26:453][657]LogModuleManager: Shutting down and abandoning module ClothPainter (472)
[2019.01.06-18.43.26:453][657]LogModuleManager: Shutting down and abandoning module SkeletalMeshEditor (471)
[2019.01.06-18.43.26:454][657]LogModuleManager: Shutting down and abandoning module LogVisualizer (468)
[2019.01.06-18.43.26:454][657]LogModuleManager: Shutting down and abandoning module IntroTutorials (466)
[2019.01.06-18.43.26:454][657]LogModuleManager: Shutting down and abandoning module GameProjectGeneration (465)
[2019.01.06-18.43.26:455][657]LogModuleManager: Shutting down and abandoning module IOSPlatformEditor (462)
[2019.01.06-18.43.26:455][657]LogModuleManager: Shutting down and abandoning module HTML5PlatformEditor (460)
[2019.01.06-18.43.26:455][657]LogModuleManager: Shutting down and abandoning module AndroidPlatformEditor (458)
[2019.01.06-18.43.26:455][657]LogModuleManager: Shutting down and abandoning module AndroidDeviceDetection (457)
[2019.01.06-18.43.26:620][657]LogModuleManager: Shutting down and abandoning module WindowsPlatformEditor (454)
[2019.01.06-18.43.26:620][657]LogModuleManager: Shutting down and abandoning module IOSRuntimeSettings (452)
[2019.01.06-18.43.26:620][657]LogModuleManager: Shutting down and abandoning module AndroidRuntimeSettings (450)
[2019.01.06-18.43.26:620][657]LogModuleManager: Shutting down and abandoning module InputBindingEditor (448)
[2019.01.06-18.43.26:620][657]LogModuleManager: Shutting down and abandoning module MergeActors (446)
[2019.01.06-18.43.26:621][657]LogModuleManager: Shutting down and abandoning module SizeMap (444)
[2019.01.06-18.43.26:621][657]LogModuleManager: Shutting down and abandoning module TreeMap (442)
[2019.01.06-18.43.26:621][657]LogModuleManager: Shutting down and abandoning module ReferenceViewer (440)
[2019.01.06-18.43.26:621][657]LogModuleManager: Shutting down and abandoning module LocalizationDashboard (438)
[2019.01.06-18.43.26:622][657]LogModuleManager: Shutting down and abandoning module LocalizationService (437)
[2019.01.06-18.43.26:623][657]LogModuleManager: Shutting down and abandoning module HardwareTargeting (434)
[2019.01.06-18.43.26:623][657]LogModuleManager: Shutting down and abandoning module DeviceProfileEditor (432)
[2019.01.06-18.43.26:623][657]LogModuleManager: Shutting down and abandoning module UndoHistory (430)
[2019.01.06-18.43.26:623][657]LogModuleManager: Shutting down and abandoning module XmlParser (428)
[2019.01.06-18.43.26:623][657]LogModuleManager: Shutting down and abandoning module Blutility (426)
[2019.01.06-18.43.26:623][657]LogModuleManager: Shutting down and abandoning module ProjectSettingsViewer (424)
[2019.01.06-18.43.26:623][657]LogModuleManager: Shutting down and abandoning module ProjectTargetPlatformEditor (423)
[2019.01.06-18.43.26:623][657]LogModuleManager: Shutting down and abandoning module EditorSettingsViewer (420)
[2019.01.06-18.43.26:624][657]LogModuleManager: Shutting down and abandoning module SettingsEditor (418)
[2019.01.06-18.43.26:624][657]LogModuleManager: Shutting down and abandoning module ProjectLauncher (416)
[2019.01.06-18.43.26:625][657]LogModuleManager: Shutting down and abandoning module SessionFrontend (414)
[2019.01.06-18.43.26:625][657]LogModuleManager: Shutting down and abandoning module ProfilerClient (412)
[2019.01.06-18.43.26:626][657]LogModuleManager: Shutting down and abandoning module DeviceManager (410)
[2019.01.06-18.43.26:626][657]LogModuleManager: Shutting down and abandoning module TargetDeviceServices (409)
[2019.01.06-18.43.26:680][657]LogModuleManager: Shutting down and abandoning module AutomationController (406)
[2019.01.06-18.43.26:680][657]LogModuleManager: Shutting down and abandoning module AutomationWindow (404)
[2019.01.06-18.43.26:682][657]LogModuleManager: Shutting down and abandoning module Layers (402)
[2019.01.06-18.43.26:685][657]LogModuleManager: Shutting down and abandoning module ComponentVisualizers (400)
[2019.01.06-18.43.26:685][657]LogModuleManager: Shutting down and abandoning module DetailCustomizations (398)
[2019.01.06-18.43.26:685][657]LogModuleManager: Shutting down and abandoning module PackagesDialog (396)
[2019.01.06-18.43.26:686][657]LogModuleManager: Shutting down and abandoning module Persona (394)
[2019.01.06-18.43.26:688][657]LogModuleManager: Shutting down and abandoning module AdvancedPreviewScene (393)
[2019.01.06-18.43.26:688][657]LogModuleManager: Shutting down and abandoning module AnimGraph (391)
[2019.01.06-18.43.26:688][657]LogModuleManager: Shutting down and abandoning module Kismet (388)
[2019.01.06-18.43.26:699][657]LogModuleManager: Shutting down and abandoning module ClassViewer (386)
[2019.01.06-18.43.26:699][657]LogModuleManager: Shutting down and abandoning module Toolbox (384)
[2019.01.06-18.43.26:699][657]LogModuleManager: Shutting down and abandoning module ModuleUI (382)
[2019.01.06-18.43.26:700][657]LogModuleManager: Shutting down and abandoning module MovieSceneTools (380)
[2019.01.06-18.43.26:701][657]LogModuleManager: Shutting down and abandoning module OutputLog (378)
[2019.01.06-18.43.26:701][657]LogModuleManager: Shutting down and abandoning module GammaUI (376)
[2019.01.06-18.43.26:702][657]LogModuleManager: Shutting down and abandoning module Documentation (374)
[2019.01.06-18.43.26:702][657]LogModuleManager: Shutting down and abandoning module MovieSceneTracks (372)
[2019.01.06-18.43.26:702][657]LogModuleManager: Shutting down and abandoning module MovieScene (370)
[2019.01.06-18.43.26:702][657]LogModuleManager: Shutting down and abandoning module StreamingPauseRendering (368)
[2019.01.06-18.43.26:702][657]LogModuleManager: Shutting down and abandoning module LauncherPlatform (366)
[2019.01.06-18.43.26:702][657]LogModuleManager: Shutting down and abandoning module AnalyticsET (364)
[2019.01.06-18.43.26:702][657]LogModuleManager: Shutting down and abandoning module PortalServices (362)
[2019.01.06-18.43.26:703][657]LogModuleManager: Shutting down and abandoning module PortalRpc (360)
[2019.01.06-18.43.26:703][657]LogModuleManager: Shutting down and abandoning module MessagingRpc (358)
[2019.01.06-18.43.26:703][657]LogModuleManager: Shutting down and abandoning module AIModule (356)
[2019.01.06-18.43.26:703][657]LogModuleManager: Shutting down and abandoning module GameplayDebugger (355)
[2019.01.06-18.43.26:703][657]LogModuleManager: Shutting down and abandoning module AITestSuite (353)
[2019.01.06-18.43.26:703][657]LogModuleManager: Shutting down and abandoning module DesktopPlatform (350)
[2019.01.06-18.43.26:703][657]LogModuleManager: Shutting down and abandoning module ProfilerService (348)
[2019.01.06-18.43.26:905][657]LogModuleManager: Shutting down and abandoning module TaskGraph (346)
[2019.01.06-18.43.26:905][657]LogModuleManager: Shutting down and abandoning module SteamVRController (344)
[2019.01.06-18.43.26:905][657]LogModuleManager: Shutting down and abandoning module ProceduralMeshComponentEditor (342)
[2019.01.06-18.43.26:905][657]LogModuleManager: Shutting down and abandoning module ProceduralMeshComponent (340)
[2019.01.06-18.43.26:905][657]LogModuleManager: Shutting down and abandoning module OculusInput (338)
[2019.01.06-18.43.26:905][657]LogModuleManager: Shutting down and abandoning module MobilePatchingUtils (336)
[2019.01.06-18.43.26:905][657]LogModuleManager: Shutting down and abandoning module CustomMeshComponent (334)
[2019.01.06-18.43.26:905][657]LogModuleManager: Shutting down and abandoning module CableComponent (332)
[2019.01.06-18.43.26:905][657]LogModuleManager: Shutting down and abandoning module ArchVisCharacter (330)
[2019.01.06-18.43.26:905][657]LogModuleManager: Shutting down and abandoning module AndroidPermission (328)
[2019.01.06-18.43.26:905][657]LogModuleManager: Shutting down and abandoning module ActorSequence (324)
[2019.01.06-18.43.26:905][657]LogModuleManager: Shutting down and abandoning module MediaPlayerEditor (322)
[2019.01.06-18.43.26:906][657]LogModuleManager: Shutting down and abandoning module MediaCompositingEditor (320)
[2019.01.06-18.43.26:906][657]LogModuleManager: Shutting down and abandoning module MediaCompositing (318)
[2019.01.06-18.43.26:906][657]LogModuleManager: Shutting down and abandoning module HTML5Networking (316)
[2019.01.06-18.43.26:906][657]LogModuleManager: Shutting down and abandoning module AlembicImporter (314)
[2019.01.06-18.43.26:907][657]LogModuleManager: Shutting down and abandoning module AlembicLibrary (313)
[2019.01.06-18.43.26:907][657]LogModuleManager: Shutting down and abandoning module GeometryCache (312)
[2019.01.06-18.43.26:907][657]LogModuleManager: Shutting down and abandoning module GeometryCacheEd (311)
[2019.01.06-18.43.26:907][657]LogModuleManager: Shutting down and abandoning module SpeedTreeImporter (306)
[2019.01.06-18.43.26:907][657]LogModuleManager: Shutting down and abandoning module PluginBrowser (304)
[2019.01.06-18.43.26:908][657]LogModuleManager: Shutting down and abandoning module MobileLauncherProfileWizard (302)
[2019.01.06-18.43.26:908][657]LogModuleManager: Shutting down and abandoning module VisualStudioSourceCodeAccess (300)
[2019.01.06-18.43.26:908][657]LogModuleManager: Shutting down and abandoning module VisualStudioCodeSourceCodeAccess (298)
[2019.01.06-18.43.26:908][657]LogModuleManager: Shutting down and abandoning module UObjectPlugin (296)
[2019.01.06-18.43.26:908][657]LogModuleManager: Shutting down and abandoning module SubversionSourceControl (294)
[2019.01.06-18.43.26:908][657]LogModuleManager: Shutting down and abandoning module PerforceSourceControl (292)
[2019.01.06-18.43.26:909][657]LogModuleManager: Shutting down and abandoning module GitSourceControl (290)
[2019.01.06-18.43.26:909][657]LogModuleManager: Shutting down and abandoning module SourceControl (289)
[2019.01.06-18.43.26:909][657]LogModuleManager: Shutting down and abandoning module LightPropagationVolumeEditor (286)
[2019.01.06-18.43.26:909][657]LogModuleManager: Shutting down and abandoning module PaperTiledImporter (284)
[2019.01.06-18.43.26:909][657]LogModuleManager: Shutting down and abandoning module PaperSpriteSheetImporter (282)
[2019.01.06-18.43.26:909][657]LogModuleManager: Shutting down and abandoning module Paper2DEditor (280)
[2019.01.06-18.43.26:909][657]LogModuleManager: Shutting down and abandoning module MeshPaint (279)
[2019.01.06-18.43.26:909][657]LogModuleManager: Shutting down and abandoning module LevelEditor (277)
[2019.01.06-18.43.26:910][657]LogModuleManager: Shutting down and abandoning module PixelInspectorModule (276)
[2019.01.06-18.43.26:910][657]LogModuleManager: Shutting down and abandoning module MainFrame (274)
[2019.01.06-18.43.26:910][657]LogModuleManager: Shutting down and abandoning module HotReload (273)
[2019.01.06-18.43.26:910][657]LogModuleManager: Shutting down and abandoning module RuntimePhysXCooking (268)
[2019.01.06-18.43.26:910][657]LogModuleManager: Shutting down and abandoning module PhysXVehiclesEditor (266)
[2019.01.06-18.43.26:910][657]LogModuleManager: Shutting down and abandoning module PhysXVehicles (264)
[2019.01.06-18.43.26:910][657]LogModuleManager: Shutting down and abandoning module OculusEditor (262)
[2019.01.06-18.43.26:910][657]LogModuleManager: Shutting down and abandoning module LocationServicesBPLibrary (260)
[2019.01.06-18.43.26:910][657]LogModuleManager: Shutting down and abandoning module ImmediatePhysicsEditor (258)
[2019.01.06-18.43.26:910][657]LogModuleManager: Shutting down and abandoning module ImmediatePhysics (256)
[2019.01.06-18.43.26:910][657]LogModuleManager: Shutting down and abandoning module UdpMessaging (254)
[2019.01.06-18.43.27:011][657]LogModuleManager: Shutting down and abandoning module TcpMessaging (252)
[2019.01.06-18.43.27:112][657]LogModuleManager: Shutting down and abandoning module GameplayTagsEditor (250)
[2019.01.06-18.43.27:112][657]LogModuleManager: Shutting down and abandoning module FacialAnimationEditor (248)
[2019.01.06-18.43.27:112][657]LogModuleManager: Shutting down and abandoning module FacialAnimation (246)
[2019.01.06-18.43.27:112][657]LogModuleManager: Shutting down and abandoning module AssetManagerEditor (244)
[2019.01.06-18.43.27:112][657]LogModuleManager: Shutting down and abandoning module GraphEditor (243)
[2019.01.06-18.43.27:112][657]LogModuleManager: Shutting down and abandoning module ContentBrowser (241)
[2019.01.06-18.43.27:113][657]LogModuleManager: Shutting down and abandoning module LightPropagationVolumeRuntime (238)
[2019.01.06-18.43.27:113][657]LogModuleManager: Shutting down and abandoning module Paper2D (236)
[2019.01.06-18.43.27:113][657]LogModuleManager: Shutting down and abandoning module WindowsMoviePlayer (234)
[2019.01.06-18.43.27:113][657]LogModuleManager: Shutting down and abandoning module WmfMedia (232)
[2019.01.06-18.43.27:117][657]LogModuleManager: Shutting down and abandoning module ImgMedia (230)
[2019.01.06-18.43.27:117][657]LogModuleManager: Shutting down and abandoning module PacketHandler (228)
[2019.01.06-18.43.27:117][657]LogModuleManager: Shutting down and abandoning module ClothingSystemEditor (226)
[2019.01.06-18.43.27:117][657]LogModuleManager: Shutting down and abandoning module ClothingSystemRuntime (224)
[2019.01.06-18.43.27:117][657]LogModuleManager: Shutting down and abandoning module MediaAssets (222)
[2019.01.06-18.43.27:117][657]LogModuleManager: Shutting down and abandoning module Media (221)
[2019.01.06-18.43.27:123][657]LogModuleManager: Shutting down and abandoning module Overlay (218)
[2019.01.06-18.43.27:123][657]LogModuleManager: Shutting down and abandoning module OverlayEditor (217)
[2019.01.06-18.43.27:123][657]LogModuleManager: Shutting down and abandoning module VREditor (214)
[2019.01.06-18.43.27:124][657]LogModuleManager: Shutting down and abandoning module StringTableEditor (212)
[2019.01.06-18.43.27:124][657]LogModuleManager: Shutting down and abandoning module GameplayTasksEditor (210)
[2019.01.06-18.43.27:124][657]LogModuleManager: Shutting down and abandoning module BehaviorTreeEditor (208)
[2019.01.06-18.43.27:126][657]LogModuleManager: Shutting down and abandoning module FunctionalTesting (206)
[2019.01.06-18.43.27:126][657]LogModuleManager: Shutting down and abandoning module CollisionAnalyzer (204)
[2019.01.06-18.43.27:126][657]LogModuleManager: Shutting down and abandoning module WorkspaceMenuStructure (203)
[2019.01.06-18.43.27:126][657]LogModuleManager: Shutting down and abandoning module UMG (200)
[2019.01.06-18.43.27:127][657]LogModuleManager: Shutting down and abandoning module UMGEditor (199)
[2019.01.06-18.43.27:127][657]LogModuleManager: Shutting down and abandoning module Sequencer (198)
[2019.01.06-18.43.27:129][657]LogModuleManager: Shutting down and abandoning module MessageLog (195)
[2019.01.06-18.43.27:130][657]LogModuleManager: Shutting down and abandoning module SlateReflector (190)
[2019.01.06-18.43.27:132][657]LogModuleManager: Shutting down and abandoning module Slate (188)
[2019.01.06-18.43.27:132][657]LogModuleManager: Shutting down and abandoning module EditorStyle (186)
[2019.01.06-18.43.27:137][657]LogModuleManager: Shutting down and abandoning module MRMesh (184)
[2019.01.06-18.43.27:137][657]LogModuleManager: Shutting down and abandoning module SourceCodeAccess (182)
[2019.01.06-18.43.27:137][657]LogModuleManager: Shutting down and abandoning module HeadMountedDisplay (180)
[2019.01.06-18.43.27:137][657]LogModuleManager: Shutting down and abandoning module XAudio2 (178)
[2019.01.06-18.43.27:137][657]LogModuleManager: Shutting down and abandoning module Networking (176)
[2019.01.06-18.43.27:137][657]LogModuleManager: Shutting down and abandoning module Core (172)
[2019.01.06-18.43.27:137][657]LogModuleManager: Shutting down and abandoning module LevelSequence (168)
[2019.01.06-18.43.27:137][657]LogModuleManager: Shutting down and abandoning module DirectoryWatcher (166)
[2019.01.06-18.43.27:138][657]LogModuleManager: Shutting down and abandoning module KismetCompiler (164)
[2019.01.06-18.43.27:138][657]LogModuleManager: Shutting down and abandoning module MeshUtilities (162)
[2019.01.06-18.43.27:138][657]LogModuleManager: Shutting down and abandoning module MeshMergeUtilities (161)
[2019.01.06-18.43.27:138][657]LogModuleManager: Shutting down and abandoning module MeshReductionInterface (160)
[2019.01.06-18.43.27:138][657]LogModuleManager: Shutting down and abandoning module SimplygonSwarm (159)
[2019.01.06-18.43.27:139][657]LogModuleManager: Shutting down and abandoning module SimplygonMeshReduction (157)
[2019.01.06-18.43.27:139][657]LogModuleManager: Shutting down and abandoning module QuadricMeshReduction (155)
[2019.01.06-18.43.27:139][657]LogModuleManager: Shutting down and abandoning module MaterialBaking (151)
[2019.01.06-18.43.27:139][657]LogModuleManager: Shutting down and abandoning module DerivedDataCache (148)
[2019.01.06-18.43.27:171][657]LogDerivedDataCache: Shutdown
[2019.01.06-18.43.27:171][657]LogModuleManager: Shutting down and abandoning module TargetPlatform (146)
[2019.01.06-18.43.27:171][657]LogModuleManager: Shutting down and abandoning module VulkanShaderFormat (145)
[2019.01.06-18.43.27:171][657]LogModuleManager: Shutting down and abandoning module ShaderFormatVectorVM (143)
[2019.01.06-18.43.27:172][657]LogModuleManager: Shutting down and abandoning module ShaderFormatOpenGL (141)
[2019.01.06-18.43.27:173][657]LogModuleManager: Shutting down and abandoning module ShaderFormatD3D (139)
[2019.01.06-18.43.27:173][657]LogModuleManager: Shutting down and abandoning module MetalShaderFormat (137)
[2019.01.06-18.43.27:173][657]LogModuleManager: Shutting down and abandoning module TextureFormatUncompressed (135)
[2019.01.06-18.43.27:173][657]LogModuleManager: Shutting down and abandoning module TextureFormatPVR (133)
[2019.01.06-18.43.27:173][657]LogModuleManager: Shutting down and abandoning module TextureFormatDXT (131)
[2019.01.06-18.43.27:173][657]LogModuleManager: Shutting down and abandoning module TextureFormatIntelISPCTexComp (129)
[2019.01.06-18.43.27:173][657]LogModuleManager: Shutting down and abandoning module TextureFormatASTC (127)
[2019.01.06-18.43.27:173][657]LogModuleManager: Shutting down and abandoning module ImageWrapper (126)
[2019.01.06-18.43.27:173][657]LogModuleManager: Shutting down and abandoning module TextureFormatAndroid (123)
[2019.01.06-18.43.27:173][657]LogModuleManager: Shutting down and abandoning module AudioFormatOpus (121)
[2019.01.06-18.43.27:173][657]LogModuleManager: Shutting down and abandoning module AudioFormatOgg (119)
[2019.01.06-18.43.27:173][657]LogModuleManager: Shutting down and abandoning module AudioFormatADPCM (117)
[2019.01.06-18.43.27:173][657]LogModuleManager: Shutting down and abandoning module LinuxTargetPlatform (115)
[2019.01.06-18.43.27:173][657]LogModuleManager: Shutting down and abandoning module LinuxServerTargetPlatform (113)
[2019.01.06-18.43.27:173][657]LogModuleManager: Shutting down and abandoning module LinuxNoEditorTargetPlatform (111)
[2019.01.06-18.43.27:173][657]LogModuleManager: Shutting down and abandoning module LinuxClientTargetPlatform (109)
[2019.01.06-18.43.27:174][657]LogModuleManager: Shutting down and abandoning module TVOSTargetPlatform (107)
[2019.01.06-18.43.27:174][657]LogModuleManager: Shutting down and abandoning module Messaging (105)
[2019.01.06-18.43.27:174][657]LogModuleManager: Shutting down and abandoning module IOSTargetPlatform (103)
[2019.01.06-18.43.27:174][657]LogModuleManager: Shutting down and abandoning module HTML5TargetPlatform (101)
[2019.01.06-18.43.27:174][657]LogModuleManager: Shutting down and abandoning module AndroidTargetPlatform (99)
[2019.01.06-18.43.27:174][657]LogModuleManager: Shutting down and abandoning module Android_PVRTCTargetPlatform (97)
[2019.01.06-18.43.27:174][657]LogModuleManager: Shutting down and abandoning module Android_MultiTargetPlatform (95)
[2019.01.06-18.43.27:174][657]LogModuleManager: Shutting down and abandoning module Android_ETC2TargetPlatform (93)
[2019.01.06-18.43.27:174][657]LogModuleManager: Shutting down and abandoning module Android_ETC1TargetPlatform (91)
[2019.01.06-18.43.27:174][657]LogModuleManager: Shutting down and abandoning module Android_DXTTargetPlatform (89)
[2019.01.06-18.43.27:174][657]LogModuleManager: Shutting down and abandoning module Android_ATCTargetPlatform (87)
[2019.01.06-18.43.27:174][657]LogModuleManager: Shutting down and abandoning module Android_ASTCTargetPlatform (85)
[2019.01.06-18.43.27:174][657]LogModuleManager: Shutting down and abandoning module WindowsTargetPlatform (83)
[2019.01.06-18.43.27:174][657]LogModuleManager: Shutting down and abandoning module WindowsServerTargetPlatform (81)
[2019.01.06-18.43.27:174][657]LogModuleManager: Shutting down and abandoning module WindowsNoEditorTargetPlatform (79)
[2019.01.06-18.43.27:174][657]LogModuleManager: Shutting down and abandoning module WindowsClientTargetPlatform (77)
[2019.01.06-18.43.27:174][657]LogModuleManager: Shutting down and abandoning module MacTargetPlatform (75)
[2019.01.06-18.43.27:174][657]LogModuleManager: Shutting down and abandoning module MacServerTargetPlatform (73)
[2019.01.06-18.43.27:174][657]LogModuleManager: Shutting down and abandoning module MacNoEditorTargetPlatform (71)
[2019.01.06-18.43.27:174][657]LogModuleManager: Shutting down and abandoning module MacClientTargetPlatform (69)
[2019.01.06-18.43.27:174][657]LogModuleManager: Shutting down and abandoning module AllDesktopTargetPlatform (67)
[2019.01.06-18.43.27:174][657]LogModuleManager: Shutting down and abandoning module InputCore (64)
[2019.01.06-18.43.27:174][657]LogModuleManager: Shutting down and abandoning module Settings (62)
[2019.01.06-18.43.27:174][657]LogModuleManager: Shutting down and abandoning module PhysXCooking (60)
[2019.01.06-18.43.27:174][657]LogModuleManager: Shutting down and abandoning module SteamVR (58)
[2019.01.06-18.43.27:174][657]LogModuleManager: Shutting down and abandoning module OculusHMD (56)
[2019.01.06-18.43.27:174][657]LogModuleManager: Shutting down and abandoning module ExampleDeviceProfileSelector (54)
[2019.01.06-18.43.27:174][657]LogModuleManager: Shutting down and abandoning module AppleARKit (52)
[2019.01.06-18.43.27:174][657]LogModuleManager: Shutting down and abandoning module AugmentedReality (51)
[2019.01.06-18.43.27:174][657]LogModuleManager: Shutting down and abandoning module OnlineBlueprintSupport (48)
[2019.01.06-18.43.27:174][657]LogModuleManager: Shutting down and abandoning module OnlineSubsystem (44)
[2019.01.06-18.43.27:175][657]LogModuleManager: Shutting down and abandoning module XMPP (43)
[2019.01.06-18.43.27:176][657]LogModuleManager: Shutting down and abandoning module HTTP (41)
[2019.01.06-18.43.27:176][657]LogHttp: Display: Http module shutting down, but needs to wait on 1 outstanding Http requests:
[2019.01.06-18.43.27:176][657]LogHttp: Display: 	verb=[POST] url=[https://datarouter.ol.epicgames.com/datarouter/api/v1/public/data?SessionID=%7B14BF2F36-4300-5508-913C-2D94F5987036%7D&AppID=UEEditor.Rocket.Release&AppVersion=4.18.3-3832480%2B%2B%2BUE4%2BRelease-4.18&UserID=542e80c44968021c9327139f8d3efadd%7C47545c2e30d646d3a8d532d986037bc3%7Cea1246b8-1181-4c96-9951-52100e1d025c&AppEnvironment=datacollector-binary&UploadType=eteventstream] status=Processing
[2019.01.06-18.43.27:196][657]LogModuleManager: Shutting down and abandoning module SSL (40)
[2019.01.06-18.43.27:197][657]LogModuleManager: Shutting down and abandoning module AnimationModifiers (36)
[2019.01.06-18.43.27:198][657]LogModuleManager: Shutting down and abandoning module PropertyEditor (35)
[2019.01.06-18.43.27:198][657]LogModuleManager: Shutting down and abandoning module AudioEditor (32)
[2019.01.06-18.43.27:198][657]LogModuleManager: Shutting down and abandoning module TextureCompressor (30)
[2019.01.06-18.43.27:199][657]LogModuleManager: Shutting down and abandoning module ShaderCore (28)
[2019.01.06-18.43.27:199][657]LogModuleManager: Shutting down and abandoning module Landscape (26)
[2019.01.06-18.43.27:199][657]LogModuleManager: Shutting down and abandoning module SlateRHIRenderer (24)
[2019.01.06-18.43.27:200][657]LogModuleManager: Shutting down and abandoning module OpenGLDrv (22)
[2019.01.06-18.43.27:201][657]LogModuleManager: Shutting down and abandoning module D3D11RHI (20)
[2019.01.06-18.43.27:201][657]LogModuleManager: Shutting down and abandoning module AnimGraphRuntime (18)
[2019.01.06-18.43.27:201][657]LogModuleManager: Shutting down and abandoning module Renderer (16)
[2019.01.06-18.43.27:201][657]LogModuleManager: Shutting down and abandoning module Engine (14)
[2019.01.06-18.43.27:201][657]LogModuleManager: Shutting down and abandoning module CoreUObject (12)
[2019.01.06-18.43.27:201][657]LogModuleManager: Shutting down and abandoning module NetworkFile (10)
[2019.01.06-18.43.27:201][657]LogModuleManager: Shutting down and abandoning module CookedIterativeFile (8)
[2019.01.06-18.43.27:201][657]LogModuleManager: Shutting down and abandoning module StreamingFile (6)
[2019.01.06-18.43.27:201][657]LogModuleManager: Shutting down and abandoning module SandboxFile (4)
[2019.01.06-18.43.27:201][657]LogModuleManager: Shutting down and abandoning module PakFile (2)
[2019.01.06-18.43.27:211][657]LogExit: Exiting.
[2019.01.06-18.43.27:244][657]Log file closed, 01/06/19 13:43:27
