Log file open, 02/22/19 09:52:40
LogWindows: Failed to load 'aqProf.dll' (GetLastError=126)
LogWindows: File 'aqProf.dll' does not exist
LogWindows: Failed to load 'VSPerf140.dll' (GetLastError=126)
LogWindows: File 'VSPerf140.dll' does not exist
LogWindows: Failed to load 'VtuneApi.dll' (GetLastError=126)
LogWindows: File 'VtuneApi.dll' does not exist
LogWindows: Failed to load 'VtuneApi32e.dll' (GetLastError=126)
LogWindows: File 'VtuneApi32e.dll' does not exist
LogInit: Display: Running engine for game: game
LogPlatformFile: Not using cached read wrapper
LogTaskGraph: Started task graph with 5 named threads and 35 total threads with 3 sets of task threads.
LogStats: Stats thread started at 1.547076
LogD3D11RHI: Loaded GFSDK_Aftermath_Lib.x64.dll
LogICUInternationalization: Display: ICU TimeZone Detection - Raw Offset: -5:00, Platform Override: ''
LogPluginManager: Mounting plugin Paper2D
LogPluginManager: Mounting plugin AISupport
LogPluginManager: Mounting plugin LightPropagationVolume
LogPluginManager: Mounting plugin CLionSourceCodeAccess
LogPluginManager: Mounting plugin CodeLiteSourceCodeAccess
LogPluginManager: Mounting plugin GitSourceControl
LogPluginManager: Mounting plugin KDevelopSourceCodeAccess
LogPluginManager: Mounting plugin NullSourceCodeAccess
LogPluginManager: Mounting plugin PerforceSourceControl
LogPluginManager: Mounting plugin SubversionSourceControl
LogPluginManager: Mounting plugin UObjectPlugin
LogPluginManager: Mounting plugin VisualStudioCodeSourceCodeAccess
LogPluginManager: Mounting plugin VisualStudioSourceCodeAccess
LogPluginManager: Mounting plugin XCodeSourceCodeAccess
LogPluginManager: Mounting plugin AssetManagerEditor
LogPluginManager: Mounting plugin CryptoKeys
LogPluginManager: Mounting plugin DataValidation
LogPluginManager: Mounting plugin FacialAnimation
LogPluginManager: Mounting plugin GameplayTagsEditor
LogPluginManager: Mounting plugin MacGraphicsSwitching
LogPluginManager: Mounting plugin MeshEditor
LogPluginManager: Mounting plugin MobileLauncherProfileWizard
LogPluginManager: Mounting plugin PluginBrowser
LogPluginManager: Mounting plugin SpeedTreeImporter
LogPluginManager: Mounting plugin DatasmithContent
LogPluginManager: Mounting plugin AlembicImporter
LogPluginManager: Mounting plugin AppleImageUtils
LogPluginManager: Mounting plugin AppleVision
LogPluginManager: Mounting plugin BackChannel
LogPluginManager: Mounting plugin CharacterAI
LogPluginManager: Mounting plugin GeometryCache
LogPluginManager: Mounting plugin HTML5Networking
LogPluginManager: Mounting plugin ProxyLODPlugin
LogPluginManager: Mounting plugin MagicLeap
LogPluginManager: Mounting plugin MagicLeapEmulator
LogPluginManager: Mounting plugin MagicLeapMedia
LogPluginManager: Mounting plugin AndroidMedia
LogPluginManager: Mounting plugin AvfMedia
LogPluginManager: Mounting plugin ImgMedia
LogPluginManager: Mounting plugin LinearTimecode
LogPluginManager: Mounting plugin MediaCompositing
LogPluginManager: Mounting plugin MediaPlayerEditor
LogPluginManager: Mounting plugin WmfMedia
LogPluginManager: Mounting plugin TcpMessaging
LogPluginManager: Mounting plugin UdpMessaging
LogPluginManager: Mounting plugin ActorSequence
LogPluginManager: Mounting plugin LevelSequenceEditor
LogPluginManager: Mounting plugin MatineeToLevelSequence
LogPluginManager: Mounting plugin NetcodeUnitTest
LogPluginManager: Mounting plugin NUTUnrealEngine4
LogPluginManager: Mounting plugin OnlineSubsystemGooglePlay
LogPluginManager: Mounting plugin OnlineSubsystemIOS
LogPluginManager: Mounting plugin OnlineSubsystem
LogPluginManager: Mounting plugin OnlineSubsystemNull
LogPluginManager: Mounting plugin OnlineSubsystemUtils
LogPluginManager: Mounting plugin LauncherChunkInstaller
LogPluginManager: Mounting plugin AndroidDeviceProfileSelector
LogPluginManager: Mounting plugin AndroidMoviePlayer
LogPluginManager: Mounting plugin AndroidPermission
LogPluginManager: Mounting plugin AppleMoviePlayer
LogPluginManager: Mounting plugin ArchVisCharacter
LogPluginManager: Mounting plugin AudioCapture
LogPluginManager: Mounting plugin CableComponent
LogPluginManager: Mounting plugin CustomMeshComponent
LogPluginManager: Mounting plugin EditableMesh
LogPluginManager: Mounting plugin ExampleDeviceProfileSelector
LogPluginManager: Mounting plugin GoogleCloudMessaging
LogPluginManager: Mounting plugin ImmediatePhysics
LogPluginManager: Mounting plugin IOSDeviceProfileSelector
LogPluginManager: Mounting plugin LinuxDeviceProfileSelector
LogPluginManager: Mounting plugin LocationServicesBPLibrary
LogPluginManager: Mounting plugin MobilePatchingUtils
LogPluginManager: Mounting plugin OculusVR
LogPluginManager: Plugin shader directory ../../../Engine/Plugins/Runtime/Oculus/OculusVR/Shaders found
LogPluginManager: Mapping shader source directory ../../../Engine/Plugins/Runtime/Oculus/OculusVR/Shaders to virtual directory /Plugin/OculusVR
LogPluginManager: Mounting plugin PhysXVehicles
LogPluginManager: Mounting plugin ProceduralMeshComponent
LogPluginManager: Mounting plugin RuntimePhysXCooking
LogPluginManager: Mounting plugin SteamVR
LogPluginManager: Mounting plugin WindowsMoviePlayer
LogStreaming: Display: Took  0.118s to configure plugins.
LogInit: Using libcurl 7.55.1-DEV
LogInit:  - built for x86_64-pc-win32
LogInit:  - supports SSL with OpenSSL/1.0.2h
LogInit:  - supports HTTP deflate (compression) using libz 1.2.8
LogInit:  - other features:
LogInit:      CURL_VERSION_SSL
LogInit:      CURL_VERSION_LIBZ
LogInit:      CURL_VERSION_IPV6
LogInit:      CURL_VERSION_ASYNCHDNS
LogInit:      CURL_VERSION_LARGEFILE
LogInit:      CURL_VERSION_IDN
LogInit:  CurlRequestOptions (configurable via config and command line):
LogInit:  - bVerifyPeer = false  - Libcurl will NOT verify peer certificate
LogInit:  - bUseHttpProxy = false  - Libcurl will NOT use HTTP proxy
LogInit:  - bDontReuseConnections = false  - Libcurl will reuse connections
LogInit:  - CertBundlePath = nullptr  - Libcurl will use whatever was configured at build time.
LogInit:  - MaxHostConnections = 16  - Libcurl will limit the number of connections to a host
LogInit:  - LocalHostAddr = Default
LogInit:  - BufferSize = 65536
LogInit: WinSock: version 1.1 (2.2), MaxSocks=32767, MaxUdp=65467
LogInit: Build: ++UE4+Release-4.20-CL-4369336
LogInit: Engine Version: 4.20.3-4369336+++UE4+Release-4.20
LogInit: Compatible Engine Version: 4.20.0-4212847+++UE4+Release-4.20
LogInit: Net CL: 4212847
LogInit: OS: Windows 10 (), CPU: Intel(R) Core(TM) i7-8700 CPU @ 3.20GHz, GPU: NVIDIA GeForce GTX 1060 6GB
LogInit: Compiled (64-bit): Sep 17 2018 12:26:19
LogInit: Compiled with Visual C++: 19.13.26129.00
LogInit: Build Configuration: Development
LogInit: Branch Name: ++UE4+Release-4.20
LogInit: Command Line:  
LogInit: Base Directory: C:/Program Files/Epic Games/UE_4.20/Engine/Binaries/Win64/
LogInit: Installed Engine Build: 1
LogDevObjectVersion: Number of dev versions registered: 20
LogDevObjectVersion:   Dev-Blueprints (B0D832E4-1F89-4F0D-ACCF-7EB736FD4AA2): 10
LogDevObjectVersion:   Dev-Build (E1C64328-A22C-4D53-A36C-8E866417BD8C): 0
LogDevObjectVersion:   Dev-Core (375EC13C-06E4-48FB-B500-84F0262A717E): 2
LogDevObjectVersion:   Dev-Editor (E4B068ED-F494-42E9-A231-DA0B2E46BB41): 24
LogDevObjectVersion:   Dev-Framework (CFFC743F-43B0-4480-9391-14DF171D2073): 34
LogDevObjectVersion:   Dev-Mobile (B02B49B5-BB20-44E9-A304-32B752E40360): 2
LogDevObjectVersion:   Dev-Networking (A4E4105C-59A1-49B5-A7C5-40C4547EDFEE): 0
LogDevObjectVersion:   Dev-Online (39C831C9-5AE6-47DC-9A44-9C173E1C8E7C): 0
LogDevObjectVersion:   Dev-Physics (78F01B33-EBEA-4F98-B9B4-84EACCB95AA2): 0
LogDevObjectVersion:   Dev-Platform (6631380F-2D4D-43E0-8009-CF276956A95A): 0
LogDevObjectVersion:   Dev-Rendering (12F88B9F-8875-4AFC-A67C-D90C383ABD29): 26
LogDevObjectVersion:   Dev-Sequencer (7B5AE74C-D270-4C10-A958-57980B212A5A): 9
LogDevObjectVersion:   Dev-VR (D7296918-1DD6-4BDD-9DE2-64A83CC13884): 2
LogDevObjectVersion:   Dev-LoadTimes (C2A15278-BFE7-4AFE-6C17-90FF531DF755): 1
LogDevObjectVersion:   Private-Geometry (6EACA3D4-40EC-4CC1-B786-8BED09428FC5): 3
LogDevObjectVersion:   Dev-AnimPhys (29E575DD-E0A3-4627-9D10-D276232CDCEA): 17
LogDevObjectVersion:   Dev-ReflectionCapture (6B266CEC-1EC7-4B8F-A30B-E4D90942FC07): 1
LogDevObjectVersion:   Dev-Automation (0DF73D61-A23F-47EA-B727-89E90C41499A): 1
LogDevObjectVersion:   FortniteMain (601D1886-AC64-4F84-AA16-D3DE0DEAC7D6): 12
LogDevObjectVersion:   Dev-Enterprise (9DFFBCD6-494F-0158-E221-12823C92A888): 1
LogStreaming: Display: Took  0.005s to delete old logs.
LogInit: Presizing for max 8388607 objects, including 0 objects not considered by GC, pre-allocating 0 bytes for permanent pool.
LogInit: Object subsystem initialized
[2019.02.22-14.52.41:246][  0]LogInit: Selected Device Profile: [Windows]
[2019.02.22-14.52.41:246][  0]LogInit: Applying CVar settings loaded from the selected device profile: [Windows]
[2019.02.22-14.52.41:265][  0]LogHAL: Display: Platform has ~ 16 GB [17087938560 / 17179869184 / 16], which maps to Larger [LargestMinGB=32, LargerMinGB=12, DefaultMinGB=8, SmallerMinGB=6, SmallestMinGB=0)
[2019.02.22-14.52.41:265][  0]LogInit: Setting Device Profile CVar: [[r.Vulkan.UseRealUBs:1]]
[2019.02.22-14.52.41:266][  0]LogInit: Going up to parent DeviceProfile []
[2019.02.22-14.52.41:272][  0]LogInit: Computer: CLOCKWERK
[2019.02.22-14.52.41:272][  0]LogInit: User: katsa
[2019.02.22-14.52.41:272][  0]LogInit: CPU Page size=4096, Cores=6
[2019.02.22-14.52.41:272][  0]LogInit: High frequency timer resolution =3.117188 MHz
[2019.02.22-14.52.41:273][  0]LogMemory: Memory total: Physical=15.9GB (16GB approx)
[2019.02.22-14.52.41:273][  0]LogMemory: Platform Memory Stats for Windows
[2019.02.22-14.52.41:273][  0]LogMemory: Process Physical Memory: 101.55 MB used, 101.55 MB peak
[2019.02.22-14.52.41:273][  0]LogMemory: Process Virtual Memory: 93.84 MB used, 93.84 MB peak
[2019.02.22-14.52.41:273][  0]LogMemory: Physical Memory: 4104.24 MB used,  12192.09 MB free, 16296.33 MB total
[2019.02.22-14.52.41:273][  0]LogMemory: Virtual Memory: 4665.55 MB used,  12192.09 MB free, 134217728.00 MB total
[2019.02.22-14.52.41:545][  0]LogInit: Using OS detected language (en-US).
[2019.02.22-14.52.41:545][  0]LogInit: Using OS detected locale (en-US).
[2019.02.22-14.52.41:546][  0]LogTextLocalizationManager: No specific localization for 'en-US' exists, so the 'en' localization will be used.
[2019.02.22-14.52.41:903][  0]LogStreaming: Display: Took  0.357s to InitEngineTextLocalization.
[2019.02.22-14.52.41:904][  0]LogInit: Setting process to per monitor DPI aware
[2019.02.22-14.52.42:000][  0]LogSlate: New Slate User Created.  User Index 0, Is Virtual User: 0
[2019.02.22-14.52.42:000][  0]LogSlate: Slate User Registered.  User Index 0, Is Virtual User: 0
[2019.02.22-14.52.44:002][  0]LogHMD: Failed to initialize OpenVR with code 110
[2019.02.22-14.52.44:002][  0]LogD3D11RHI: D3D11 adapters:
[2019.02.22-14.52.44:090][  0]LogD3D11RHI:    0. 'NVIDIA GeForce GTX 1060 6GB' (Feature Level 11_0)
[2019.02.22-14.52.44:090][  0]LogD3D11RHI:       6052/0/8148 MB DedicatedVideo/DedicatedSystem/SharedSystem, Outputs:1, VendorId:0x10de
[2019.02.22-14.52.44:092][  0]LogD3D11RHI:    1. 'Microsoft Basic Render Driver' (Feature Level 11_0)
[2019.02.22-14.52.44:092][  0]LogD3D11RHI:       0/0/8148 MB DedicatedVideo/DedicatedSystem/SharedSystem, Outputs:0, VendorId:0x1414
[2019.02.22-14.52.44:092][  0]LogD3D11RHI: Chosen D3D11 Adapter: 0
[2019.02.22-14.52.44:098][  0]LogD3D11RHI: Creating new Direct3DDevice
[2019.02.22-14.52.44:098][  0]LogD3D11RHI:     GPU DeviceId: 0x1c03 (for the marketing name, search the web for "GPU Device Id")
[2019.02.22-14.52.44:099][  0]LogWindows: EnumDisplayDevices:
[2019.02.22-14.52.44:099][  0]LogWindows:    0. 'NVIDIA GeForce GTX 1060 6GB' (P:1 D:1)
[2019.02.22-14.52.44:099][  0]LogWindows:    1. 'NVIDIA GeForce GTX 1060 6GB' (P:0 D:0)
[2019.02.22-14.52.44:099][  0]LogWindows:    2. 'NVIDIA GeForce GTX 1060 6GB' (P:0 D:0)
[2019.02.22-14.52.44:099][  0]LogWindows:    3. 'NVIDIA GeForce GTX 1060 6GB' (P:0 D:0)
[2019.02.22-14.52.44:099][  0]LogWindows: DebugString: FoundDriverCount:4 
[2019.02.22-14.52.44:099][  0]LogD3D11RHI:     Adapter Name: NVIDIA GeForce GTX 1060 6GB
[2019.02.22-14.52.44:100][  0]LogD3D11RHI:   Driver Version: 418.91 (internal:25.21.14.1891, unified:418.91)
[2019.02.22-14.52.44:100][  0]LogD3D11RHI:      Driver Date: 2-6-2019
[2019.02.22-14.52.44:100][  0]LogRHI: Texture pool is 4236 MB (70% of 6052 MB)
[2019.02.22-14.52.44:138][  0]LogD3D11RHI: Async texture creation enabled
[2019.02.22-14.52.44:184][  0]LogD3D11RHI: GPU Timing Frequency: 1000.000000 (Debug: 2 1)
[2019.02.22-14.52.44:253][  0]LogShaderCompilers: Guid format shader working directory is -34 characters bigger than the processId version (../../../../../../Users/katsa/OneDrive/Documents/GitHub/Tower_Defense_Game/game/Intermediate/Shaders/WorkingDirectory/12516/).
[2019.02.22-14.52.44:253][  0]LogShaderCompilers: Cleaned the shader compiler working directory 'C:/Users/katsa/AppData/Local/Temp/UnrealShaderWorkingDir/6A3A5B5841929260912FA2B2696A8608/'.
[2019.02.22-14.52.44:876][  0]LogTemp: Display: Loaded TP AllDesktopTargetPlatform
[2019.02.22-14.52.44:899][  0]LogTemp: Display: Loaded TP MacClientTargetPlatform
[2019.02.22-14.52.44:913][  0]LogTemp: Display: Loaded TP MacNoEditorTargetPlatform
[2019.02.22-14.52.44:926][  0]LogTemp: Display: Loaded TP MacServerTargetPlatform
[2019.02.22-14.52.44:954][  0]LogTemp: Display: Loaded TP MacTargetPlatform
[2019.02.22-14.52.44:970][  0]LogTemp: Display: Loaded TP WindowsClientTargetPlatform
[2019.02.22-14.52.44:991][  0]LogTemp: Display: Loaded TP WindowsNoEditorTargetPlatform
[2019.02.22-14.52.45:005][  0]LogTemp: Display: Loaded TP WindowsServerTargetPlatform
[2019.02.22-14.52.45:014][  0]LogTemp: Display: Loaded TP WindowsTargetPlatform
[2019.02.22-14.52.45:085][  0]LogTemp: Display: Loaded TP AndroidTargetPlatform
[2019.02.22-14.52.45:086][  0]LogTemp: Display: Loaded TP AndroidTargetPlatform
[2019.02.22-14.52.45:086][  0]LogTemp: Display: Loaded TP AndroidTargetPlatform
[2019.02.22-14.52.45:086][  0]LogTemp: Display: Loaded TP AndroidTargetPlatform
[2019.02.22-14.52.45:086][  0]LogTemp: Display: Loaded TP AndroidTargetPlatform
[2019.02.22-14.52.45:086][  0]LogTemp: Display: Loaded TP AndroidTargetPlatform
[2019.02.22-14.52.45:086][  0]LogTemp: Display: Loaded TP AndroidTargetPlatform
[2019.02.22-14.52.45:086][  0]LogTemp: Display: Loaded TP AndroidTargetPlatform
[2019.02.22-14.52.45:086][  0]LogTemp: Display: Loaded TP AndroidTargetPlatform
[2019.02.22-14.52.45:086][  0]LogTemp: Display: Loaded TP AndroidTargetPlatform
[2019.02.22-14.52.45:086][  0]LogTemp: Display: Loaded TP AndroidTargetPlatform
[2019.02.22-14.52.45:086][  0]LogTemp: Display: Loaded TP AndroidTargetPlatform
[2019.02.22-14.52.45:086][  0]LogTemp: Display: Loaded TP AndroidTargetPlatform
[2019.02.22-14.52.45:086][  0]LogTemp: Display: Loaded TP AndroidTargetPlatform
[2019.02.22-14.52.45:086][  0]LogTemp: Display: Loaded TP AndroidTargetPlatform
[2019.02.22-14.52.45:086][  0]LogTemp: Display: Loaded TP AndroidTargetPlatform
[2019.02.22-14.52.45:086][  0]LogTemp: Display: Loaded TP AndroidTargetPlatform
[2019.02.22-14.52.45:086][  0]LogTemp: Display: Loaded TP AndroidTargetPlatform
[2019.02.22-14.52.45:092][  0]LogTemp: Display: Loaded TP HTML5TargetPlatform
[2019.02.22-14.52.45:174][  0]LogTemp: Display: Loaded TP IOSTargetPlatform
[2019.02.22-14.52.45:174][  0]LogTemp: Display: Loaded TP IOSTargetPlatform
[2019.02.22-14.52.45:202][  0]LogTemp: Display: Loaded TP TVOSTargetPlatform
[2019.02.22-14.52.45:202][  0]LogTemp: Display: Loaded TP TVOSTargetPlatform
[2019.02.22-14.52.45:216][  0]LogTemp: Display: Loaded TP LinuxClientTargetPlatform
[2019.02.22-14.52.45:230][  0]LogTemp: Display: Loaded TP LinuxNoEditorTargetPlatform
[2019.02.22-14.52.45:244][  0]LogTemp: Display: Loaded TP LinuxServerTargetPlatform
[2019.02.22-14.52.45:265][  0]LogTemp: Display: Loaded TP LinuxTargetPlatform
[2019.02.22-14.52.45:285][  0]LogTemp: Display: Loaded TP LuminTargetPlatform
[2019.02.22-14.52.45:285][  0]LogTargetPlatformManager: Display: Building Assets For Windows
[2019.02.22-14.52.45:485][  0]LogXGEController: Cleaning working directory: C:/Users/katsa/AppData/Local/Temp/UnrealXGEWorkingDir/
[2019.02.22-14.52.45:485][  0]LogXGEController: Cannot use XGE Controller as Incredibuild is not installed on this machine.
[2019.02.22-14.52.45:485][  0]LogShaderCompilers: Cannot use XGE Shader Compiler as Incredibuild is not installed on this machine.
[2019.02.22-14.52.45:485][  0]LogShaderCompilers: Display: Using Local Shader Compiler.
[2019.02.22-14.52.47:127][  0]LogDerivedDataCache: Display: Max Cache Size: 512 MB
[2019.02.22-14.52.47:479][  0]LogDerivedDataCache: Loaded boot cache 0.35s 71MB C:/Users/katsa/AppData/Local/UnrealEngine/4.20/DerivedDataCache/Boot.ddc.
[2019.02.22-14.52.47:479][  0]LogDerivedDataCache: Display: Loaded Boot cache: C:/Users/katsa/AppData/Local/UnrealEngine/4.20/DerivedDataCache/Boot.ddc
[2019.02.22-14.52.47:480][  0]LogDerivedDataCache: FDerivedDataBackendGraph:  Pak pak cache file ../../../../../../Users/katsa/OneDrive/Documents/GitHub/Tower_Defense_Game/game/DerivedDataCache/DDC.ddp not found, will not use a pak cache.
[2019.02.22-14.52.47:480][  0]LogDerivedDataCache: Unable to find inner node Pak for hierarchical cache Hierarchy.
[2019.02.22-14.52.47:480][  0]LogDerivedDataCache: FDerivedDataBackendGraph:  CompressedPak pak cache file ../../../../../../Users/katsa/OneDrive/Documents/GitHub/Tower_Defense_Game/game/DerivedDataCache/Compressed.ddp not found, will not use a pak cache.
[2019.02.22-14.52.47:480][  0]LogDerivedDataCache: Unable to find inner node CompressedPak for hierarchical cache Hierarchy.
[2019.02.22-14.52.47:502][  0]LogDerivedDataCache: Display: Pak cache opened for reading ../../../Engine/DerivedDataCache/Compressed.ddp.
[2019.02.22-14.52.47:514][  0]LogDerivedDataCache: Using Local data cache path C:/Users/katsa/AppData/Local/UnrealEngine/Common/DerivedDataCache: Writable
[2019.02.22-14.52.47:514][  0]LogDerivedDataCache: Shared data cache path not found in *engine.ini, will not use an Shared cache.
[2019.02.22-14.52.47:514][  0]LogDerivedDataCache: Unable to find inner node Shared for hierarchical cache Hierarchy.
[2019.02.22-14.52.47:532][  0]LogMaterial: Verifying Global Shaders for PCD3D_SM5
[2019.02.22-14.52.47:541][  0]LogSlate: Using FreeType 2.6.0
[2019.02.22-14.52.47:558][  0]LogSlate: SlateFontServices - WITH_FREETYPE: 1, WITH_HARFBUZZ: 1
[2019.02.22-14.52.47:821][  0]LogAssetRegistry: FAssetRegistry took 0.0294 seconds to start up
[2019.02.22-14.52.48:265][  0]LogInit: Selected Device Profile: [Windows]
[2019.02.22-14.52.48:704][  0]LogSimplygon: Simplygon DLL not present - disabling.
[2019.02.22-14.52.48:740][  0]LogMeshReduction: Using SimplygonSwarm for distributed automatic mesh merging
[2019.02.22-14.52.48:741][  0]LogMeshReduction: Using ProxyLODMeshReduction for automatic mesh merging
[2019.02.22-14.52.48:742][  0]LogMeshReduction: Using QuadricMeshReduction for automatic static mesh reduction
[2019.02.22-14.52.48:742][  0]LogMeshReduction: No automatic skeletal mesh reduction module available
[2019.02.22-14.52.48:813][  0]LogNetVersion: game 1.0.0, NetCL: 4212847, EngineNetVer: 5, GameNetVer: 0 (Checksum: 4261265131)
[2019.02.22-14.52.49:028][  0]LogNavigation: Error: [/Script/Engine.RecastNavMesh] found in the DefaultEngine.ini file. This class has been moved. Please rename that section to [/Script/NavigationSystem.RecastNavMesh]
[2019.02.22-14.52.50:151][  0]LogPackageLocalizationCache: Processed 11 localized package path(s) for 2 prioritized culture(s) in 0.105210 seconds
[2019.02.22-14.52.50:162][  0]LogUObjectArray: 38425 objects as part of root set at end of initial load.
[2019.02.22-14.52.50:162][  0]LogUObjectAllocator: 6690864 out of 0 bytes used by permanent object pool.
[2019.02.22-14.52.50:162][  0]LogUObjectArray: CloseDisregardForGC: 0/0 objects in disregard for GC pool
[2019.02.22-14.52.54:129][  0]LogTcpMessaging: Initializing TcpMessaging bridge
[2019.02.22-14.52.54:149][  0]LogUdpMessaging: Initializing bridge on interface 0.0.0.0:0 to multicast group 230.0.0.1:6666.
[2019.02.22-14.52.54:545][  0]SourceControl: Source control is disabled
[2019.02.22-14.52.54:546][  0]SourceControl: Source control is disabled
[2019.02.22-14.52.54:564][  0]SourceControl: Source control is disabled
[2019.02.22-14.52.54:573][  0]SourceControl: Source control is disabled
[2019.02.22-14.52.55:005][  0]LogAndroidPermission: UAndroidPermissionCallbackProxy::GetInstance
[2019.02.22-14.52.55:109][  0]LogOcInput: OculusInput pre-init called
[2019.02.22-14.52.55:267][  0]LogEngine: Initializing Engine...
[2019.02.22-14.52.55:271][  0]LogHMD: Failed to initialize OpenVR with code 110
[2019.02.22-14.52.55:276][  0]LogStats: UGameplayTagsManager::ConstructGameplayTagTree: ImportINI prefixes -  0.001 s
[2019.02.22-14.52.55:276][  0]LogStats: UGameplayTagsManager::ConstructGameplayTagTree: Construct from data asset -  0.000 s
[2019.02.22-14.52.55:276][  0]LogStats: UGameplayTagsManager::ConstructGameplayTagTree: ImportINI -  0.000 s
[2019.02.22-14.52.55:277][  0]LogStats: UGameplayTagsManager::ConstructGameplayTagTree: GameplayTagTreeChangedEvent.Broadcast -  0.000 s
[2019.02.22-14.52.55:609][  0]LogInit: Initializing FReadOnlyCVARCache
[2019.02.22-14.52.55:692][  0]LogAIModule: Creating AISystem for world Untitled
[2019.02.22-14.52.55:728][  0]LogInit: XAudio2 using 'Speakers (Realtek High Definition Audio)' : 2 channels at 48 kHz using 32 bits per sample (channel mask 0x3)
[2019.02.22-14.52.55:766][  0]LogInit: FAudioDevice initialized.
[2019.02.22-14.52.55:766][  0]LogNetVersion: Set ProjectVersion to 1.0.0.0. Version Checksum will be recalculated on next use.
[2019.02.22-14.52.55:839][  0]LogDerivedDataCache: Saved boot cache 0.07s 71MB C:/Users/katsa/AppData/Local/UnrealEngine/4.20/DerivedDataCache/Boot.ddc.
[2019.02.22-14.52.55:848][  0]LogInit: Texture streaming: Enabled
[2019.02.22-14.52.55:879][  0]LogEngineSessionManager: EngineSessionManager initialized
[2019.02.22-14.52.55:907][  0]LogInit: Transaction tracking system initialized
[2019.02.22-14.52.55:997][  0]BlueprintLog: New page: Editor Load
[2019.02.22-14.52.56:332][  0]LocalizationService: Localization service is disabled
[2019.02.22-14.52.57:002][  0]LogCook: Display: Max memory allowance for cook 16384mb min free memory 0mb
[2019.02.22-14.52.57:003][  0]LogCook: Display: Mobile HDR setting 1
[2019.02.22-14.52.57:004][  0]LogGameplayTags: Display: UGameplayTagsManager::DoneAddingNativeTags. DelegateIsBound: 0
[2019.02.22-14.52.57:004][  0]LogStats: UGameplayTagsManager::ConstructGameplayTagTree: ImportINI prefixes -  0.000 s
[2019.02.22-14.52.57:004][  0]LogStats: UGameplayTagsManager::ConstructGameplayTagTree: Construct from data asset -  0.000 s
[2019.02.22-14.52.57:004][  0]LogStats: UGameplayTagsManager::ConstructGameplayTagTree: ImportINI -  0.000 s
[2019.02.22-14.52.57:004][  0]LogStats: UGameplayTagsManager::ConstructGameplayTagTree: GameplayTagTreeChangedEvent.Broadcast -  0.000 s
[2019.02.22-14.52.57:420][  0]LogFileCache: Scanning file cache for directory 'C:/Users/katsa/OneDrive/Documents/GitHub/Tower_Defense_Game/game/Content/' took 0.02s
[2019.02.22-14.52.57:460][  0]SourceControl: Source control is disabled
[2019.02.22-14.52.57:461][  0]Cmd: MAP LOAD FILE="../../../../../../Users/katsa/OneDrive/Documents/GitHub/Tower_Defense_Game/game/Content/TopDownBP/Maps/TopDownExampleMap.umap" TEMPLATE=0 SHOWPROGRESS=1 FEATURELEVEL=3
[2019.02.22-14.52.57:472][  0]LightingResults: New page: Lighting Build
[2019.02.22-14.52.57:490][  0]MapCheck: New page: Map Check
[2019.02.22-14.52.57:490][  0]LightingResults: New page: Lighting Build
[2019.02.22-14.52.58:837][  0]LogAIModule: Creating AISystem for world TopDownExampleMap
[2019.02.22-14.52.58:884][  0]LogEditorServer: Finished looking for orphan Actors (0.000 secs)
[2019.02.22-14.52.58:920][  0]Cmd: MAP CHECKDEP NOCLEARLOG
[2019.02.22-14.52.58:983][  0]MapCheck: Map check complete: 0 Error(s), 0 Warning(s), took 62.616ms to complete.
[2019.02.22-14.52.58:983][  0]LogFileHelpers: Loading map 'TopDownExampleMap' took 1.522
[2019.02.22-14.52.59:216][  0]LogSlate: Updating window title bar state: overlay mode, drag disabled, window buttons hidden, title bar hidden
[2019.02.22-14.52.59:223][  0]LogSlate: Updating window title bar state: overlay mode, drag disabled, window buttons hidden, title bar hidden
[2019.02.22-14.52.59:228][  0]LogSlate: Updating window title bar state: overlay mode, drag disabled, window buttons hidden, title bar hidden
[2019.02.22-14.52.59:234][  0]LogSlate: Updating window title bar state: overlay mode, drag disabled, window buttons hidden, title bar hidden
[2019.02.22-14.52.59:273][  0]LogCollectionManager: Loaded 0 collections in 0.001603 seconds
[2019.02.22-14.52.59:348][  0]LogFileCache: Scanning file cache for directory 'C:/Users/katsa/OneDrive/Documents/GitHub/Tower_Defense_Game/game/Saved/Collections/' took 0.01s
[2019.02.22-14.52.59:348][  0]LogFileCache: Scanning file cache for directory 'C:/Users/katsa/OneDrive/Documents/GitHub/Tower_Defense_Game/game/Content/Developers/katsa/Collections/' took 0.01s
[2019.02.22-14.52.59:348][  0]LogFileCache: Scanning file cache for directory 'C:/Users/katsa/OneDrive/Documents/GitHub/Tower_Defense_Game/game/Content/Collections/' took 0.01s
[2019.02.22-14.52.59:348][  0]LogCollectionManager: Rebuilt the GUID cache for 0 collections in 0.000001 seconds
[2019.02.22-14.52.59:371][  0]LogContentBrowser: Native class hierarchy populated in 0.0194 seconds. Added 2572 classes and 603 folders.
[2019.02.22-14.52.59:400][  0]LogContentBrowser: Native class hierarchy updated for 'WidgetCarousel' in 0.0002 seconds. Added 0 classes and 0 folders.
[2019.02.22-14.52.59:785][  0]LogContentBrowser: Native class hierarchy updated for 'AddContentDialog' in 0.0002 seconds. Added 0 classes and 0 folders.
[2019.02.22-14.52.59:805][  0]LogContentBrowser: Native class hierarchy updated for 'SceneOutliner' in 0.0002 seconds. Added 1 classes and 2 folders.
[2019.02.22-14.52.59:914][  0]LogSlate: Took 0.006213 seconds to synchronously load lazily loaded font '../../../Engine/Content/Slate/Fonts/Roboto-Regular.ttf' (155K)
[2019.02.22-14.52.59:923][  0]LogSlate: Took 0.006318 seconds to synchronously load lazily loaded font '../../../Engine/Content/Slate/Fonts/Roboto-Bold.ttf' (160K)
[2019.02.22-14.52.59:943][  0]LogSlate: Took 0.006883 seconds to synchronously load lazily loaded font '../../../Engine/Content/Editor/Slate/Fonts/FontAwesome.ttf' (139K)
[2019.02.22-14.53.00:089][  0]LogRenderer: Reallocating scene render targets to support 1208x576 Format 10 NumSamples 1 (Frame:1).
[2019.02.22-14.53.00:186][  0]LogSlate: Took 0.006992 seconds to synchronously load lazily loaded font '../../../Engine/Content/Slate/Fonts/Roboto-Light.ttf' (167K)
[2019.02.22-14.53.00:265][  0]LogContentBrowser: Native class hierarchy updated for 'HierarchicalLODOutliner' in 0.0003 seconds. Added 0 classes and 0 folders.
[2019.02.22-14.53.00:265][  0]LogLoad: (Engine Initialization) Total time: 23.74 seconds
[2019.02.22-14.53.00:265][  0]LogLoad: (Engine Initialization) Total Blueprint compile time: 0.00 seconds
[2019.02.22-14.53.00:276][  0]LogWindowsTextInputMethodSystem: Display: IME system now deactivated.
[2019.02.22-14.53.00:303][  0]LogContentStreaming: Texture pool size now 1000 MB
[2019.02.22-14.53.00:550][  1]LogAssetRegistry: Asset discovery search completed in 12.7520 seconds
[2019.02.22-14.53.00:551][  1]LogCollectionManager: Rebuilt the object cache for 0 collections in 0.000000 seconds (found 0 objects)
[2019.02.22-14.53.00:552][  1]LogCollectionManager: Fixed up redirectors for 0 collections in 0.000055 seconds (updated 0 objects)
[2019.02.22-15.00.39:563][ 30]LogEditorViewport: Clicking on Actor (LMB): StaticMeshActor (Cube26)
[2019.02.22-15.00.41:808][279]Cmd: DUPLICATE
[2019.02.22-15.00.41:808][279]Cmd: ACTOR DUPLICATE
[2019.02.22-15.00.48:053][ 19]LogTemp: Repeating last play command: Selected Viewport
[2019.02.22-15.00.48:068][ 19]LogBlueprintUserMessages: Early PlayInEditor Detection: Level '/Game/TopDownBP/Maps/TopDownExampleMap.TopDownExampleMap:PersistentLevel' has LevelScriptBlueprint '/Game/TopDownBP/Maps/TopDownExampleMap.TopDownExampleMap:PersistentLevel.TopDownExampleMap' with GeneratedClass '/Game/TopDownBP/Maps/TopDownExampleMap.TopDownExampleMap_C' with ClassGeneratedBy '/Game/TopDownBP/Maps/TopDownExampleMap.TopDownExampleMap:PersistentLevel.TopDownExampleMap'
[2019.02.22-15.00.48:068][ 19]LogPlayLevel: PlayLevel: No blueprints needed recompiling
[2019.02.22-15.00.48:086][ 19]PIE: New page: PIE session: TopDownExampleMap (Feb 22, 2019, 5:00:48 AM)
[2019.02.22-15.00.48:086][ 19]LogPlayLevel: Creating play world package: /Game/TopDownBP/Maps/UEDPIE_0_TopDownExampleMap
[2019.02.22-15.00.48:104][ 19]LogPlayLevel: PIE: StaticDuplicateObject took: (0.017774s)
[2019.02.22-15.00.48:104][ 19]LogAIModule: Creating AISystem for world TopDownExampleMap
[2019.02.22-15.00.48:105][ 19]LogPlayLevel: PIE: World Init took: (0.000634s)
[2019.02.22-15.00.48:105][ 19]LogPlayLevel: PIE: Created PIE world by copying editor world from /Game/TopDownBP/Maps/TopDownExampleMap.TopDownExampleMap to /Game/TopDownBP/Maps/UEDPIE_0_TopDownExampleMap.TopDownExampleMap (0.018522s)
[2019.02.22-15.00.48:136][ 19]LogInit: XAudio2 using 'Speakers (Realtek High Definition Audio)' : 2 channels at 48 kHz using 32 bits per sample (channel mask 0x3)
[2019.02.22-15.00.48:148][ 19]LogInit: FAudioDevice initialized.
[2019.02.22-15.00.48:149][ 19]LogSlate: FSceneViewport::OnFocusLost() reason 2
[2019.02.22-15.00.48:190][ 19]LogLoad: Game class is 'Tower_Defense_Game_C'
[2019.02.22-15.00.48:200][ 19]LogWorld: Bringing World /Game/TopDownBP/Maps/UEDPIE_0_TopDownExampleMap.TopDownExampleMap up for play (max tick rate 0) at 2019.02.22-10.00.48
[2019.02.22-15.00.48:205][ 19]LogWorld: Bringing up level for play took: 0.008480
[2019.02.22-15.00.48:229][ 19]LogContentBrowser: Native class hierarchy updated for 'MovieSceneCapture' in 0.0002 seconds. Added 10 classes and 0 folders.
[2019.02.22-15.00.48:239][ 19]PIE: Play in editor start time for /Game/TopDownBP/Maps/UEDPIE_0_TopDownExampleMap 0.663
[2019.02.22-15.00.48:240][ 19]LogBlueprintUserMessages: Late PlayInEditor Detection: Level '/Game/TopDownBP/Maps/TopDownExampleMap.TopDownExampleMap:PersistentLevel' has LevelScriptBlueprint '/Game/TopDownBP/Maps/TopDownExampleMap.TopDownExampleMap:PersistentLevel.TopDownExampleMap' with GeneratedClass '/Game/TopDownBP/Maps/TopDownExampleMap.TopDownExampleMap_C' with ClassGeneratedBy '/Game/TopDownBP/Maps/TopDownExampleMap.TopDownExampleMap:PersistentLevel.TopDownExampleMap'
[2019.02.22-15.00.49:415][157]LogBlueprintUserMessages: Early EndPlayMap Detection: Level '/Game/TopDownBP/Maps/TopDownExampleMap.TopDownExampleMap:PersistentLevel' has LevelScriptBlueprint '/Game/TopDownBP/Maps/TopDownExampleMap.TopDownExampleMap:PersistentLevel.TopDownExampleMap' with GeneratedClass '/Game/TopDownBP/Maps/TopDownExampleMap.TopDownExampleMap_C' with ClassGeneratedBy '/Game/TopDownBP/Maps/TopDownExampleMap.TopDownExampleMap:PersistentLevel.TopDownExampleMap'
[2019.02.22-15.00.49:416][157]LogSlate: Updating window title bar state: overlay mode, drag disabled, window buttons hidden, title bar hidden
[2019.02.22-15.00.49:453][157]LogPlayLevel: Display: Shutting down PIE online subsystems
[2019.02.22-15.00.49:453][157]LogBlueprintUserMessages: Late EndPlayMap Detection: Level '/Game/TopDownBP/Maps/TopDownExampleMap.TopDownExampleMap:PersistentLevel' has LevelScriptBlueprint '/Game/TopDownBP/Maps/TopDownExampleMap.TopDownExampleMap:PersistentLevel.TopDownExampleMap' with GeneratedClass '/Game/TopDownBP/Maps/TopDownExampleMap.TopDownExampleMap_C' with ClassGeneratedBy '/Game/TopDownBP/Maps/TopDownExampleMap.TopDownExampleMap:PersistentLevel.TopDownExampleMap'
[2019.02.22-15.00.49:479][157]LogSlate: Updating window title bar state: overlay mode, drag disabled, window buttons hidden, title bar hidden
[2019.02.22-15.00.49:521][161]LogPlayLevel: Display: Destroying online subsystem :Context_6
[2019.02.22-15.00.51:393][384]LogEditorViewport: Clicking on Actor (LMB): StaticMeshActor (Cube26)
[2019.02.22-15.00.55:931][923]LogEditorViewport: Clicking on Actor (LMB): StaticMeshActor (Cube27)
[2019.02.22-15.01.01:292][560]LogEditorViewport: Clicking on Actor (LMB): StaticMeshActor (Cube26)
[2019.02.22-15.01.04:536][944]LogEditorViewport: Clicking on Actor (LMB): StaticMeshActor (Cube27)
[2019.02.22-15.01.13:344][993]Cmd: DUPLICATE
[2019.02.22-15.01.13:345][993]Cmd: ACTOR DUPLICATE
[2019.02.22-15.01.17:143][443]LogEditorViewport: Clicking on Actor (LMB): StaticMeshActor (Cube27)
[2019.02.22-15.01.20:520][843]LogEditorViewport: Clicking on Actor (LMB): StaticMeshActor (Cube26)
[2019.02.22-15.01.21:643][974]Cmd: DELETE
[2019.02.22-15.01.21:643][974]Cmd: ACTOR DELETE
[2019.02.22-15.01.21:649][974]LogEditorActor: Deleted Actor: StaticMeshActor
[2019.02.22-15.01.21:668][974]LogEditorActor: Deleted 1 Actors (0.025 secs)
[2019.02.22-15.01.22:260][ 45]LogEditorViewport: Clicking on Actor (LMB): StaticMeshActor (Cube27)
[2019.02.22-15.01.28:920][838]LogEditorViewport: Clicking on Actor (LMB): StaticMeshActor (Cube28)
[2019.02.22-15.01.36:388][728]LogEditorViewport: Clicking on Actor (LMB): StaticMeshActor (Cube30)
[2019.02.22-15.01.37:595][869]LogEditorViewport: Clicking on Actor (LMB): StaticMeshActor (Cube27)
[2019.02.22-15.01.47:395][ 38]Cmd: DUPLICATE
[2019.02.22-15.01.47:395][ 38]Cmd: ACTOR DUPLICATE
[2019.02.22-15.01.55:909][ 51]LogEditorViewport: Clicking on Actor (LMB): StaticMeshActor (Cube27)
[2019.02.22-15.01.59:421][467]LogTemp: Repeating last play command: Selected Viewport
[2019.02.22-15.01.59:437][467]LogBlueprintUserMessages: Early PlayInEditor Detection: Level '/Game/TopDownBP/Maps/TopDownExampleMap.TopDownExampleMap:PersistentLevel' has LevelScriptBlueprint '/Game/TopDownBP/Maps/TopDownExampleMap.TopDownExampleMap:PersistentLevel.TopDownExampleMap' with GeneratedClass '/Game/TopDownBP/Maps/TopDownExampleMap.TopDownExampleMap_C' with ClassGeneratedBy '/Game/TopDownBP/Maps/TopDownExampleMap.TopDownExampleMap:PersistentLevel.TopDownExampleMap'
[2019.02.22-15.01.59:437][467]LogPlayLevel: PlayLevel: No blueprints needed recompiling
[2019.02.22-15.01.59:437][467]PIE: New page: PIE session: TopDownExampleMap (Feb 22, 2019, 5:01:59 AM)
[2019.02.22-15.01.59:437][467]LogPlayLevel: Creating play world package: /Game/TopDownBP/Maps/UEDPIE_0_TopDownExampleMap
[2019.02.22-15.01.59:446][467]LogPlayLevel: PIE: StaticDuplicateObject took: (0.009001s)
[2019.02.22-15.01.59:446][467]LogAIModule: Creating AISystem for world TopDownExampleMap
[2019.02.22-15.01.59:447][467]LogPlayLevel: PIE: World Init took: (0.000587s)
[2019.02.22-15.01.59:447][467]LogPlayLevel: PIE: Created PIE world by copying editor world from /Game/TopDownBP/Maps/TopDownExampleMap.TopDownExampleMap to /Game/TopDownBP/Maps/UEDPIE_0_TopDownExampleMap.TopDownExampleMap (0.009692s)
[2019.02.22-15.01.59:474][467]LogInit: XAudio2 using 'Speakers (Realtek High Definition Audio)' : 2 channels at 48 kHz using 32 bits per sample (channel mask 0x3)
[2019.02.22-15.01.59:485][467]LogInit: FAudioDevice initialized.
[2019.02.22-15.01.59:485][467]LogSlate: FSceneViewport::OnFocusLost() reason 2
[2019.02.22-15.01.59:518][467]LogLoad: Game class is 'Tower_Defense_Game_C'
[2019.02.22-15.01.59:523][467]LogWorld: Bringing World /Game/TopDownBP/Maps/UEDPIE_0_TopDownExampleMap.TopDownExampleMap up for play (max tick rate 0) at 2019.02.22-10.01.59
[2019.02.22-15.01.59:524][467]LogWorld: Bringing up level for play took: 0.003577
[2019.02.22-15.01.59:541][467]PIE: Play in editor start time for /Game/TopDownBP/Maps/UEDPIE_0_TopDownExampleMap -0.035
[2019.02.22-15.01.59:542][467]LogBlueprintUserMessages: Late PlayInEditor Detection: Level '/Game/TopDownBP/Maps/TopDownExampleMap.TopDownExampleMap:PersistentLevel' has LevelScriptBlueprint '/Game/TopDownBP/Maps/TopDownExampleMap.TopDownExampleMap:PersistentLevel.TopDownExampleMap' with GeneratedClass '/Game/TopDownBP/Maps/TopDownExampleMap.TopDownExampleMap_C' with ClassGeneratedBy '/Game/TopDownBP/Maps/TopDownExampleMap.TopDownExampleMap:PersistentLevel.TopDownExampleMap'
[2019.02.22-15.02.02:801][856]LogSlate: FSceneViewport::OnFocusLost() reason 0
[2019.02.22-15.02.02:902][868]LogScript: Warning: Accessed None trying to read property Tower_Widget_Reference
	TOWER_SELECTION_SHEAT_C /Engine/Transient.UnrealEdEngine_0:GameInstance_1.TOWER_SELECTION_SHEAT_C_0
	Function /Game/UI/TOWER_SELECTION_SHEAT.TOWER_SELECTION_SHEAT_C:ExecuteUbergraph_TOWER_SELECTION_SHEAT:0283
[2019.02.22-15.02.06:030][243]LogSlate: FSceneViewport::OnFocusLost() reason 0
[2019.02.22-15.02.06:155][258]LogScript: Warning: Accessed None trying to read property Tower_Widget_Reference
	TOWER_SELECTION_SHEAT_C /Engine/Transient.UnrealEdEngine_0:GameInstance_1.TOWER_SELECTION_SHEAT_C_0
	Function /Game/UI/TOWER_SELECTION_SHEAT.TOWER_SELECTION_SHEAT_C:ExecuteUbergraph_TOWER_SELECTION_SHEAT:0283
[2019.02.22-15.02.11:276][872]LogBlueprintUserMessages: Early EndPlayMap Detection: Level '/Game/TopDownBP/Maps/TopDownExampleMap.TopDownExampleMap:PersistentLevel' has LevelScriptBlueprint '/Game/TopDownBP/Maps/TopDownExampleMap.TopDownExampleMap:PersistentLevel.TopDownExampleMap' with GeneratedClass '/Game/TopDownBP/Maps/TopDownExampleMap.TopDownExampleMap_C' with ClassGeneratedBy '/Game/TopDownBP/Maps/TopDownExampleMap.TopDownExampleMap:PersistentLevel.TopDownExampleMap'
[2019.02.22-15.02.11:276][872]LogSlate: Updating window title bar state: overlay mode, drag disabled, window buttons hidden, title bar hidden
[2019.02.22-15.02.11:308][872]LogPlayLevel: Display: Shutting down PIE online subsystems
[2019.02.22-15.02.11:309][872]LogBlueprintUserMessages: Late EndPlayMap Detection: Level '/Game/TopDownBP/Maps/TopDownExampleMap.TopDownExampleMap:PersistentLevel' has LevelScriptBlueprint '/Game/TopDownBP/Maps/TopDownExampleMap.TopDownExampleMap:PersistentLevel.TopDownExampleMap' with GeneratedClass '/Game/TopDownBP/Maps/TopDownExampleMap.TopDownExampleMap_C' with ClassGeneratedBy '/Game/TopDownBP/Maps/TopDownExampleMap.TopDownExampleMap:PersistentLevel.TopDownExampleMap'
[2019.02.22-15.02.11:334][872]LogSlate: Updating window title bar state: overlay mode, drag disabled, window buttons hidden, title bar hidden
[2019.02.22-15.02.11:383][877]LogPlayLevel: Display: Destroying online subsystem :Context_7
[2019.02.22-15.02.16:953][544]LogSlate: FSceneViewport::OnFocusLost() reason 2
[2019.02.22-15.02.18:491][725]LogSlate: Took 0.003682 seconds to synchronously load lazily loaded font '../../../Engine/Content/Slate/Fonts/Roboto-Light.ttf' (167K)
[2019.02.22-15.02.18:493][725]LogSlate: FSceneViewport::OnFocusLost() reason 2
[2019.02.22-15.02.19:632][725]LogSavePackage: Moving '../../../../../../Users/katsa/OneDrive/Documents/GitHub/Tower_Defense_Game/game/Saved/TopDownExampleMap05F3C8174291AA395840D09895F6ED57.tmp' to '../../../../../../Users/katsa/OneDrive/Documents/GitHub/Tower_Defense_Game/game/Content/TopDownBP/Maps/TopDownExampleMap.umap'
[2019.02.22-15.02.19:664][725]LogFileHelpers: Saving map 'TopDownExampleMap' took 1.163
[2019.02.22-15.20.30:817][567]LogTemp: Repeating last play command: Selected Viewport
[2019.02.22-15.20.30:832][567]LogBlueprintUserMessages: Early PlayInEditor Detection: Level '/Game/TopDownBP/Maps/TopDownExampleMap.TopDownExampleMap:PersistentLevel' has LevelScriptBlueprint '/Game/TopDownBP/Maps/TopDownExampleMap.TopDownExampleMap:PersistentLevel.TopDownExampleMap' with GeneratedClass '/Game/TopDownBP/Maps/TopDownExampleMap.TopDownExampleMap_C' with ClassGeneratedBy '/Game/TopDownBP/Maps/TopDownExampleMap.TopDownExampleMap:PersistentLevel.TopDownExampleMap'
[2019.02.22-15.20.30:832][567]LogPlayLevel: PlayLevel: No blueprints needed recompiling
[2019.02.22-15.20.30:832][567]PIE: New page: PIE session: TopDownExampleMap (Feb 22, 2019, 5:20:30 AM)
[2019.02.22-15.20.30:832][567]LogPlayLevel: Creating play world package: /Game/TopDownBP/Maps/UEDPIE_0_TopDownExampleMap
[2019.02.22-15.20.30:842][567]LogPlayLevel: PIE: StaticDuplicateObject took: (0.009415s)
[2019.02.22-15.20.30:843][567]LogAIModule: Creating AISystem for world TopDownExampleMap
[2019.02.22-15.20.30:843][567]LogPlayLevel: PIE: World Init took: (0.000677s)
[2019.02.22-15.20.30:843][567]LogPlayLevel: PIE: Created PIE world by copying editor world from /Game/TopDownBP/Maps/TopDownExampleMap.TopDownExampleMap to /Game/TopDownBP/Maps/UEDPIE_0_TopDownExampleMap.TopDownExampleMap (0.010207s)
[2019.02.22-15.20.30:870][567]LogInit: XAudio2 using 'Speakers (Realtek High Definition Audio)' : 2 channels at 48 kHz using 32 bits per sample (channel mask 0x3)
[2019.02.22-15.20.30:882][567]LogInit: FAudioDevice initialized.
[2019.02.22-15.20.30:882][567]LogSlate: FSceneViewport::OnFocusLost() reason 2
[2019.02.22-15.20.30:912][567]LogLoad: Game class is 'Tower_Defense_Game_C'
[2019.02.22-15.20.30:914][567]LogWorld: Bringing World /Game/TopDownBP/Maps/UEDPIE_0_TopDownExampleMap.TopDownExampleMap up for play (max tick rate 0) at 2019.02.22-10.20.30
[2019.02.22-15.20.30:914][567]LogWorld: Bringing up level for play took: 0.000899
[2019.02.22-15.20.30:926][567]PIE: Play in editor start time for /Game/TopDownBP/Maps/UEDPIE_0_TopDownExampleMap -0.65
[2019.02.22-15.20.30:926][567]LogBlueprintUserMessages: Late PlayInEditor Detection: Level '/Game/TopDownBP/Maps/TopDownExampleMap.TopDownExampleMap:PersistentLevel' has LevelScriptBlueprint '/Game/TopDownBP/Maps/TopDownExampleMap.TopDownExampleMap:PersistentLevel.TopDownExampleMap' with GeneratedClass '/Game/TopDownBP/Maps/TopDownExampleMap.TopDownExampleMap_C' with ClassGeneratedBy '/Game/TopDownBP/Maps/TopDownExampleMap.TopDownExampleMap:PersistentLevel.TopDownExampleMap'
[2019.02.22-15.20.33:967][930]LogSlate: FSceneViewport::OnFocusLost() reason 0
[2019.02.22-15.20.34:108][947]LogScript: Warning: Accessed None trying to read property Tower_Widget_Reference
	TOWER_SELECTION_SHEAT_C /Engine/Transient.UnrealEdEngine_0:GameInstance_2.TOWER_SELECTION_SHEAT_C_0
	Function /Game/UI/TOWER_SELECTION_SHEAT.TOWER_SELECTION_SHEAT_C:ExecuteUbergraph_TOWER_SELECTION_SHEAT:0283
[2019.02.22-15.20.38:967][530]LogSlate: FSceneViewport::OnFocusLost() reason 0
[2019.02.22-15.20.44:499][192]LogScript: Warning: Accessed None trying to read property Tower_Widget_Reference
	TOWER_SELECTION_SHEAT_C /Engine/Transient.UnrealEdEngine_0:GameInstance_2.TOWER_SELECTION_SHEAT_C_0
	Function /Game/UI/TOWER_SELECTION_SHEAT.TOWER_SELECTION_SHEAT_C:ExecuteUbergraph_TOWER_SELECTION_SHEAT:0283
[2019.02.22-15.20.56:618][646]LogBlueprintUserMessages: Early EndPlayMap Detection: Level '/Game/TopDownBP/Maps/TopDownExampleMap.TopDownExampleMap:PersistentLevel' has LevelScriptBlueprint '/Game/TopDownBP/Maps/TopDownExampleMap.TopDownExampleMap:PersistentLevel.TopDownExampleMap' with GeneratedClass '/Game/TopDownBP/Maps/TopDownExampleMap.TopDownExampleMap_C' with ClassGeneratedBy '/Game/TopDownBP/Maps/TopDownExampleMap.TopDownExampleMap:PersistentLevel.TopDownExampleMap'
[2019.02.22-15.20.56:618][646]LogSlate: Updating window title bar state: overlay mode, drag disabled, window buttons hidden, title bar hidden
[2019.02.22-15.20.56:655][646]LogPlayLevel: Display: Shutting down PIE online subsystems
[2019.02.22-15.20.56:655][646]LogBlueprintUserMessages: Late EndPlayMap Detection: Level '/Game/TopDownBP/Maps/TopDownExampleMap.TopDownExampleMap:PersistentLevel' has LevelScriptBlueprint '/Game/TopDownBP/Maps/TopDownExampleMap.TopDownExampleMap:PersistentLevel.TopDownExampleMap' with GeneratedClass '/Game/TopDownBP/Maps/TopDownExampleMap.TopDownExampleMap_C' with ClassGeneratedBy '/Game/TopDownBP/Maps/TopDownExampleMap.TopDownExampleMap:PersistentLevel.TopDownExampleMap'
[2019.02.22-15.20.56:679][646]LogSlate: Updating window title bar state: overlay mode, drag disabled, window buttons hidden, title bar hidden
[2019.02.22-15.20.56:723][651]LogPlayLevel: Display: Destroying online subsystem :Context_8
[2019.02.22-15.21.02:584][353]LogSlate: FSceneViewport::OnFocusLost() reason 0
[2019.02.22-15.21.02:799][378]LogAssetEditorManager: Opening Asset editor for Blueprint /Game/tower/BUILDER_TOWER_BP.BUILDER_TOWER_BP
[2019.02.22-15.21.03:291][378]LogContentBrowser: Native class hierarchy updated for 'BlueprintGraph' in 0.0005 seconds. Added 116 classes and 0 folders.
[2019.02.22-15.21.03:969][378]LogSlate: Took 0.004248 seconds to synchronously load lazily loaded font '../../../Engine/Content/Slate/Fonts/Roboto-BoldCondensed.ttf' (158K)
[2019.02.22-15.21.04:114][379]LogSlate: Took 0.003760 seconds to synchronously load lazily loaded font '../../../Engine/Content/Slate/Fonts/Roboto-Italic.ttf' (157K)
[2019.02.22-15.21.05:444][532]LogRenderer: Reallocating scene render targets to support 1208x712 Format 10 NumSamples 1 (Frame:1).
[2019.02.22-15.21.07:767][808]LogAssetEditorManager: Opening Asset editor for Blueprint /Game/tower/Tower_BP.Tower_BP
[2019.02.22-15.21.22:539][535]LogSlate: FSceneViewport::OnFocusLost() reason 0
