Log file open, 03/08/19 12:47:04
LogWindows: Failed to load 'aqProf.dll' (GetLastError=126)
LogWindows: File 'aqProf.dll' does not exist
LogWindows: Failed to load 'VSPerf140.dll' (GetLastError=126)
LogWindows: File 'VSPerf140.dll' does not exist
LogWindows: Failed to load 'VtuneApi.dll' (GetLastError=126)
LogWindows: File 'VtuneApi.dll' does not exist
LogWindows: Failed to load 'VtuneApi32e.dll' (GetLastError=126)
LogWindows: File 'VtuneApi32e.dll' does not exist
LogInit: Display: Running engine for game: game
LogPlatformFile: Not using cached read wrapper
LogTaskGraph: Started task graph with 5 named threads and 23 total threads with 3 sets of task threads.
LogStats: Stats thread started at 0.883690
LogD3D11RHI: Loaded GFSDK_Aftermath_Lib.x64.dll
LogICUInternationalization: Display: ICU TimeZone Detection - Raw Offset: -5:00, Platform Override: ''
LogPluginManager: Mounting plugin Paper2D
LogPluginManager: Mounting plugin AISupport
LogPluginManager: Mounting plugin LightPropagationVolume
LogPluginManager: Mounting plugin CLionSourceCodeAccess
LogPluginManager: Mounting plugin CodeLiteSourceCodeAccess
LogPluginManager: Mounting plugin GitSourceControl
LogPluginManager: Mounting plugin KDevelopSourceCodeAccess
LogPluginManager: Mounting plugin NullSourceCodeAccess
LogPluginManager: Mounting plugin PerforceSourceControl
LogPluginManager: Mounting plugin SubversionSourceControl
LogPluginManager: Mounting plugin UObjectPlugin
LogPluginManager: Mounting plugin VisualStudioCodeSourceCodeAccess
LogPluginManager: Mounting plugin VisualStudioSourceCodeAccess
LogPluginManager: Mounting plugin XCodeSourceCodeAccess
LogPluginManager: Mounting plugin AssetManagerEditor
LogPluginManager: Mounting plugin CryptoKeys
LogPluginManager: Mounting plugin DataValidation
LogPluginManager: Mounting plugin FacialAnimation
LogPluginManager: Mounting plugin GameplayTagsEditor
LogPluginManager: Mounting plugin MacGraphicsSwitching
LogPluginManager: Mounting plugin MeshEditor
LogPluginManager: Mounting plugin MobileLauncherProfileWizard
LogPluginManager: Mounting plugin PluginBrowser
LogPluginManager: Mounting plugin SpeedTreeImporter
LogPluginManager: Mounting plugin DatasmithContent
LogPluginManager: Mounting plugin AlembicImporter
LogPluginManager: Mounting plugin AppleImageUtils
LogPluginManager: Mounting plugin AppleVision
LogPluginManager: Mounting plugin BackChannel
LogPluginManager: Mounting plugin CharacterAI
LogPluginManager: Mounting plugin GeometryCache
LogPluginManager: Mounting plugin HTML5Networking
LogPluginManager: Mounting plugin ProxyLODPlugin
LogPluginManager: Mounting plugin MagicLeap
LogPluginManager: Mounting plugin MagicLeapEmulator
LogPluginManager: Mounting plugin MagicLeapMedia
LogPluginManager: Mounting plugin AndroidMedia
LogPluginManager: Mounting plugin AvfMedia
LogPluginManager: Mounting plugin ImgMedia
LogPluginManager: Mounting plugin LinearTimecode
LogPluginManager: Mounting plugin MediaCompositing
LogPluginManager: Mounting plugin MediaPlayerEditor
LogPluginManager: Mounting plugin WmfMedia
LogPluginManager: Mounting plugin TcpMessaging
LogPluginManager: Mounting plugin UdpMessaging
LogPluginManager: Mounting plugin ActorSequence
LogPluginManager: Mounting plugin LevelSequenceEditor
LogPluginManager: Mounting plugin MatineeToLevelSequence
LogPluginManager: Mounting plugin NetcodeUnitTest
LogPluginManager: Mounting plugin NUTUnrealEngine4
LogPluginManager: Mounting plugin OnlineSubsystemGooglePlay
LogPluginManager: Mounting plugin OnlineSubsystemIOS
LogPluginManager: Mounting plugin OnlineSubsystem
LogPluginManager: Mounting plugin OnlineSubsystemNull
LogPluginManager: Mounting plugin OnlineSubsystemUtils
LogPluginManager: Mounting plugin LauncherChunkInstaller
LogPluginManager: Mounting plugin AndroidDeviceProfileSelector
LogPluginManager: Mounting plugin AndroidMoviePlayer
LogPluginManager: Mounting plugin AndroidPermission
LogPluginManager: Mounting plugin AppleMoviePlayer
LogPluginManager: Mounting plugin ArchVisCharacter
LogPluginManager: Mounting plugin AudioCapture
LogPluginManager: Mounting plugin CableComponent
LogPluginManager: Mounting plugin CustomMeshComponent
LogPluginManager: Mounting plugin EditableMesh
LogPluginManager: Mounting plugin ExampleDeviceProfileSelector
LogPluginManager: Mounting plugin GoogleCloudMessaging
LogPluginManager: Mounting plugin ImmediatePhysics
LogPluginManager: Mounting plugin IOSDeviceProfileSelector
LogPluginManager: Mounting plugin LinuxDeviceProfileSelector
LogPluginManager: Mounting plugin LocationServicesBPLibrary
LogPluginManager: Mounting plugin MobilePatchingUtils
LogPluginManager: Mounting plugin OculusVR
LogPluginManager: Plugin shader directory ../../../Engine/Plugins/Runtime/Oculus/OculusVR/Shaders found
LogPluginManager: Mapping shader source directory ../../../Engine/Plugins/Runtime/Oculus/OculusVR/Shaders to virtual directory /Plugin/OculusVR
LogPluginManager: Mounting plugin PhysXVehicles
LogPluginManager: Mounting plugin ProceduralMeshComponent
LogPluginManager: Mounting plugin RuntimePhysXCooking
LogPluginManager: Mounting plugin SteamVR
LogPluginManager: Mounting plugin WindowsMoviePlayer
LogStreaming: Display: Took  0.242s to configure plugins.
LogInit: Using libcurl 7.55.1-DEV
LogInit:  - built for x86_64-pc-win32
LogInit:  - supports SSL with OpenSSL/1.0.2h
LogInit:  - supports HTTP deflate (compression) using libz 1.2.8
LogInit:  - other features:
LogInit:      CURL_VERSION_SSL
LogInit:      CURL_VERSION_LIBZ
LogInit:      CURL_VERSION_IPV6
LogInit:      CURL_VERSION_ASYNCHDNS
LogInit:      CURL_VERSION_LARGEFILE
LogInit:      CURL_VERSION_IDN
LogInit:  CurlRequestOptions (configurable via config and command line):
LogInit:  - bVerifyPeer = false  - Libcurl will NOT verify peer certificate
LogInit:  - bUseHttpProxy = false  - Libcurl will NOT use HTTP proxy
LogInit:  - bDontReuseConnections = false  - Libcurl will reuse connections
LogInit:  - CertBundlePath = nullptr  - Libcurl will use whatever was configured at build time.
LogInit:  - MaxHostConnections = 16  - Libcurl will limit the number of connections to a host
LogInit:  - LocalHostAddr = Default
LogInit:  - BufferSize = 65536
LogInit: WinSock: version 1.1 (2.2), MaxSocks=32767, MaxUdp=65467
LogInit: Build: ++UE4+Release-4.20-CL-4369336
LogInit: Engine Version: 4.20.3-4369336+++UE4+Release-4.20
LogInit: Compatible Engine Version: 4.20.0-4212847+++UE4+Release-4.20
LogInit: Net CL: 4212847
LogInit: OS: Windows 10 (), CPU: Intel(R) Xeon(R) CPU E5-1620 v3 @ 3.50GHz, GPU: NVIDIA GeForce GTX 1080
LogInit: Compiled (64-bit): Sep 17 2018 12:26:19
LogInit: Compiled with Visual C++: 19.13.26129.00
LogInit: Build Configuration: Development
LogInit: Branch Name: ++UE4+Release-4.20
LogInit: Command Line:  
LogInit: Base Directory: C:/Program Files/Epic Games/UE_4.20/Engine/Binaries/Win64/
LogInit: Installed Engine Build: 1
LogDevObjectVersion: Number of dev versions registered: 20
LogDevObjectVersion:   Dev-Blueprints (B0D832E4-1F89-4F0D-ACCF-7EB736FD4AA2): 10
LogDevObjectVersion:   Dev-Build (E1C64328-A22C-4D53-A36C-8E866417BD8C): 0
LogDevObjectVersion:   Dev-Core (375EC13C-06E4-48FB-B500-84F0262A717E): 2
LogDevObjectVersion:   Dev-Editor (E4B068ED-F494-42E9-A231-DA0B2E46BB41): 24
LogDevObjectVersion:   Dev-Framework (CFFC743F-43B0-4480-9391-14DF171D2073): 34
LogDevObjectVersion:   Dev-Mobile (B02B49B5-BB20-44E9-A304-32B752E40360): 2
LogDevObjectVersion:   Dev-Networking (A4E4105C-59A1-49B5-A7C5-40C4547EDFEE): 0
LogDevObjectVersion:   Dev-Online (39C831C9-5AE6-47DC-9A44-9C173E1C8E7C): 0
LogDevObjectVersion:   Dev-Physics (78F01B33-EBEA-4F98-B9B4-84EACCB95AA2): 0
LogDevObjectVersion:   Dev-Platform (6631380F-2D4D-43E0-8009-CF276956A95A): 0
LogDevObjectVersion:   Dev-Rendering (12F88B9F-8875-4AFC-A67C-D90C383ABD29): 26
LogDevObjectVersion:   Dev-Sequencer (7B5AE74C-D270-4C10-A958-57980B212A5A): 9
LogDevObjectVersion:   Dev-VR (D7296918-1DD6-4BDD-9DE2-64A83CC13884): 2
LogDevObjectVersion:   Dev-LoadTimes (C2A15278-BFE7-4AFE-6C17-90FF531DF755): 1
LogDevObjectVersion:   Private-Geometry (6EACA3D4-40EC-4CC1-B786-8BED09428FC5): 3
LogDevObjectVersion:   Dev-AnimPhys (29E575DD-E0A3-4627-9D10-D276232CDCEA): 17
LogDevObjectVersion:   Dev-ReflectionCapture (6B266CEC-1EC7-4B8F-A30B-E4D90942FC07): 1
LogDevObjectVersion:   Dev-Automation (0DF73D61-A23F-47EA-B727-89E90C41499A): 1
LogDevObjectVersion:   FortniteMain (601D1886-AC64-4F84-AA16-D3DE0DEAC7D6): 12
LogDevObjectVersion:   Dev-Enterprise (9DFFBCD6-494F-0158-E221-12823C92A888): 1
LogStreaming: Display: Took  0.001s to delete old logs.
LogInit: Presizing for max 8388607 objects, including 0 objects not considered by GC, pre-allocating 0 bytes for permanent pool.
LogInit: Object subsystem initialized
[2019.03.08-17.47.05:484][  0]LogInit: Selected Device Profile: [Windows]
[2019.03.08-17.47.05:484][  0]LogInit: Applying CVar settings loaded from the selected device profile: [Windows]
[2019.03.08-17.47.05:507][  0]LogHAL: Display: Platform has ~ 16 GB [17092161536 / 17179869184 / 16], which maps to Larger [LargestMinGB=32, LargerMinGB=12, DefaultMinGB=8, SmallerMinGB=6, SmallestMinGB=0)
[2019.03.08-17.47.05:508][  0]LogInit: Setting Device Profile CVar: [[r.Vulkan.UseRealUBs:1]]
[2019.03.08-17.47.05:508][  0]LogInit: Going up to parent DeviceProfile []
[2019.03.08-17.47.05:510][  0]LogInit: Computer: 2010-01-271-21
[2019.03.08-17.47.05:510][  0]LogInit: User: Student
[2019.03.08-17.47.05:510][  0]LogInit: CPU Page size=4096, Cores=4
[2019.03.08-17.47.05:510][  0]LogInit: High frequency timer resolution =10.000000 MHz
[2019.03.08-17.47.05:510][  0]LogMemory: Memory total: Physical=15.9GB (16GB approx)
[2019.03.08-17.47.05:510][  0]LogMemory: Platform Memory Stats for Windows
[2019.03.08-17.47.05:510][  0]LogMemory: Process Physical Memory: 102.07 MB used, 102.07 MB peak
[2019.03.08-17.47.05:510][  0]LogMemory: Process Virtual Memory: 87.28 MB used, 87.28 MB peak
[2019.03.08-17.47.05:511][  0]LogMemory: Physical Memory: 7104.80 MB used,  9195.55 MB free, 16300.36 MB total
[2019.03.08-17.47.05:511][  0]LogMemory: Virtual Memory: 4639.47 MB used,  9195.55 MB free, 134217728.00 MB total
[2019.03.08-17.47.05:651][  0]LogInit: Using OS detected language (en-US).
[2019.03.08-17.47.05:651][  0]LogInit: Using OS detected locale (en-US).
[2019.03.08-17.47.05:653][  0]LogTextLocalizationManager: No specific localization for 'en-US' exists, so the 'en' localization will be used.
[2019.03.08-17.47.06:168][  0]LogStreaming: Display: Took  0.516s to InitEngineTextLocalization.
[2019.03.08-17.47.06:169][  0]LogInit: Setting process to per monitor DPI aware
[2019.03.08-17.47.06:238][  0]LogSlate: New Slate User Created.  User Index 0, Is Virtual User: 0
[2019.03.08-17.47.06:238][  0]LogSlate: Slate User Registered.  User Index 0, Is Virtual User: 0
[2019.03.08-17.47.06:764][  0]LogHMD: Failed to initialize OpenVR with code 110
[2019.03.08-17.47.06:764][  0]LogD3D11RHI: D3D11 adapters:
[2019.03.08-17.47.06:938][  0]LogD3D11RHI:    0. 'NVIDIA GeForce GTX 1080' (Feature Level 11_0)
[2019.03.08-17.47.06:938][  0]LogD3D11RHI:       8079/0/8150 MB DedicatedVideo/DedicatedSystem/SharedSystem, Outputs:1, VendorId:0x10de
[2019.03.08-17.47.06:942][  0]LogD3D11RHI:    1. 'Microsoft Basic Render Driver' (Feature Level 11_0)
[2019.03.08-17.47.06:942][  0]LogD3D11RHI:       0/0/8150 MB DedicatedVideo/DedicatedSystem/SharedSystem, Outputs:0, VendorId:0x1414
[2019.03.08-17.47.06:942][  0]LogD3D11RHI: Chosen D3D11 Adapter: 0
[2019.03.08-17.47.06:955][  0]LogD3D11RHI: Creating new Direct3DDevice
[2019.03.08-17.47.06:955][  0]LogD3D11RHI:     GPU DeviceId: 0x1b80 (for the marketing name, search the web for "GPU Device Id")
[2019.03.08-17.47.06:955][  0]LogWindows: EnumDisplayDevices:
[2019.03.08-17.47.06:956][  0]LogWindows:    0. 'NVIDIA GeForce GTX 1080' (P:1 D:1)
[2019.03.08-17.47.06:956][  0]LogWindows:    1. 'NVIDIA GeForce GTX 1080' (P:0 D:0)
[2019.03.08-17.47.06:957][  0]LogWindows:    2. 'NVIDIA GeForce GTX 1080' (P:0 D:0)
[2019.03.08-17.47.06:957][  0]LogWindows:    3. 'NVIDIA GeForce GTX 1080' (P:0 D:0)
[2019.03.08-17.47.06:958][  0]LogWindows: DebugString: FoundDriverCount:4 
[2019.03.08-17.47.06:958][  0]LogD3D11RHI:     Adapter Name: NVIDIA GeForce GTX 1080
[2019.03.08-17.47.06:958][  0]LogD3D11RHI:   Driver Version: 417.35 (internal:25.21.14.1735, unified:417.35)
[2019.03.08-17.47.06:958][  0]LogD3D11RHI:      Driver Date: 12-11-2018
[2019.03.08-17.47.06:958][  0]LogRHI: Texture pool is 5655 MB (70% of 8079 MB)
[2019.03.08-17.47.07:052][  0]LogD3D11RHI: Async texture creation enabled
[2019.03.08-17.47.07:091][  0]LogD3D11RHI: GPU Timing Frequency: 1000.000000 (Debug: 2 2)
[2019.03.08-17.47.07:139][  0]LogShaderCompilers: Guid format shader working directory is -24 characters bigger than the processId version (../../../../../../Users/student/Documents/GitHub/Tower_Defense_Game/game/Intermediate/Shaders/WorkingDirectory/1848/).
[2019.03.08-17.47.07:139][  0]LogShaderCompilers: Cleaned the shader compiler working directory 'C:/Users/student/AppData/Local/Temp/UnrealShaderWorkingDir/D37547C343BE171FDF491B9D30A609A3/'.
[2019.03.08-17.47.09:846][  0]LogTemp: Display: Loaded TP AllDesktopTargetPlatform
[2019.03.08-17.47.09:873][  0]LogTemp: Display: Loaded TP MacClientTargetPlatform
[2019.03.08-17.47.09:902][  0]LogTemp: Display: Loaded TP MacNoEditorTargetPlatform
[2019.03.08-17.47.09:930][  0]LogTemp: Display: Loaded TP MacServerTargetPlatform
[2019.03.08-17.47.09:960][  0]LogTemp: Display: Loaded TP MacTargetPlatform
[2019.03.08-17.47.09:986][  0]LogTemp: Display: Loaded TP WindowsClientTargetPlatform
[2019.03.08-17.47.10:014][  0]LogTemp: Display: Loaded TP WindowsNoEditorTargetPlatform
[2019.03.08-17.47.10:050][  0]LogTemp: Display: Loaded TP WindowsServerTargetPlatform
[2019.03.08-17.47.10:076][  0]LogTemp: Display: Loaded TP WindowsTargetPlatform
[2019.03.08-17.47.10:232][  0]LogTemp: Display: Loaded TP AndroidTargetPlatform
[2019.03.08-17.47.10:232][  0]LogTemp: Display: Loaded TP AndroidTargetPlatform
[2019.03.08-17.47.10:232][  0]LogTemp: Display: Loaded TP AndroidTargetPlatform
[2019.03.08-17.47.10:232][  0]LogTemp: Display: Loaded TP AndroidTargetPlatform
[2019.03.08-17.47.10:232][  0]LogTemp: Display: Loaded TP AndroidTargetPlatform
[2019.03.08-17.47.10:232][  0]LogTemp: Display: Loaded TP AndroidTargetPlatform
[2019.03.08-17.47.10:232][  0]LogTemp: Display: Loaded TP AndroidTargetPlatform
[2019.03.08-17.47.10:232][  0]LogTemp: Display: Loaded TP AndroidTargetPlatform
[2019.03.08-17.47.10:232][  0]LogTemp: Display: Loaded TP AndroidTargetPlatform
[2019.03.08-17.47.10:232][  0]LogTemp: Display: Loaded TP AndroidTargetPlatform
[2019.03.08-17.47.10:232][  0]LogTemp: Display: Loaded TP AndroidTargetPlatform
[2019.03.08-17.47.10:232][  0]LogTemp: Display: Loaded TP AndroidTargetPlatform
[2019.03.08-17.47.10:232][  0]LogTemp: Display: Loaded TP AndroidTargetPlatform
[2019.03.08-17.47.10:232][  0]LogTemp: Display: Loaded TP AndroidTargetPlatform
[2019.03.08-17.47.10:232][  0]LogTemp: Display: Loaded TP AndroidTargetPlatform
[2019.03.08-17.47.10:232][  0]LogTemp: Display: Loaded TP AndroidTargetPlatform
[2019.03.08-17.47.10:232][  0]LogTemp: Display: Loaded TP AndroidTargetPlatform
[2019.03.08-17.47.10:232][  0]LogTemp: Display: Loaded TP AndroidTargetPlatform
[2019.03.08-17.47.10:246][  0]LogTemp: Display: Loaded TP HTML5TargetPlatform
[2019.03.08-17.47.10:373][  0]LogTemp: Display: Loaded TP IOSTargetPlatform
[2019.03.08-17.47.10:373][  0]LogTemp: Display: Loaded TP IOSTargetPlatform
[2019.03.08-17.47.10:426][  0]LogTemp: Display: Loaded TP TVOSTargetPlatform
[2019.03.08-17.47.10:426][  0]LogTemp: Display: Loaded TP TVOSTargetPlatform
[2019.03.08-17.47.10:457][  0]LogTemp: Display: Loaded TP LinuxClientTargetPlatform
[2019.03.08-17.47.10:491][  0]LogTemp: Display: Loaded TP LinuxNoEditorTargetPlatform
[2019.03.08-17.47.10:525][  0]LogTemp: Display: Loaded TP LinuxServerTargetPlatform
[2019.03.08-17.47.10:563][  0]LogTemp: Display: Loaded TP LinuxTargetPlatform
[2019.03.08-17.47.10:592][  0]LogTemp: Display: Loaded TP LuminTargetPlatform
[2019.03.08-17.47.10:592][  0]LogTargetPlatformManager: Display: Building Assets For Windows
[2019.03.08-17.47.11:039][  0]LogXGEController: Cleaning working directory: C:/Users/student/AppData/Local/Temp/UnrealXGEWorkingDir/
[2019.03.08-17.47.11:039][  0]LogXGEController: Cannot use XGE Controller as Incredibuild is not installed on this machine.
[2019.03.08-17.47.11:039][  0]LogShaderCompilers: Cannot use XGE Shader Compiler as Incredibuild is not installed on this machine.
[2019.03.08-17.47.11:039][  0]LogShaderCompilers: Display: Using Local Shader Compiler.
[2019.03.08-17.47.12:524][  0]LogDerivedDataCache: Display: Max Cache Size: 512 MB
[2019.03.08-17.47.12:906][  0]LogDerivedDataCache: Loaded boot cache 0.38s 71MB C:/Users/student/AppData/Local/UnrealEngine/4.20/DerivedDataCache/Boot.ddc.
[2019.03.08-17.47.12:906][  0]LogDerivedDataCache: Display: Loaded Boot cache: C:/Users/student/AppData/Local/UnrealEngine/4.20/DerivedDataCache/Boot.ddc
[2019.03.08-17.47.12:907][  0]LogDerivedDataCache: FDerivedDataBackendGraph:  Pak pak cache file ../../../../../../Users/student/Documents/GitHub/Tower_Defense_Game/game/DerivedDataCache/DDC.ddp not found, will not use a pak cache.
[2019.03.08-17.47.12:907][  0]LogDerivedDataCache: Unable to find inner node Pak for hierarchical cache Hierarchy.
[2019.03.08-17.47.12:907][  0]LogDerivedDataCache: FDerivedDataBackendGraph:  CompressedPak pak cache file ../../../../../../Users/student/Documents/GitHub/Tower_Defense_Game/game/DerivedDataCache/Compressed.ddp not found, will not use a pak cache.
[2019.03.08-17.47.12:907][  0]LogDerivedDataCache: Unable to find inner node CompressedPak for hierarchical cache Hierarchy.
[2019.03.08-17.47.12:932][  0]LogDerivedDataCache: Display: Pak cache opened for reading ../../../Engine/DerivedDataCache/Compressed.ddp.
[2019.03.08-17.47.12:946][  0]LogDerivedDataCache: Using Local data cache path C:/Users/student/AppData/Local/UnrealEngine/Common/DerivedDataCache: Writable
[2019.03.08-17.47.12:946][  0]LogDerivedDataCache: Shared data cache path not found in *engine.ini, will not use an Shared cache.
[2019.03.08-17.47.12:946][  0]LogDerivedDataCache: Unable to find inner node Shared for hierarchical cache Hierarchy.
[2019.03.08-17.47.12:979][  0]LogMaterial: Verifying Global Shaders for PCD3D_SM5
[2019.03.08-17.47.12:986][  0]LogSlate: Using FreeType 2.6.0
[2019.03.08-17.47.12:994][  0]LogSlate: SlateFontServices - WITH_FREETYPE: 1, WITH_HARFBUZZ: 1
[2019.03.08-17.47.13:199][  0]LogAssetRegistry: FAssetRegistry took 0.0321 seconds to start up
[2019.03.08-17.47.13:807][  0]LogInit: Selected Device Profile: [Windows]
[2019.03.08-17.47.14:268][  0]LogSimplygon: Simplygon DLL not present - disabling.
[2019.03.08-17.47.14:292][  0]LogMeshReduction: Using SimplygonSwarm for distributed automatic mesh merging
[2019.03.08-17.47.14:292][  0]LogMeshReduction: Using ProxyLODMeshReduction for automatic mesh merging
[2019.03.08-17.47.14:293][  0]LogMeshReduction: Using QuadricMeshReduction for automatic static mesh reduction
[2019.03.08-17.47.14:293][  0]LogMeshReduction: No automatic skeletal mesh reduction module available
[2019.03.08-17.47.14:351][  0]LogNetVersion: game 1.0.0, NetCL: 4212847, EngineNetVer: 5, GameNetVer: 0 (Checksum: 4261265131)
[2019.03.08-17.47.14:568][  0]LogNavigation: Error: [/Script/Engine.RecastNavMesh] found in the DefaultEngine.ini file. This class has been moved. Please rename that section to [/Script/NavigationSystem.RecastNavMesh]
[2019.03.08-17.47.15:852][  0]LogPackageLocalizationCache: Processed 11 localized package path(s) for 2 prioritized culture(s) in 0.198092 seconds
[2019.03.08-17.47.15:868][  0]LogUObjectArray: 38425 objects as part of root set at end of initial load.
[2019.03.08-17.47.15:868][  0]LogUObjectAllocator: 6690864 out of 0 bytes used by permanent object pool.
[2019.03.08-17.47.15:868][  0]LogUObjectArray: CloseDisregardForGC: 0/0 objects in disregard for GC pool
[2019.03.08-17.47.19:154][  0]LogTcpMessaging: Initializing TcpMessaging bridge
[2019.03.08-17.47.19:180][  0]LogUdpMessaging: Initializing bridge on interface 0.0.0.0:0 to multicast group 230.0.0.1:6666.
[2019.03.08-17.47.19:609][  0]SourceControl: Source control is disabled
[2019.03.08-17.47.19:610][  0]SourceControl: Source control is disabled
[2019.03.08-17.47.19:624][  0]SourceControl: Source control is disabled
[2019.03.08-17.47.19:628][  0]SourceControl: Source control is disabled
[2019.03.08-17.47.20:755][  0]LogAndroidPermission: UAndroidPermissionCallbackProxy::GetInstance
[2019.03.08-17.47.20:918][  0]LogOcInput: OculusInput pre-init called
[2019.03.08-17.47.21:129][  0]LogEngine: Initializing Engine...
[2019.03.08-17.47.21:132][  0]LogHMD: Failed to initialize OpenVR with code 110
[2019.03.08-17.47.21:135][  0]LogStats: UGameplayTagsManager::ConstructGameplayTagTree: ImportINI prefixes -  0.000 s
[2019.03.08-17.47.21:135][  0]LogStats: UGameplayTagsManager::ConstructGameplayTagTree: Construct from data asset -  0.000 s
[2019.03.08-17.47.21:135][  0]LogStats: UGameplayTagsManager::ConstructGameplayTagTree: ImportINI -  0.000 s
[2019.03.08-17.47.21:135][  0]LogStats: UGameplayTagsManager::ConstructGameplayTagTree: GameplayTagTreeChangedEvent.Broadcast -  0.000 s
[2019.03.08-17.47.21:729][  0]LogInit: Initializing FReadOnlyCVARCache
[2019.03.08-17.47.21:799][  0]LogAIModule: Creating AISystem for world Untitled
[2019.03.08-17.47.21:872][  0]LogInit: XAudio2 using 'HP Z24n (NVIDIA High Definition Audio)' : 2 channels at 48 kHz using 16 bits per sample (channel mask 0x3)
[2019.03.08-17.47.22:007][  0]LogInit: FAudioDevice initialized.
[2019.03.08-17.47.22:007][  0]LogNetVersion: Set ProjectVersion to 1.0.0.0. Version Checksum will be recalculated on next use.
[2019.03.08-17.47.22:106][  0]LogDerivedDataCache: Saved boot cache 0.10s 71MB C:/Users/student/AppData/Local/UnrealEngine/4.20/DerivedDataCache/Boot.ddc.
[2019.03.08-17.47.22:118][  0]LogInit: Texture streaming: Enabled
[2019.03.08-17.47.22:225][  0]LogEngineSessionManager: EngineSessionManager initialized
[2019.03.08-17.47.22:307][  0]LogInit: Transaction tracking system initialized
[2019.03.08-17.47.22:498][  0]BlueprintLog: New page: Editor Load
[2019.03.08-17.47.23:155][  0]LocalizationService: Localization service is disabled
[2019.03.08-17.47.23:967][  0]LogCook: Display: Max memory allowance for cook 16384mb min free memory 0mb
[2019.03.08-17.47.23:968][  0]LogCook: Display: Mobile HDR setting 1
[2019.03.08-17.47.23:968][  0]LogGameplayTags: Display: UGameplayTagsManager::DoneAddingNativeTags. DelegateIsBound: 0
[2019.03.08-17.47.23:968][  0]LogStats: UGameplayTagsManager::ConstructGameplayTagTree: ImportINI prefixes -  0.000 s
[2019.03.08-17.47.23:968][  0]LogStats: UGameplayTagsManager::ConstructGameplayTagTree: Construct from data asset -  0.000 s
[2019.03.08-17.47.23:968][  0]LogStats: UGameplayTagsManager::ConstructGameplayTagTree: ImportINI -  0.000 s
[2019.03.08-17.47.23:968][  0]LogStats: UGameplayTagsManager::ConstructGameplayTagTree: GameplayTagTreeChangedEvent.Broadcast -  0.000 s
[2019.03.08-17.47.24:223][  0]LogFileCache: Scanning file cache for directory 'C:/Users/student/Documents/GitHub/Tower_Defense_Game/game/Content/' took 0.01s
[2019.03.08-17.47.24:224][  0]LogLinker: Warning: Can't find file '/Game/Geometry/Meshes/Tower_3'
[2019.03.08-17.47.24:224][  0]LogLinker: Warning: Can't find file for asset '/Game/Geometry/Meshes/Tower_3' while loading ../../../Engine/Content/BasicShapes/Cube.uasset.
[2019.03.08-17.47.24:224][  0]LoadErrors: Error: /Engine/BasicShapes/Cube : Can't find file for asset. /Game/Geometry/Meshes/Tower_3
[2019.03.08-17.47.24:225][  0]LogLinker: Warning: Can't find file '/Game/Geometry/Meshes/Tower_3'
[2019.03.08-17.47.24:225][  0]LogLinker: Warning: Can't find file for asset '/Game/Geometry/Meshes/Tower_3' while loading ../../../Engine/Content/BasicShapes/Cube.uasset.
[2019.03.08-17.47.24:225][  0]LoadErrors: Error: /Engine/BasicShapes/Cube : Can't find file for asset. /Game/Geometry/Meshes/Tower_3
[2019.03.08-17.47.24:227][  0]LogLinker: Warning: Can't find file '/Game/Geometry/Meshes/Tower_3'
[2019.03.08-17.47.24:227][  0]LoadErrors: Failed to load /Game/Geometry/Meshes/Tower_3.Tower_3 Referenced by StaticMeshSocket_0
[2019.03.08-17.47.24:227][  0]LogLinker: Warning: Can't find file for asset '/Game/Geometry/Meshes/Tower_3' while loading NULL.
[2019.03.08-17.47.24:227][  0]LoadErrors: Failed to load /Game/Geometry/Meshes/Tower_3.Tower_3 Referenced by StaticMeshSocket_0
[2019.03.08-17.47.24:253][  0]LogLinker: Warning: Can't find file '/Game/Geometry/Meshes/Tower_5'
[2019.03.08-17.47.24:253][  0]LogLinker: Warning: Can't find file for asset '/Game/Geometry/Meshes/Tower_5' while loading ../../../Engine/Content/BasicShapes/Cylinder.uasset.
[2019.03.08-17.47.24:253][  0]LoadErrors: Error: /Engine/BasicShapes/Cylinder : Can't find file for asset. /Game/Geometry/Meshes/Tower_5
[2019.03.08-17.47.24:254][  0]LogLinker: Warning: Can't find file '/Game/Geometry/Meshes/Tower_5'
[2019.03.08-17.47.24:254][  0]LogLinker: Warning: Can't find file for asset '/Game/Geometry/Meshes/Tower_5' while loading ../../../Engine/Content/BasicShapes/Cylinder.uasset.
[2019.03.08-17.47.24:255][  0]LoadErrors: Error: /Engine/BasicShapes/Cylinder : Can't find file for asset. /Game/Geometry/Meshes/Tower_5
[2019.03.08-17.47.24:258][  0]LogLinker: Warning: Can't find file '/Game/Geometry/Meshes/Tower_5'
[2019.03.08-17.47.24:258][  0]LoadErrors: Failed to load /Game/Geometry/Meshes/Tower_5.Tower_5 Referenced by StaticMeshSocket_2
[2019.03.08-17.47.24:258][  0]LogLinker: Warning: Can't find file for asset '/Game/Geometry/Meshes/Tower_5' while loading NULL.
[2019.03.08-17.47.24:259][  0]LoadErrors: Failed to load /Game/Geometry/Meshes/Tower_5.Tower_5 Referenced by StaticMeshSocket_2
[2019.03.08-17.47.24:568][  0]SourceControl: Source control is disabled
[2019.03.08-17.47.24:569][  0]Cmd: MAP LOAD FILE="../../../../../../Users/student/Documents/GitHub/Tower_Defense_Game/game/Content/TopDownBP/Maps/TopDownExampleMap.umap" TEMPLATE=0 SHOWPROGRESS=1 FEATURELEVEL=3
[2019.03.08-17.47.24:569][  0]LogEditorServer: Warning: Can't find file '../../../../../../Users/student/Documents/GitHub/Tower_Defense_Game/game/Content/TopDownBP/Maps/TopDownExampleMap.umap'
[2019.03.08-17.47.24:569][  0]Cmd: MAP CHECKDEP NOCLEARLOG
[2019.03.08-17.47.24:727][  0]MapCheck: Map check complete: 0 Error(s), 0 Warning(s), took 157.592ms to complete.
[2019.03.08-17.47.24:727][  0]LogFileHelpers: Loading map 'TopDownExampleMap' took 0.159
[2019.03.08-17.47.24:918][  0]LogSlate: Updating window title bar state: overlay mode, drag disabled, window buttons hidden, title bar hidden
[2019.03.08-17.47.24:931][  0]LogSlate: Updating window title bar state: overlay mode, drag disabled, window buttons hidden, title bar hidden
[2019.03.08-17.47.24:942][  0]LogSlate: Updating window title bar state: overlay mode, drag disabled, window buttons hidden, title bar hidden
[2019.03.08-17.47.24:954][  0]LogSlate: Updating window title bar state: overlay mode, drag disabled, window buttons hidden, title bar hidden
[2019.03.08-17.47.24:977][  0]LogCollectionManager: Loaded 0 collections in 0.005211 seconds
[2019.03.08-17.47.25:042][  0]LogFileCache: Scanning file cache for directory 'C:/Users/student/Documents/GitHub/Tower_Defense_Game/game/Saved/Collections/' took 0.01s
[2019.03.08-17.47.25:042][  0]LogFileCache: Scanning file cache for directory 'C:/Users/student/Documents/GitHub/Tower_Defense_Game/game/Content/Developers/Student/Collections/' took 0.01s
[2019.03.08-17.47.25:043][  0]LogFileCache: Scanning file cache for directory 'C:/Users/student/Documents/GitHub/Tower_Defense_Game/game/Content/Collections/' took 0.01s
[2019.03.08-17.47.25:043][  0]LogCollectionManager: Rebuilt the GUID cache for 0 collections in 0.000000 seconds
[2019.03.08-17.47.25:060][  0]LogContentBrowser: Native class hierarchy populated in 0.0155 seconds. Added 2572 classes and 603 folders.
[2019.03.08-17.47.25:096][  0]LogContentBrowser: Native class hierarchy updated for 'WidgetCarousel' in 0.0004 seconds. Added 0 classes and 0 folders.
[2019.03.08-17.47.25:252][  0]LogContentBrowser: Native class hierarchy updated for 'AddContentDialog' in 0.0003 seconds. Added 0 classes and 0 folders.
[2019.03.08-17.47.25:268][  0]LogContentBrowser: Native class hierarchy updated for 'SceneOutliner' in 0.0004 seconds. Added 1 classes and 2 folders.
[2019.03.08-17.47.25:342][  0]LogSlate: Took 0.007535 seconds to synchronously load lazily loaded font '../../../Engine/Content/Slate/Fonts/Roboto-Regular.ttf' (155K)
[2019.03.08-17.47.25:350][  0]LogSlate: Took 0.005337 seconds to synchronously load lazily loaded font '../../../Engine/Content/Slate/Fonts/Roboto-Bold.ttf' (160K)
[2019.03.08-17.47.25:384][  0]LogSlate: Took 0.022902 seconds to synchronously load lazily loaded font '../../../Engine/Content/Editor/Slate/Fonts/FontAwesome.ttf' (139K)
[2019.03.08-17.47.25:604][  0]LogRenderer: Reallocating scene render targets to support 1228x652 Format 10 NumSamples 1 (Frame:1).
[2019.03.08-17.47.25:911][  0]LogContentBrowser: Native class hierarchy updated for 'HierarchicalLODOutliner' in 0.0004 seconds. Added 0 classes and 0 folders.
[2019.03.08-17.47.25:911][  0]LogLoad: (Engine Initialization) Total time: 25.99 seconds
[2019.03.08-17.47.25:911][  0]LogLoad: (Engine Initialization) Total Blueprint compile time: 0.00 seconds
[2019.03.08-17.47.25:954][  0]LogContentStreaming: Texture pool size now 1000 MB
[2019.03.08-17.47.26:014][  2]LogAssetRegistry: Asset discovery search completed in 12.8384 seconds
[2019.03.08-17.47.26:016][  2]LogCollectionManager: Rebuilt the object cache for 0 collections in 0.000000 seconds (found 0 objects)
[2019.03.08-17.47.26:017][  2]LogCollectionManager: Fixed up redirectors for 0 collections in 0.000112 seconds (updated 0 objects)
[2019.03.08-17.47.26:950][102]LogSlate: Took 0.004332 seconds to synchronously load lazily loaded font '../../../Engine/Content/Slate/Fonts/Roboto-Light.ttf' (167K)
[2019.03.08-17.47.30:411][486]LogSlate: FSceneViewport::OnFocusLost() reason 0
[2019.03.08-17.47.37:154][ 38]LogSlate: Took 0.000281 seconds to synchronously load lazily loaded font '../../../Engine/Content/Slate/Fonts/Roboto-Light.ttf' (167K)
[2019.03.08-17.47.46:093][459]LogTemp: Repeating last play command: Selected Viewport
[2019.03.08-17.47.46:117][459]LogPlayLevel: PlayLevel: No blueprints needed recompiling
[2019.03.08-17.47.46:134][459]PIE: New page: PIE session: Untitled_0 (Mar 8, 2019, 7:47:46 AM)
[2019.03.08-17.47.46:134][459]LogPlayLevel: Creating play world package: /Temp/UEDPIE_0_Untitled_0
[2019.03.08-17.47.46:138][459]LogPlayLevel: PIE: StaticDuplicateObject took: (0.003605s)
[2019.03.08-17.47.46:139][459]LogAIModule: Creating AISystem for world Untitled
[2019.03.08-17.47.46:139][459]LogPlayLevel: PIE: World Init took: (0.001052s)
[2019.03.08-17.47.46:139][459]LogPlayLevel: PIE: Created PIE world by copying editor world from /Temp/Untitled_0.Untitled to /Temp/UEDPIE_0_Untitled_0.Untitled (0.004870s)
[2019.03.08-17.47.46:184][459]LogInit: XAudio2 using 'HP Z24n (NVIDIA High Definition Audio)' : 2 channels at 48 kHz using 16 bits per sample (channel mask 0x3)
[2019.03.08-17.47.46:201][459]LogInit: FAudioDevice initialized.
[2019.03.08-17.47.47:600][459]LogLoad: Game class is 'Tower_Defense_Game_C'
[2019.03.08-17.47.47:604][459]LogWorld: Bringing World /Temp/UEDPIE_0_Untitled_0.Untitled up for play (max tick rate 0) at 2019.03.08-12.47.47
[2019.03.08-17.47.47:605][459]LogWorld: Bringing up level for play took: 0.000664
[2019.03.08-17.47.47:637][459]LogContentBrowser: Native class hierarchy updated for 'MovieSceneCapture' in 0.0004 seconds. Added 10 classes and 0 folders.
[2019.03.08-17.47.47:641][459]LogScript: Warning: Script Msg: Attempted to access index 0 from array 'CallFunc_GetAllActorsOfClass_OutActors' of length 0 in '/Game/Player/PLAYER_PAWN.PLAYER_PAWN_C:ExecuteUbergraph_PLAYER_PAWN'!
[2019.03.08-17.47.47:641][459]LogScript: Warning: Script Msg: Attempted to access index 0 from array 'CallFunc_GetAllActorsOfClass_OutActors' of length 0 in '/Game/Player/PLAYER_PAWN.PLAYER_PAWN_C:ExecuteUbergraph_PLAYER_PAWN'!
[2019.03.08-17.47.47:641][459]LogScript: Warning: Accessed None trying to read property CallFunc_Array_Get_Item
	PLAYER_PAWN_C /Temp/UEDPIE_0_Untitled_0.Untitled:PersistentLevel.PLAYER_PAWN_C_0
	Function /Game/Player/PLAYER_PAWN.PLAYER_PAWN_C:ExecuteUbergraph_PLAYER_PAWN:0259
[2019.03.08-17.47.47:641][459]PIE: Error: Blueprint Runtime Error: "Accessed None trying to read property CallFunc_Array_Get_Item". Blueprint:  PLAYER_PAWN Function:  Execute Ubergraph PLAYER PAWN Graph:  EventGraph Node:  Set X_Minus_Float
[2019.03.08-17.47.47:641][459]LogScript: Warning: Script Msg: Attempted to access index 0 from array 'CallFunc_GetAllActorsOfClass_OutActors' of length 0 in '/Game/Player/PLAYER_PAWN.PLAYER_PAWN_C:ExecuteUbergraph_PLAYER_PAWN'!
[2019.03.08-17.47.47:641][459]LogScript: Warning: Accessed None trying to read property CallFunc_Array_Get_Item
	PLAYER_PAWN_C /Temp/UEDPIE_0_Untitled_0.Untitled:PersistentLevel.PLAYER_PAWN_C_0
	Function /Game/Player/PLAYER_PAWN.PLAYER_PAWN_C:ExecuteUbergraph_PLAYER_PAWN:02F1
[2019.03.08-17.47.47:641][459]PIE: Error: Blueprint Runtime Error: "Accessed None trying to read property CallFunc_Array_Get_Item". Blueprint:  PLAYER_PAWN Function:  Execute Ubergraph PLAYER PAWN Graph:  EventGraph Node:  Set X_Plus_Float
[2019.03.08-17.47.47:642][459]LogScript: Warning: Script Msg: Attempted to access index 0 from array 'CallFunc_GetAllActorsOfClass_OutActors' of length 0 in '/Game/Player/PLAYER_PAWN.PLAYER_PAWN_C:ExecuteUbergraph_PLAYER_PAWN'!
[2019.03.08-17.47.47:642][459]LogScript: Warning: Accessed None trying to read property CallFunc_Array_Get_Item
	PLAYER_PAWN_C /Temp/UEDPIE_0_Untitled_0.Untitled:PersistentLevel.PLAYER_PAWN_C_0
	Function /Game/Player/PLAYER_PAWN.PLAYER_PAWN_C:ExecuteUbergraph_PLAYER_PAWN:0389
[2019.03.08-17.47.47:642][459]PIE: Error: Blueprint Runtime Error: "Accessed None trying to read property CallFunc_Array_Get_Item". Blueprint:  PLAYER_PAWN Function:  Execute Ubergraph PLAYER PAWN Graph:  EventGraph Node:  Set Y_Minus_Float
[2019.03.08-17.47.47:642][459]LogScript: Warning: Script Msg: Attempted to access index 0 from array 'CallFunc_GetAllActorsOfClass_OutActors' of length 0 in '/Game/Player/PLAYER_PAWN.PLAYER_PAWN_C:ExecuteUbergraph_PLAYER_PAWN'!
[2019.03.08-17.47.47:642][459]LogScript: Warning: Accessed None trying to read property CallFunc_Array_Get_Item
	PLAYER_PAWN_C /Temp/UEDPIE_0_Untitled_0.Untitled:PersistentLevel.PLAYER_PAWN_C_0
	Function /Game/Player/PLAYER_PAWN.PLAYER_PAWN_C:ExecuteUbergraph_PLAYER_PAWN:0421
[2019.03.08-17.47.47:642][459]PIE: Error: Blueprint Runtime Error: "Accessed None trying to read property CallFunc_Array_Get_Item". Blueprint:  PLAYER_PAWN Function:  Execute Ubergraph PLAYER PAWN Graph:  EventGraph Node:  Set Y_Plus_Float
[2019.03.08-17.47.47:650][459]PIE: Play in editor start time for /Temp/UEDPIE_0_Untitled_0 0.693
[2019.03.08-17.47.52:903][460]LogSlate: Updating window title bar state: overlay mode, drag disabled, window buttons hidden, title bar hidden
[2019.03.08-17.47.52:940][460]LogPlayLevel: Display: Shutting down PIE online subsystems
[2019.03.08-17.47.52:965][460]LogSlate: Updating window title bar state: overlay mode, drag disabled, window buttons hidden, title bar hidden
[2019.03.08-17.47.53:017][461]LogPlayLevel: Display: Destroying online subsystem :Context_1
[2019.03.08-17.48.00:435][262]LogAssetEditorManager: Opening Asset editor for Blueprint /Game/Tower_Defense_Game.Tower_Defense_Game
[2019.03.08-17.48.01:459][262]LogContentBrowser: Native class hierarchy updated for 'BlueprintGraph' in 0.0015 seconds. Added 116 classes and 0 folders.
[2019.03.08-17.48.02:808][262]LogAssetEditorManager: Opening Asset editor for Blueprint /Game/Player/PLAYER_PAWN.PLAYER_PAWN
[2019.03.08-17.48.03:252][262]LogAssetEditorManager: Opening Asset editor for Blueprint /Game/AI/AI_RUNNER.AI_RUNNER
[2019.03.08-17.48.03:703][262]LogAssetEditorManager: Opening Asset editor for Blueprint /Game/AI/SPAWNER.SPAWNER
[2019.03.08-17.48.04:179][262]LogSlate: Took 0.001754 seconds to synchronously load lazily loaded font '../../../Engine/Content/Slate/Fonts/Roboto-BoldCondensed.ttf' (158K)
[2019.03.08-17.48.04:465][263]LogSlate: Took 0.001949 seconds to synchronously load lazily loaded font '../../../Engine/Content/Slate/Fonts/Roboto-Italic.ttf' (157K)
[2019.03.08-17.49.56:441][892]LogAIModule: Creating AISystem for world level_1
[2019.03.08-17.49.56:456][892]LogAssetEditorManager: Opening Asset editor for World /Game/TopDownBP/Maps/level_1.level_1
[2019.03.08-17.49.56:510][892]Cmd: MAP LOAD FILE="../../../../../../Users/student/Documents/GitHub/Tower_Defense_Game/game/Content/TopDownBP/Maps/level_1.umap" TEMPLATE=0 SHOWPROGRESS=1 FEATURELEVEL=3
[2019.03.08-17.49.56:510][892]LightingResults: New page: Lighting Build
[2019.03.08-17.49.56:518][892]LogContentBrowser: Native class hierarchy updated for 'StatsViewer' in 0.0004 seconds. Added 5 classes and 0 folders.
[2019.03.08-17.49.56:519][892]LoadErrors: New page: Loading map: level_1.umap
[2019.03.08-17.49.56:519][892]MapCheck: New page: Map Check
[2019.03.08-17.49.56:519][892]LightingResults: New page: Lighting Build
[2019.03.08-17.49.56:565][892]LogEditorServer: Finished looking for orphan Actors (0.000 secs)
[2019.03.08-17.49.56:636][892]Cmd: MAP CHECKDEP NOCLEARLOG
[2019.03.08-17.49.56:839][892]MapCheck: Map check complete: 0 Error(s), 0 Warning(s), took 202.712ms to complete.
[2019.03.08-17.49.56:840][892]LogFileHelpers: Loading map 'level_1' took 0.333
[2019.03.08-17.50.13:058][900]LogSlate: FSceneViewport::OnFocusLost() reason 0
[2019.03.08-17.50.15:633][184]LogSlate: FSceneViewport::OnFocusLost() reason 0
[2019.03.08-17.50.15:744][197]LogTemp: Repeating last play command: Selected Viewport
[2019.03.08-17.50.15:801][197]LogBlueprintUserMessages: Early PlayInEditor Detection: Level '/Game/TopDownBP/Maps/level_1.level_1:PersistentLevel' has LevelScriptBlueprint '/Game/TopDownBP/Maps/level_1.level_1:PersistentLevel.level_1' with GeneratedClass '/Game/TopDownBP/Maps/level_1.level_1_C' with ClassGeneratedBy '/Game/TopDownBP/Maps/level_1.level_1:PersistentLevel.level_1'
[2019.03.08-17.50.15:802][197]LogPlayLevel: PlayLevel: No blueprints needed recompiling
[2019.03.08-17.50.15:802][197]PIE: New page: PIE session: level_1 (Mar 8, 2019, 7:50:15 AM)
[2019.03.08-17.50.15:802][197]LogPlayLevel: Creating play world package: /Game/TopDownBP/Maps/UEDPIE_0_level_1
[2019.03.08-17.50.15:834][197]LogPlayLevel: PIE: StaticDuplicateObject took: (0.032537s)
[2019.03.08-17.50.15:836][197]LogAIModule: Creating AISystem for world level_1
[2019.03.08-17.50.15:837][197]LogPlayLevel: PIE: World Init took: (0.002268s)
[2019.03.08-17.50.15:837][197]LogPlayLevel: PIE: Created PIE world by copying editor world from /Game/TopDownBP/Maps/level_1.level_1 to /Game/TopDownBP/Maps/UEDPIE_0_level_1.level_1 (0.035110s)
[2019.03.08-17.50.15:892][197]LogInit: XAudio2 using 'HP Z24n (NVIDIA High Definition Audio)' : 2 channels at 48 kHz using 16 bits per sample (channel mask 0x3)
[2019.03.08-17.50.15:908][197]LogInit: FAudioDevice initialized.
[2019.03.08-17.50.15:947][197]LogLoad: Game class is 'Tower_Defense_Game_C'
[2019.03.08-17.50.15:949][197]LogWorld: Bringing World /Game/TopDownBP/Maps/UEDPIE_0_level_1.level_1 up for play (max tick rate 0) at 2019.03.08-12.50.15
[2019.03.08-17.50.15:951][197]LogWorld: Bringing up level for play took: 0.002992
[2019.03.08-17.50.15:967][197]PIE: Play in editor start time for /Game/TopDownBP/Maps/UEDPIE_0_level_1 1.011
[2019.03.08-17.50.15:967][197]LogBlueprintUserMessages: Late PlayInEditor Detection: Level '/Game/TopDownBP/Maps/level_1.level_1:PersistentLevel' has LevelScriptBlueprint '/Game/TopDownBP/Maps/level_1.level_1:PersistentLevel.level_1' with GeneratedClass '/Game/TopDownBP/Maps/level_1.level_1_C' with ClassGeneratedBy '/Game/TopDownBP/Maps/level_1.level_1:PersistentLevel.level_1'
[2019.03.08-17.50.40:738][420]LogBlueprintUserMessages: Early EndPlayMap Detection: Level '/Game/TopDownBP/Maps/level_1.level_1:PersistentLevel' has LevelScriptBlueprint '/Game/TopDownBP/Maps/level_1.level_1:PersistentLevel.level_1' with GeneratedClass '/Game/TopDownBP/Maps/level_1.level_1_C' with ClassGeneratedBy '/Game/TopDownBP/Maps/level_1.level_1:PersistentLevel.level_1'
[2019.03.08-17.50.40:739][420]LogSlate: Updating window title bar state: overlay mode, drag disabled, window buttons hidden, title bar hidden
[2019.03.08-17.50.40:781][420]LogPlayLevel: Display: Shutting down PIE online subsystems
[2019.03.08-17.50.40:781][420]LogBlueprintUserMessages: Late EndPlayMap Detection: Level '/Game/TopDownBP/Maps/level_1.level_1:PersistentLevel' has LevelScriptBlueprint '/Game/TopDownBP/Maps/level_1.level_1:PersistentLevel.level_1' with GeneratedClass '/Game/TopDownBP/Maps/level_1.level_1_C' with ClassGeneratedBy '/Game/TopDownBP/Maps/level_1.level_1:PersistentLevel.level_1'
[2019.03.08-17.50.40:822][420]LogSlate: Updating window title bar state: overlay mode, drag disabled, window buttons hidden, title bar hidden
[2019.03.08-17.50.40:845][421]LogPlayLevel: Display: Destroying online subsystem :Context_8
[2019.03.08-17.51.09:568][126]LogEditorViewport: Clicking on Actor (LMB): StaticMeshActor (Walls3)
[2019.03.08-17.51.14:819][130]LogEditorViewport: Clicking on Actor (LMB): StaticMeshActor (Walls2)
[2019.03.08-17.51.14:871][130]LogEditorViewport: Clicking on Actor (LMB): StaticMeshActor (Walls2)
[2019.03.08-17.51.14:890][130]LogEditorViewport: Clicking on Actor (LMB): StaticMeshActor (Walls)
[2019.03.08-17.51.14:939][130]LogEditorViewport: Clicking on Actor (LMB): StaticMeshActor (Walls2)
[2019.03.08-17.51.16:303][243]LogSlate: FSceneViewport::OnFocusLost() reason 0
[2019.03.08-17.51.16:934][296]LogActorComponent: UnregisterComponent: (/Engine/Transient.EditorFloorComp) Not registered. Aborting.
[2019.03.08-17.51.17:466][341]LogActorComponent: UnregisterComponent: (/Engine/Transient.EditorFloorComp) Not registered. Aborting.
[2019.03.08-17.51.17:956][382]LogActorComponent: UnregisterComponent: (/Engine/Transient.EditorFloorComp) Not registered. Aborting.
[2019.03.08-17.51.20:222][600]LogSlate: Window 'game - Unreal Editor' being destroyed
[2019.03.08-17.51.20:224][600]LogWindowsTextInputMethodSystem: Display: IME system now deactivated.
[2019.03.08-17.51.20:438][601]Cmd: QUIT_EDITOR
[2019.03.08-17.51.21:063][601]LogExit: Preparing to exit.
[2019.03.08-17.51.21:343][601]LogActorComponent: UnregisterComponent: (None.None) Not registered. Aborting.
[2019.03.08-17.51.21:343][601]LogActorComponent: UnregisterComponent: (None.None) Not registered. Aborting.
[2019.03.08-17.51.21:343][601]LogActorComponent: UnregisterComponent: (None.None) Not registered. Aborting.
[2019.03.08-17.51.21:413][601]LogExit: Editor shut down
[2019.03.08-17.51.21:414][601]LogExit: Transaction tracking system shut down
[2019.03.08-17.51.22:115][601]LogExit: Object subsystem successfully closed.
[2019.03.08-17.51.22:142][601]LogShaderCompilers: Display: Shaders left to compile 0
[2019.03.08-17.51.22:147][601]LogD3D11RHI: Shutdown
[2019.03.08-17.51.22:147][601]LogD3D11RHI: CleanupD3DDevice
[2019.03.08-17.51.22:152][601]LogD3D11RHI: ~FD3D11DynamicRHI
[2019.03.08-17.51.22:212][601]LogModuleManager: Shutting down and abandoning module StatsViewer (616)
[2019.03.08-17.51.22:212][601]LogModuleManager: Shutting down and abandoning module BlueprintGraph (614)
[2019.03.08-17.51.22:212][601]LogModuleManager: Shutting down and abandoning module MovieSceneCapture (612)
[2019.03.08-17.51.22:212][601]LogModuleManager: Shutting down and abandoning module Voice (610)
[2019.03.08-17.51.22:212][601]LogModuleManager: Shutting down and abandoning module HierarchicalLODOutliner (608)
[2019.03.08-17.51.22:212][601]LogModuleManager: Shutting down and abandoning module SceneOutliner (606)
[2019.03.08-17.51.22:212][601]LogModuleManager: Shutting down and abandoning module AddContentDialog (604)
[2019.03.08-17.51.22:213][601]LogModuleManager: Shutting down and abandoning module WidgetCarousel (603)
[2019.03.08-17.51.22:213][601]LogModuleManager: Shutting down and abandoning module EditorWidgets (600)
[2019.03.08-17.51.22:213][601]LogModuleManager: Shutting down and abandoning module CollectionManager (598)
[2019.03.08-17.51.22:214][601]LogModuleManager: Shutting down and abandoning module FoliageEdit (596)
[2019.03.08-17.51.22:214][601]LogModuleManager: Shutting down and abandoning module LandscapeEditor (594)
[2019.03.08-17.51.22:215][601]LogModuleManager: Shutting down and abandoning module MeshPaintMode (592)
[2019.03.08-17.51.22:215][601]LogModuleManager: Shutting down and abandoning module SceneDepthPickerMode (590)
[2019.03.08-17.51.22:215][601]LogModuleManager: Shutting down and abandoning module ActorPickerMode (588)
[2019.03.08-17.51.22:215][601]LogModuleManager: Shutting down and abandoning module GeometryMode (586)
[2019.03.08-17.51.22:215][601]LogModuleManager: Shutting down and abandoning module TextureAlignMode (584)
[2019.03.08-17.51.22:215][601]LogModuleManager: Shutting down and abandoning module BspMode (582)
[2019.03.08-17.51.22:215][601]LogModuleManager: Shutting down and abandoning module PIEPreviewDeviceProfileSelector (580)
[2019.03.08-17.51.22:215][601]LogModuleManager: Shutting down and abandoning module SequenceRecorderSections (578)
[2019.03.08-17.51.22:215][601]LogModuleManager: Shutting down and abandoning module AutomationWorker (576)
[2019.03.08-17.51.22:215][601]LogModuleManager: Shutting down and abandoning module AudioCaptureEditor (574)
[2019.03.08-17.51.22:215][601]LogModuleManager: Shutting down and abandoning module SequenceRecorder (573)
[2019.03.08-17.51.22:215][601]LogModuleManager: Shutting down and abandoning module MatineeToLevelSequence (570)
[2019.03.08-17.51.22:215][601]LogModuleManager: Shutting down and abandoning module LevelSequenceEditor (568)
[2019.03.08-17.51.22:216][601]LogModuleManager: Shutting down and abandoning module PlacementMode (567)
[2019.03.08-17.51.22:216][601]LogModuleManager: Shutting down and abandoning module MaterialEditor (566)
[2019.03.08-17.51.22:218][601]LogModuleManager: Shutting down and abandoning module WmfMediaFactory (562)
[2019.03.08-17.51.22:218][601]LogModuleManager: Shutting down and abandoning module WmfMediaEditor (560)
[2019.03.08-17.51.22:218][601]LogModuleManager: Shutting down and abandoning module MediaPlayerEditor (558)
[2019.03.08-17.51.22:218][601]LogModuleManager: Shutting down and abandoning module OpenExrWrapper (556)
[2019.03.08-17.51.22:218][601]LogModuleManager: Shutting down and abandoning module ImgMediaFactory (554)
[2019.03.08-17.51.22:218][601]LogModuleManager: Shutting down and abandoning module ImgMediaEditor (552)
[2019.03.08-17.51.22:218][601]LogModuleManager: Shutting down and abandoning module AvfMediaFactory (550)
[2019.03.08-17.51.22:218][601]LogModuleManager: Shutting down and abandoning module AvfMediaEditor (548)
[2019.03.08-17.51.22:218][601]LogModuleManager: Shutting down and abandoning module AndroidMediaFactory (546)
[2019.03.08-17.51.22:218][601]LogModuleManager: Shutting down and abandoning module AndroidMediaEditor (544)
[2019.03.08-17.51.22:218][601]LogModuleManager: Shutting down and abandoning module MagicLeapCameraPreviewFactory (542)
[2019.03.08-17.51.22:218][601]LogModuleManager: Shutting down and abandoning module MagicLeapMediaFactory (540)
[2019.03.08-17.51.22:218][601]LogModuleManager: Shutting down and abandoning module MagicLeapMediaEditor (538)
[2019.03.08-17.51.22:218][601]LogModuleManager: Shutting down and abandoning module CharacterAI (536)
[2019.03.08-17.51.22:218][601]LogModuleManager: Shutting down and abandoning module SmartSnapping (534)
[2019.03.08-17.51.22:218][601]LogModuleManager: Shutting down and abandoning module SessionServices (532)
[2019.03.08-17.51.22:218][601]LogModuleManager: Shutting down and abandoning module ViewportSnapping (530)
[2019.03.08-17.51.22:218][601]LogModuleManager: Shutting down and abandoning module ViewportInteraction (528)
[2019.03.08-17.51.22:219][601]LogModuleManager: Shutting down and abandoning module ClothPainter (526)
[2019.03.08-17.51.22:219][601]LogModuleManager: Shutting down and abandoning module SkeletalMeshEditor (525)
[2019.03.08-17.51.22:220][601]LogModuleManager: Shutting down and abandoning module LogVisualizer (522)
[2019.03.08-17.51.22:220][601]LogModuleManager: Shutting down and abandoning module IntroTutorials (520)
[2019.03.08-17.51.22:221][601]LogModuleManager: Shutting down and abandoning module GameProjectGeneration (519)
[2019.03.08-17.51.22:221][601]LogModuleManager: Shutting down and abandoning module LuminPlatformEditor (516)
[2019.03.08-17.51.22:221][601]LogModuleManager: Shutting down and abandoning module IOSPlatformEditor (514)
[2019.03.08-17.51.22:221][601]LogModuleManager: Shutting down and abandoning module HTML5PlatformEditor (512)
[2019.03.08-17.51.22:221][601]LogModuleManager: Shutting down and abandoning module AndroidPlatformEditor (510)
[2019.03.08-17.51.22:221][601]LogModuleManager: Shutting down and abandoning module AndroidDeviceDetection (509)
[2019.03.08-17.51.22:449][601]LogModuleManager: Shutting down and abandoning module WindowsPlatformEditor (506)
[2019.03.08-17.51.22:449][601]LogModuleManager: Shutting down and abandoning module LuminRuntimeSettings (504)
[2019.03.08-17.51.22:449][601]LogModuleManager: Shutting down and abandoning module IOSRuntimeSettings (502)
[2019.03.08-17.51.22:449][601]LogModuleManager: Shutting down and abandoning module AndroidRuntimeSettings (500)
[2019.03.08-17.51.22:450][601]LogModuleManager: Shutting down and abandoning module InputBindingEditor (498)
[2019.03.08-17.51.22:450][601]LogModuleManager: Shutting down and abandoning module MergeActors (496)
[2019.03.08-17.51.22:450][601]LogModuleManager: Shutting down and abandoning module LocalizationDashboard (494)
[2019.03.08-17.51.22:451][601]LogModuleManager: Shutting down and abandoning module LocalizationService (493)
[2019.03.08-17.51.22:451][601]LogModuleManager: Shutting down and abandoning module HardwareTargeting (490)
[2019.03.08-17.51.22:451][601]LogModuleManager: Shutting down and abandoning module DeviceProfileEditor (488)
[2019.03.08-17.51.22:451][601]LogModuleManager: Shutting down and abandoning module UndoHistory (486)
[2019.03.08-17.51.22:451][601]LogModuleManager: Shutting down and abandoning module XmlParser (484)
[2019.03.08-17.51.22:451][601]LogModuleManager: Shutting down and abandoning module Blutility (482)
[2019.03.08-17.51.22:451][601]LogModuleManager: Shutting down and abandoning module ProjectSettingsViewer (480)
[2019.03.08-17.51.22:451][601]LogModuleManager: Shutting down and abandoning module ProjectTargetPlatformEditor (479)
[2019.03.08-17.51.22:451][601]LogModuleManager: Shutting down and abandoning module EditorSettingsViewer (476)
[2019.03.08-17.51.22:451][601]LogModuleManager: Shutting down and abandoning module SettingsEditor (474)
[2019.03.08-17.51.22:451][601]LogModuleManager: Shutting down and abandoning module ProjectLauncher (472)
[2019.03.08-17.51.22:452][601]LogModuleManager: Shutting down and abandoning module SessionFrontend (470)
[2019.03.08-17.51.22:452][601]LogModuleManager: Shutting down and abandoning module ProfilerClient (468)
[2019.03.08-17.51.22:452][601]LogModuleManager: Shutting down and abandoning module DeviceManager (466)
[2019.03.08-17.51.22:452][601]LogModuleManager: Shutting down and abandoning module TargetDeviceServices (465)
[2019.03.08-17.51.22:518][601]LogModuleManager: Shutting down and abandoning module AutomationController (462)
[2019.03.08-17.51.22:518][601]LogModuleManager: Shutting down and abandoning module AutomationWindow (460)
[2019.03.08-17.51.22:518][601]LogModuleManager: Shutting down and abandoning module Layers (458)
[2019.03.08-17.51.22:520][601]LogModuleManager: Shutting down and abandoning module ComponentVisualizers (456)
[2019.03.08-17.51.22:520][601]LogModuleManager: Shutting down and abandoning module DetailCustomizations (454)
[2019.03.08-17.51.22:520][601]LogModuleManager: Shutting down and abandoning module PackagesDialog (452)
[2019.03.08-17.51.22:521][601]LogModuleManager: Shutting down and abandoning module Persona (450)
[2019.03.08-17.51.22:521][601]LogModuleManager: Shutting down and abandoning module AdvancedPreviewScene (449)
[2019.03.08-17.51.22:521][601]LogModuleManager: Shutting down and abandoning module AnimGraph (447)
[2019.03.08-17.51.22:522][601]LogModuleManager: Shutting down and abandoning module Kismet (444)
[2019.03.08-17.51.22:531][601]LogModuleManager: Shutting down and abandoning module GraphEditor (442)
[2019.03.08-17.51.22:532][601]LogModuleManager: Shutting down and abandoning module ClassViewer (440)
[2019.03.08-17.51.22:532][601]LogModuleManager: Shutting down and abandoning module Toolbox (438)
[2019.03.08-17.51.22:532][601]LogModuleManager: Shutting down and abandoning module ModuleUI (436)
[2019.03.08-17.51.22:532][601]LogModuleManager: Shutting down and abandoning module MovieSceneTools (434)
[2019.03.08-17.51.22:532][601]LogModuleManager: Shutting down and abandoning module OutputLog (432)
[2019.03.08-17.51.22:532][601]LogModuleManager: Shutting down and abandoning module GammaUI (430)
[2019.03.08-17.51.22:532][601]LogModuleManager: Shutting down and abandoning module Documentation (428)
[2019.03.08-17.51.22:532][601]LogModuleManager: Shutting down and abandoning module MovieSceneTracks (426)
[2019.03.08-17.51.22:532][601]LogModuleManager: Shutting down and abandoning module MovieScene (424)
[2019.03.08-17.51.22:532][601]LogModuleManager: Shutting down and abandoning module StreamingPauseRendering (422)
[2019.03.08-17.51.22:532][601]LogModuleManager: Shutting down and abandoning module LauncherPlatform (420)
[2019.03.08-17.51.22:532][601]LogModuleManager: Shutting down and abandoning module AnalyticsET (418)
[2019.03.08-17.51.22:532][601]LogModuleManager: Shutting down and abandoning module PortalServices (416)
[2019.03.08-17.51.22:532][601]LogModuleManager: Shutting down and abandoning module PortalRpc (414)
[2019.03.08-17.51.22:533][601]LogModuleManager: Shutting down and abandoning module MessagingRpc (412)
[2019.03.08-17.51.22:533][601]LogModuleManager: Shutting down and abandoning module AIModule (410)
[2019.03.08-17.51.22:533][601]LogModuleManager: Shutting down and abandoning module GameplayDebugger (409)
[2019.03.08-17.51.22:533][601]LogModuleManager: Shutting down and abandoning module AITestSuite (407)
[2019.03.08-17.51.22:533][601]LogModuleManager: Shutting down and abandoning module NavigationSystem (405)
[2019.03.08-17.51.22:533][601]LogModuleManager: Shutting down and abandoning module DesktopPlatform (402)
[2019.03.08-17.51.22:533][601]LogModuleManager: Shutting down and abandoning module ProfilerService (400)
[2019.03.08-17.51.22:731][601]LogModuleManager: Shutting down and abandoning module TaskGraph (398)
[2019.03.08-17.51.22:732][601]LogModuleManager: Shutting down and abandoning module SteamVRController (396)
[2019.03.08-17.51.22:732][601]LogModuleManager: Shutting down and abandoning module ProceduralMeshComponentEditor (394)
[2019.03.08-17.51.22:732][601]LogModuleManager: Shutting down and abandoning module ProceduralMeshComponent (392)
[2019.03.08-17.51.22:732][601]LogModuleManager: Shutting down and abandoning module OculusInput (390)
[2019.03.08-17.51.22:732][601]LogModuleManager: Shutting down and abandoning module MobilePatchingUtils (388)
[2019.03.08-17.51.22:732][601]LogModuleManager: Shutting down and abandoning module EditableMesh (386)
[2019.03.08-17.51.22:732][601]LogModuleManager: Shutting down and abandoning module CustomMeshComponent (384)
[2019.03.08-17.51.22:732][601]LogModuleManager: Shutting down and abandoning module CableComponent (382)
[2019.03.08-17.51.22:732][601]LogModuleManager: Shutting down and abandoning module AudioCapture (380)
[2019.03.08-17.51.22:732][601]LogModuleManager: Shutting down and abandoning module ArchVisCharacter (378)
[2019.03.08-17.51.22:732][601]LogModuleManager: Shutting down and abandoning module AndroidPermission (376)
[2019.03.08-17.51.22:732][601]LogModuleManager: Shutting down and abandoning module NUTUnrealEngine4 (374)
[2019.03.08-17.51.22:732][601]LogModuleManager: Shutting down and abandoning module NetcodeUnitTest (372)
[2019.03.08-17.51.22:733][601]LogModuleManager: Shutting down and abandoning module MediaCompositingEditor (370)
[2019.03.08-17.51.22:733][601]LogModuleManager: Shutting down and abandoning module MediaCompositing (368)
[2019.03.08-17.51.22:733][601]LogModuleManager: Shutting down and abandoning module LinearTimecode (366)
[2019.03.08-17.51.22:733][601]LogModuleManager: Shutting down and abandoning module ImgMedia (364)
[2019.03.08-17.51.22:736][601]LogModuleManager: Shutting down and abandoning module HTML5Networking (362)
[2019.03.08-17.51.22:737][601]LogModuleManager: Shutting down and abandoning module GeometryCacheTracks (360)
[2019.03.08-17.51.22:737][601]LogModuleManager: Shutting down and abandoning module GeometryCacheSequencer (358)
[2019.03.08-17.51.22:737][601]LogModuleManager: Shutting down and abandoning module BackChannel (356)
[2019.03.08-17.51.22:737][601]LogModuleManager: Shutting down and abandoning module AppleVision (354)
[2019.03.08-17.51.22:737][601]LogModuleManager: Shutting down and abandoning module AppleImageUtils (352)
[2019.03.08-17.51.22:737][601]LogModuleManager: Shutting down and abandoning module AlembicImporter (350)
[2019.03.08-17.51.22:737][601]LogModuleManager: Shutting down and abandoning module AlembicLibrary (349)
[2019.03.08-17.51.22:737][601]LogModuleManager: Shutting down and abandoning module GeometryCache (348)
[2019.03.08-17.51.22:737][601]LogModuleManager: Shutting down and abandoning module GeometryCacheEd (347)
[2019.03.08-17.51.22:737][601]LogModuleManager: Shutting down and abandoning module DatasmithContentEditor (342)
[2019.03.08-17.51.22:737][601]LogModuleManager: Shutting down and abandoning module DatasmithContent (340)
[2019.03.08-17.51.22:737][601]LogModuleManager: Shutting down and abandoning module SpeedTreeImporter (338)
[2019.03.08-17.51.22:737][601]LogModuleManager: Shutting down and abandoning module PluginBrowser (336)
[2019.03.08-17.51.22:738][601]LogModuleManager: Shutting down and abandoning module MobileLauncherProfileWizard (334)
[2019.03.08-17.51.22:738][601]LogModuleManager: Shutting down and abandoning module PolygonModeling (332)
[2019.03.08-17.51.22:738][601]LogModuleManager: Shutting down and abandoning module MeshEditor (330)
[2019.03.08-17.51.22:738][601]LogModuleManager: Shutting down and abandoning module CryptoKeysOpenSSL (328)
[2019.03.08-17.51.22:738][601]LogModuleManager: Shutting down and abandoning module CryptoKeys (326)
[2019.03.08-17.51.22:738][601]LogModuleManager: Shutting down and abandoning module VisualStudioSourceCodeAccess (324)
[2019.03.08-17.51.22:738][601]LogModuleManager: Shutting down and abandoning module VisualStudioCodeSourceCodeAccess (322)
[2019.03.08-17.51.22:738][601]LogModuleManager: Shutting down and abandoning module UObjectPlugin (320)
[2019.03.08-17.51.22:738][601]LogModuleManager: Shutting down and abandoning module SubversionSourceControl (318)
[2019.03.08-17.51.22:738][601]LogModuleManager: Shutting down and abandoning module PerforceSourceControl (316)
[2019.03.08-17.51.22:738][601]LogModuleManager: Shutting down and abandoning module GitSourceControl (314)
[2019.03.08-17.51.22:738][601]LogModuleManager: Shutting down and abandoning module SourceControl (313)
[2019.03.08-17.51.22:739][601]LogModuleManager: Shutting down and abandoning module CLionSourceCodeAccess (310)
[2019.03.08-17.51.22:739][601]LogModuleManager: Shutting down and abandoning module LightPropagationVolumeEditor (308)
[2019.03.08-17.51.22:739][601]LogModuleManager: Shutting down and abandoning module PaperTiledImporter (306)
[2019.03.08-17.51.22:739][601]LogModuleManager: Shutting down and abandoning module PaperSpriteSheetImporter (304)
[2019.03.08-17.51.22:739][601]LogModuleManager: Shutting down and abandoning module Paper2DEditor (302)
[2019.03.08-17.51.22:739][601]LogModuleManager: Shutting down and abandoning module MeshPaint (301)
[2019.03.08-17.51.22:739][601]LogModuleManager: Shutting down and abandoning module RuntimePhysXCooking (298)
[2019.03.08-17.51.22:739][601]LogModuleManager: Shutting down and abandoning module PhysXVehiclesEditor (296)
[2019.03.08-17.51.22:739][601]LogModuleManager: Shutting down and abandoning module PhysXVehicles (294)
[2019.03.08-17.51.22:740][601]LogModuleManager: Shutting down and abandoning module OculusEditor (292)
[2019.03.08-17.51.22:740][601]LogModuleManager: Shutting down and abandoning module LocationServicesBPLibrary (290)
[2019.03.08-17.51.22:740][601]LogModuleManager: Shutting down and abandoning module ImmediatePhysicsEditor (288)
[2019.03.08-17.51.22:740][601]LogModuleManager: Shutting down and abandoning module ImmediatePhysics (286)
[2019.03.08-17.51.22:740][601]LogModuleManager: Shutting down and abandoning module ActorSequence (284)
[2019.03.08-17.51.22:740][601]LogModuleManager: Shutting down and abandoning module UdpMessaging (282)
[2019.03.08-17.51.22:841][601]LogModuleManager: Shutting down and abandoning module TcpMessaging (280)
[2019.03.08-17.51.22:942][601]LogModuleManager: Shutting down and abandoning module MagicLeapAudio (278)
[2019.03.08-17.51.22:942][601]LogModuleManager: Shutting down and abandoning module GameplayTagsEditor (276)
[2019.03.08-17.51.22:942][601]LogModuleManager: Shutting down and abandoning module FacialAnimationEditor (274)
[2019.03.08-17.51.22:942][601]LogModuleManager: Shutting down and abandoning module FacialAnimation (272)
[2019.03.08-17.51.22:942][601]LogModuleManager: Shutting down and abandoning module DataValidation (270)
[2019.03.08-17.51.22:942][601]LogModuleManager: Shutting down and abandoning module AssetManagerEditor (268)
[2019.03.08-17.51.22:943][601]LogModuleManager: Shutting down and abandoning module LevelEditor (267)
[2019.03.08-17.51.22:944][601]LogModuleManager: Shutting down and abandoning module PixelInspectorModule (266)
[2019.03.08-17.51.22:944][601]LogModuleManager: Shutting down and abandoning module CommonMenuExtensions (264)
[2019.03.08-17.51.22:944][601]LogModuleManager: Shutting down and abandoning module MainFrame (262)
[2019.03.08-17.51.22:944][601]LogModuleManager: Shutting down and abandoning module HotReload (261)
[2019.03.08-17.51.22:945][601]LogModuleManager: Shutting down and abandoning module ContentBrowser (257)
[2019.03.08-17.51.22:946][601]LogModuleManager: Shutting down and abandoning module TreeMap (255)
[2019.03.08-17.51.22:946][601]LogModuleManager: Shutting down and abandoning module LightPropagationVolumeRuntime (252)
[2019.03.08-17.51.22:947][601]LogModuleManager: Shutting down and abandoning module AISupportModule (250)
[2019.03.08-17.51.22:947][601]LogModuleManager: Shutting down and abandoning module Paper2D (248)
[2019.03.08-17.51.22:947][601]LogModuleManager: Shutting down and abandoning module WindowsMoviePlayer (246)
[2019.03.08-17.51.22:947][601]LogModuleManager: Shutting down and abandoning module WmfMedia (244)
[2019.03.08-17.51.22:948][601]LogModuleManager: Shutting down and abandoning module Media (243)
[2019.03.08-17.51.22:954][601]LogModuleManager: Shutting down and abandoning module PacketHandler (240)
[2019.03.08-17.51.22:954][601]LogModuleManager: Shutting down and abandoning module ClothingSystemEditor (238)
[2019.03.08-17.51.22:954][601]LogModuleManager: Shutting down and abandoning module ClothingSystemRuntime (236)
[2019.03.08-17.51.22:955][601]LogModuleManager: Shutting down and abandoning module MediaAssets (234)
[2019.03.08-17.51.22:955][601]LogModuleManager: Shutting down and abandoning module Overlay (232)
[2019.03.08-17.51.22:955][601]LogModuleManager: Shutting down and abandoning module OverlayEditor (231)
[2019.03.08-17.51.22:955][601]LogModuleManager: Shutting down and abandoning module VREditor (228)
[2019.03.08-17.51.22:955][601]LogModuleManager: Shutting down and abandoning module StringTableEditor (226)
[2019.03.08-17.51.22:955][601]LogModuleManager: Shutting down and abandoning module GameplayTasksEditor (224)
[2019.03.08-17.51.22:955][601]LogModuleManager: Shutting down and abandoning module BehaviorTreeEditor (222)
[2019.03.08-17.51.22:956][601]LogModuleManager: Shutting down and abandoning module FunctionalTesting (220)
[2019.03.08-17.51.22:956][601]LogModuleManager: Shutting down and abandoning module CollisionAnalyzer (218)
[2019.03.08-17.51.22:956][601]LogModuleManager: Shutting down and abandoning module WorkspaceMenuStructure (217)
[2019.03.08-17.51.22:956][601]LogModuleManager: Shutting down and abandoning module UMG (214)
[2019.03.08-17.51.22:956][601]LogModuleManager: Shutting down and abandoning module UMGEditor (213)
[2019.03.08-17.51.22:956][601]LogModuleManager: Shutting down and abandoning module Sequencer (212)
[2019.03.08-17.51.22:957][601]LogModuleManager: Shutting down and abandoning module MessageLog (209)
[2019.03.08-17.51.22:957][601]LogModuleManager: Shutting down and abandoning module SlateReflector (204)
[2019.03.08-17.51.22:958][601]LogModuleManager: Shutting down and abandoning module Slate (202)
[2019.03.08-17.51.22:958][601]LogModuleManager: Shutting down and abandoning module EditorStyle (200)
[2019.03.08-17.51.22:961][601]LogModuleManager: Shutting down and abandoning module MRMesh (198)
[2019.03.08-17.51.22:961][601]LogModuleManager: Shutting down and abandoning module SourceCodeAccess (196)
[2019.03.08-17.51.22:961][601]LogModuleManager: Shutting down and abandoning module HeadMountedDisplay (194)
[2019.03.08-17.51.22:961][601]LogModuleManager: Shutting down and abandoning module XAudio2 (192)
[2019.03.08-17.51.22:961][601]LogModuleManager: Shutting down and abandoning module Networking (190)
[2019.03.08-17.51.22:961][601]LogModuleManager: Shutting down and abandoning module Core (188)
[2019.03.08-17.51.22:961][601]LogModuleManager: Shutting down and abandoning module LevelSequence (186)
[2019.03.08-17.51.22:961][601]LogModuleManager: Shutting down and abandoning module KismetCompiler (184)
[2019.03.08-17.51.22:961][601]LogModuleManager: Shutting down and abandoning module MeshUtilities (182)
[2019.03.08-17.51.22:962][601]LogModuleManager: Shutting down and abandoning module MeshMergeUtilities (181)
[2019.03.08-17.51.22:962][601]LogModuleManager: Shutting down and abandoning module MeshReductionInterface (180)
[2019.03.08-17.51.22:962][601]LogModuleManager: Shutting down and abandoning module SimplygonSwarm (179)
[2019.03.08-17.51.22:962][601]LogModuleManager: Shutting down and abandoning module ProxyLODMeshReduction (177)
[2019.03.08-17.51.22:963][601]LogModuleManager: Shutting down and abandoning module SimplygonMeshReduction (175)
[2019.03.08-17.51.22:963][601]LogModuleManager: Shutting down and abandoning module QuadricMeshReduction (173)
[2019.03.08-17.51.22:964][601]LogModuleManager: Shutting down and abandoning module MaterialBaking (169)
[2019.03.08-17.51.22:964][601]LogModuleManager: Shutting down and abandoning module DirectoryWatcher (165)
[2019.03.08-17.51.22:964][601]LogModuleManager: Shutting down and abandoning module DerivedDataCache (162)
[2019.03.08-17.51.22:995][601]LogDerivedDataCache: Shutdown
[2019.03.08-17.51.22:995][601]LogModuleManager: Shutting down and abandoning module XGEController (160)
[2019.03.08-17.51.22:995][601]LogXGEController: Cleaning working directory: C:/Users/student/AppData/Local/Temp/UnrealXGEWorkingDir/
[2019.03.08-17.51.22:996][601]LogModuleManager: Shutting down and abandoning module TargetPlatform (158)
[2019.03.08-17.51.22:996][601]LogModuleManager: Shutting down and abandoning module VulkanShaderFormat (157)
[2019.03.08-17.51.22:996][601]LogModuleManager: Shutting down and abandoning module ShaderFormatVectorVM (155)
[2019.03.08-17.51.22:996][601]LogModuleManager: Shutting down and abandoning module ShaderFormatOpenGL (153)
[2019.03.08-17.51.22:996][601]LogModuleManager: Shutting down and abandoning module ShaderFormatD3D (151)
[2019.03.08-17.51.22:996][601]LogModuleManager: Shutting down and abandoning module MetalShaderFormat (149)
[2019.03.08-17.51.22:996][601]LogModuleManager: Shutting down and abandoning module TextureFormatUncompressed (147)
[2019.03.08-17.51.22:996][601]LogModuleManager: Shutting down and abandoning module TextureFormatPVR (145)
[2019.03.08-17.51.22:996][601]LogModuleManager: Shutting down and abandoning module TextureFormatDXT (143)
[2019.03.08-17.51.22:996][601]LogModuleManager: Shutting down and abandoning module TextureFormatIntelISPCTexComp (141)
[2019.03.08-17.51.22:997][601]LogModuleManager: Shutting down and abandoning module TextureFormatASTC (139)
[2019.03.08-17.51.22:997][601]LogModuleManager: Shutting down and abandoning module ImageWrapper (138)
[2019.03.08-17.51.22:997][601]LogModuleManager: Shutting down and abandoning module TextureFormatAndroid (135)
[2019.03.08-17.51.22:997][601]LogModuleManager: Shutting down and abandoning module AudioFormatOpus (133)
[2019.03.08-17.51.22:997][601]LogModuleManager: Shutting down and abandoning module AudioFormatOgg (131)
[2019.03.08-17.51.22:997][601]LogModuleManager: Shutting down and abandoning module AudioFormatADPCM (129)
[2019.03.08-17.51.22:997][601]LogModuleManager: Shutting down and abandoning module LuminTargetPlatform (127)
[2019.03.08-17.51.22:997][601]LogModuleManager: Shutting down and abandoning module LinuxTargetPlatform (125)
[2019.03.08-17.51.22:997][601]LogModuleManager: Shutting down and abandoning module LinuxServerTargetPlatform (123)
[2019.03.08-17.51.22:997][601]LogModuleManager: Shutting down and abandoning module LinuxNoEditorTargetPlatform (121)
[2019.03.08-17.51.22:997][601]LogModuleManager: Shutting down and abandoning module LinuxClientTargetPlatform (119)
[2019.03.08-17.51.22:997][601]LogModuleManager: Shutting down and abandoning module TVOSTargetPlatform (117)
[2019.03.08-17.51.22:998][601]LogModuleManager: Shutting down and abandoning module Messaging (115)
[2019.03.08-17.51.22:999][601]LogModuleManager: Shutting down and abandoning module IOSTargetPlatform (113)
[2019.03.08-17.51.23:000][601]LogModuleManager: Shutting down and abandoning module HTML5TargetPlatform (111)
[2019.03.08-17.51.23:000][601]LogModuleManager: Shutting down and abandoning module AndroidTargetPlatform (109)
[2019.03.08-17.51.23:010][601]LogModuleManager: Shutting down and abandoning module WindowsTargetPlatform (107)
[2019.03.08-17.51.23:010][601]LogModuleManager: Shutting down and abandoning module WindowsServerTargetPlatform (105)
[2019.03.08-17.51.23:010][601]LogModuleManager: Shutting down and abandoning module WindowsNoEditorTargetPlatform (103)
[2019.03.08-17.51.23:010][601]LogModuleManager: Shutting down and abandoning module WindowsClientTargetPlatform (101)
[2019.03.08-17.51.23:010][601]LogModuleManager: Shutting down and abandoning module MacTargetPlatform (99)
[2019.03.08-17.51.23:010][601]LogModuleManager: Shutting down and abandoning module MacServerTargetPlatform (97)
[2019.03.08-17.51.23:010][601]LogModuleManager: Shutting down and abandoning module MacNoEditorTargetPlatform (95)
[2019.03.08-17.51.23:010][601]LogModuleManager: Shutting down and abandoning module MacClientTargetPlatform (93)
[2019.03.08-17.51.23:010][601]LogModuleManager: Shutting down and abandoning module AllDesktopTargetPlatform (91)
[2019.03.08-17.51.23:010][601]LogModuleManager: Shutting down and abandoning module InputCore (88)
[2019.03.08-17.51.23:010][601]LogModuleManager: Shutting down and abandoning module Settings (86)
[2019.03.08-17.51.23:010][601]LogModuleManager: Shutting down and abandoning module PhysXCooking (84)
[2019.03.08-17.51.23:010][601]LogModuleManager: Shutting down and abandoning module SteamVR (82)
[2019.03.08-17.51.23:010][601]LogModuleManager: Shutting down and abandoning module OculusHMD (80)
[2019.03.08-17.51.23:010][601]LogModuleManager: Shutting down and abandoning module ExampleDeviceProfileSelector (78)
[2019.03.08-17.51.23:010][601]LogModuleManager: Shutting down and abandoning module LauncherChunkInstaller (76)
[2019.03.08-17.51.23:010][601]LogModuleManager: Shutting down and abandoning module OnlineBlueprintSupport (74)
[2019.03.08-17.51.23:010][601]LogModuleManager: Shutting down and abandoning module OnlineSubsystem (70)
[2019.03.08-17.51.23:011][601]LogModuleManager: Shutting down and abandoning module XMPP (65)
[2019.03.08-17.51.23:012][601]LogModuleManager: Shutting down and abandoning module WebSockets (64)
[2019.03.08-17.51.23:021][601]LogModuleManager: Shutting down and abandoning module HTTP (61)
[2019.03.08-17.51.23:021][601]LogHttp: Display: Http module shutting down, but needs to wait on 1 outstanding Http requests:
[2019.03.08-17.51.23:021][601]LogHttp: Display: 	verb=[POST] url=[https://datarouter.ol.epicgames.com/datarouter/api/v1/public/data?SessionID=%7BFFF091FD-4F97-4F06-3F89-BBB8BD64DE52%7D&AppID=UEEditor.Rocket.Release&AppVersion=4.20.3-4369336%2B%2B%2BUE4%2BRelease-4.20&UserID=ed459e0b44e970fe877693a2d234aff9%7C47545c2e30d646d3a8d532d986037bc3%7C27107fed-4707-4d16-bf42-70fadb26eca9&AppEnvironment=datacollector-binary&UploadType=eteventstream] status=Processing
[2019.03.08-17.51.23:043][601]LogModuleManager: Shutting down and abandoning module SSL (60)
[2019.03.08-17.51.23:045][601]LogModuleManager: Shutting down and abandoning module MagicLeapEmulator (56)
[2019.03.08-17.51.23:045][601]LogModuleManager: Shutting down and abandoning module MagicLeapPrivileges (54)
[2019.03.08-17.51.23:045][601]LogModuleManager: Shutting down and abandoning module MagicLeapIdentity (52)
[2019.03.08-17.51.23:045][601]LogModuleManager: Shutting down and abandoning module MagicLeapHelperVulkan (50)
[2019.03.08-17.51.23:045][601]LogModuleManager: Shutting down and abandoning module MagicLeapHelperOpenGL (48)
[2019.03.08-17.51.23:045][601]LogModuleManager: Shutting down and abandoning module MagicLeapSecureStorage (46)
[2019.03.08-17.51.23:045][601]LogModuleManager: Shutting down and abandoning module MagicLeapGestures (44)
[2019.03.08-17.51.23:045][601]LogModuleManager: Shutting down and abandoning module MagicLeapEyeTracker (42)
[2019.03.08-17.51.23:045][601]LogModuleManager: Shutting down and abandoning module MagicLeapController (40)
[2019.03.08-17.51.23:045][601]LogSlate: Slate User Destroyed.  User Index 0, Is Virtual User: 0
[2019.03.08-17.51.23:045][601]LogModuleManager: Shutting down and abandoning module MagicLeap (38)
[2019.03.08-17.51.23:045][601]LogModuleManager: Shutting down and abandoning module AnimationModifiers (36)
[2019.03.08-17.51.23:046][601]LogModuleManager: Shutting down and abandoning module PropertyEditor (35)
[2019.03.08-17.51.23:046][601]LogModuleManager: Shutting down and abandoning module AudioEditor (32)
[2019.03.08-17.51.23:046][601]LogModuleManager: Shutting down and abandoning module TextureCompressor (30)
[2019.03.08-17.51.23:047][601]LogModuleManager: Shutting down and abandoning module ShaderCore (28)
[2019.03.08-17.51.23:047][601]LogModuleManager: Shutting down and abandoning module Landscape (26)
[2019.03.08-17.51.23:047][601]LogModuleManager: Shutting down and abandoning module SlateRHIRenderer (24)
[2019.03.08-17.51.23:047][601]LogModuleManager: Shutting down and abandoning module OpenGLDrv (22)
[2019.03.08-17.51.23:048][601]LogModuleManager: Shutting down and abandoning module D3D11RHI (20)
[2019.03.08-17.51.23:048][601]LogModuleManager: Shutting down and abandoning module AnimGraphRuntime (18)
[2019.03.08-17.51.23:048][601]LogModuleManager: Shutting down and abandoning module Renderer (16)
[2019.03.08-17.51.23:048][601]LogModuleManager: Shutting down and abandoning module Engine (14)
[2019.03.08-17.51.23:048][601]LogModuleManager: Shutting down and abandoning module CoreUObject (12)
[2019.03.08-17.51.23:048][601]LogModuleManager: Shutting down and abandoning module NetworkFile (10)
[2019.03.08-17.51.23:048][601]LogModuleManager: Shutting down and abandoning module CookedIterativeFile (8)
[2019.03.08-17.51.23:048][601]LogModuleManager: Shutting down and abandoning module StreamingFile (6)
[2019.03.08-17.51.23:048][601]LogModuleManager: Shutting down and abandoning module SandboxFile (4)
[2019.03.08-17.51.23:048][601]LogModuleManager: Shutting down and abandoning module PakFile (2)
[2019.03.08-17.51.23:055][601]LogExit: Exiting.
[2019.03.08-17.51.23:064][601]Log file closed, 03/08/19 12:51:23
